Release 14.7 Map P.20131013 (nt64)
Xilinx Mapping Report File for Design 'top_for_single'

Design Information
------------------
Command Line   : map -intstyle ise -p xc7k160t-ffg676-2L -w -logic_opt off -ol
high -t 1 -xt 0 -register_duplication off -r 4 -mt off -ir off -pr off -lc off
-power off -o top_for_single_map.ncd top_for_single.ngd top_for_single.pcf 
Target Device  : xc7k160t
Target Package : ffg676
Target Speed   : -2l
Mapper Version : kintex7 -- $Revision: 1.55 $
Mapped Date    : Mon May 23 22:59:04 2016

Design Summary
--------------
Number of errors:      0
Number of warnings:   17
Slice Logic Utilization:
  Number of Slice Registers:                   110 out of 202,800    1%
    Number used as Flip Flops:                  77
    Number used as Latches:                     33
    Number used as Latch-thrus:                  0
    Number used as AND/OR logics:                0
  Number of Slice LUTs:                      1,820 out of 101,400    1%
    Number used as logic:                      727 out of 101,400    1%
      Number using O6 output only:             661
      Number using O5 output only:              14
      Number using O5 and O6:                   52
      Number used as ROM:                        0
    Number used as Memory:                   1,092 out of  35,000    3%
      Number used as Dual Port RAM:             68
        Number using O6 output only:             4
        Number using O5 output only:             0
        Number using O5 and O6:                 64
      Number used as Single Port RAM:        1,024
        Number using O6 output only:         1,024
        Number using O5 output only:             0
        Number using O5 and O6:                  0
      Number used as Shift Register:             0
    Number used exclusively as route-thrus:      1
      Number with same-slice register load:      0
      Number with same-slice carry load:         1
      Number with other load:                    0

Slice Logic Distribution:
  Number of occupied Slices:                   570 out of  25,350    2%
  Number of LUT Flip Flop pairs used:        1,820
    Number with an unused Flip Flop:         1,721 out of   1,820   94%
    Number with an unused LUT:                   0 out of   1,820    0%
    Number of fully used LUT-FF pairs:          99 out of   1,820    5%
    Number of unique control sets:              22
    Number of slice register sites lost
      to control set restrictions:              14 out of 202,800    1%

  A LUT Flip Flop pair for this architecture represents one LUT paired with
  one Flip Flop within a slice.  A control set is a unique combination of
  clock, reset, set, and enable signals for a registered element.
  The Slice Logic Distribution report is not meaningful if the design is
  over-mapped for a non-slice resource or if Placement fails.
  OVERMAPPING of BRAM resources should be ignored if the design is
  over-mapped for a non-BRAM resource or if placement fails.

IO Utilization:
  Number of bonded IOBs:                        22 out of     400    5%
    Number of LOCed IOBs:                       22 out of      22  100%

Specific Feature Utilization:
  Number of RAMB36E1/FIFO36E1s:                  0 out of     325    0%
  Number of RAMB18E1/FIFO18E1s:                  0 out of     650    0%
  Number of BUFG/BUFGCTRLs:                      3 out of      32    9%
    Number used as BUFGs:                        3
    Number used as BUFGCTRLs:                    0
  Number of IDELAYE2/IDELAYE2_FINEDELAYs:        0 out of     400    0%
  Number of ILOGICE2/ILOGICE3/ISERDESE2s:        0 out of     400    0%
  Number of ODELAYE2/ODELAYE2_FINEDELAYs:        0 out of     150    0%
  Number of OLOGICE2/OLOGICE3/OSERDESE2s:        0 out of     400    0%
  Number of PHASER_IN/PHASER_IN_PHYs:            0 out of      32    0%
  Number of PHASER_OUT/PHASER_OUT_PHYs:          0 out of      32    0%
  Number of BSCANs:                              0 out of       4    0%
  Number of BUFHCEs:                             0 out of     120    0%
  Number of BUFRs:                               0 out of      32    0%
  Number of CAPTUREs:                            0 out of       1    0%
  Number of DNA_PORTs:                           0 out of       1    0%
  Number of DSP48E1s:                            0 out of     600    0%
  Number of EFUSE_USRs:                          0 out of       1    0%
  Number of FRAME_ECCs:                          0 out of       1    0%
  Number of GTXE2_CHANNELs:                      0 out of       8    0%
  Number of GTXE2_COMMONs:                       0 out of       2    0%
  Number of IBUFDS_GTE2s:                        0 out of       4    0%
  Number of ICAPs:                               0 out of       2    0%
  Number of IDELAYCTRLs:                         0 out of       8    0%
  Number of IN_FIFOs:                            0 out of      32    0%
  Number of MMCME2_ADVs:                         0 out of       8    0%
  Number of OUT_FIFOs:                           0 out of      32    0%
  Number of PCIE_2_1s:                           0 out of       1    0%
  Number of PHASER_REFs:                         0 out of       8    0%
  Number of PHY_CONTROLs:                        0 out of       8    0%
  Number of PLLE2_ADVs:                          0 out of       8    0%
  Number of STARTUPs:                            0 out of       1    0%
  Number of XADCs:                               0 out of       1    0%

Average Fanout of Non-Clock Nets:                9.41

Peak Memory Usage:  933 MB
Total REAL time to MAP completion:  3 mins 21 secs 
Total CPU time to MAP completion:   3 mins 20 secs 

Table of Contents
-----------------
Section 1 - Errors
Section 2 - Warnings
Section 3 - Informational
Section 4 - Removed Logic Summary
Section 5 - Removed Logic
Section 6 - IOB Properties
Section 7 - RPMs
Section 8 - Guide Report
Section 9 - Area Group and Partition Summary
Section 10 - Timing Report
Section 11 - Configuration String Information
Section 12 - Control Set Information
Section 13 - Utilization by Hierarchy

Section 1 - Errors
------------------

Section 2 - Warnings
--------------------
WARNING:Place:1399 - A clock IOB / BUFGCTRL clock component pair have been found
   that are not placed at an optimal clock IOB / BUFGCTRL site pair. The clock
   IOB component <clk> is placed at site <AD10>. The corresponding BUFGCTRL
   component <clk_BUFGP/BUFG> is placed at site <BUFGCTRL_X0Y1>. The clock IO
   can use the fast path between the IOB and the Clock Buffer if the IOB is
   placed on a Clock Capable IOB site that has dedicated fast path to BUFGCTRL
   sites in its half of the device (TOP or BOTTOM). You may want to analyze why
   this problem exists and correct it. This is normally an ERROR but the
   CLOCK_DEDICATED_ROUTE constraint was applied on COMP.PIN <clk.PAD> allowing
   your design to continue. This constraint disables all clock placer rules
   related to the specified COMP.PIN. The use of this override is highly
   discouraged as it may lead to very poor timing results. It is recommended
   that this error condition be corrected in the design.
WARNING:PhysDesignRules:372 - Gated clock. Clock net XLXI_12/_n0254<2> is
   sourced by a combinatorial pin. This is not good design practice. Use the CE
   pin to control the loading of data into the flip-flop.
WARNING:PhysDesignRules:367 - The signal <XLXI_41/Mram_m11_RAMD_D1_O> is
   incomplete. The signal does not drive any load pins in the design.
WARNING:PhysDesignRules:367 - The signal <XLXI_41/Mram_m21_RAMD_D1_O> is
   incomplete. The signal does not drive any load pins in the design.
WARNING:PhysDesignRules:367 - The signal <XLXI_41/Mram_m1_RAMD_D1_O> is
   incomplete. The signal does not drive any load pins in the design.
WARNING:PhysDesignRules:367 - The signal <XLXI_41/Mram_m3_RAMD_D1_O> is
   incomplete. The signal does not drive any load pins in the design.
WARNING:PhysDesignRules:367 - The signal <XLXI_41/Mram_m12_RAMD_D1_O> is
   incomplete. The signal does not drive any load pins in the design.
WARNING:PhysDesignRules:367 - The signal <XLXI_41/Mram_m23_RAMD_D1_O> is
   incomplete. The signal does not drive any load pins in the design.
WARNING:PhysDesignRules:367 - The signal <XLXI_41/Mram_m22_RAMD_D1_O> is
   incomplete. The signal does not drive any load pins in the design.
WARNING:PhysDesignRules:367 - The signal <XLXI_41/Mram_m13_RAMD_D1_O> is
   incomplete. The signal does not drive any load pins in the design.
WARNING:PhysDesignRules:367 - The signal <XLXI_41/Mram_m4_RAMD_D1_O> is
   incomplete. The signal does not drive any load pins in the design.
WARNING:PhysDesignRules:367 - The signal <XLXI_41/Mram_m5_RAMD_D1_O> is
   incomplete. The signal does not drive any load pins in the design.
WARNING:PhysDesignRules:367 - The signal <XLXI_41/Mram_m24_RAMD_D1_O> is
   incomplete. The signal does not drive any load pins in the design.
WARNING:PhysDesignRules:367 - The signal <XLXI_41/Mram_m25_RAMD_D1_O> is
   incomplete. The signal does not drive any load pins in the design.
WARNING:PhysDesignRules:367 - The signal <XLXI_41/Mram_m14_RAMD_D1_O> is
   incomplete. The signal does not drive any load pins in the design.
WARNING:PhysDesignRules:367 - The signal <XLXI_41/Mram_m6_RAMD_D1_O> is
   incomplete. The signal does not drive any load pins in the design.
WARNING:PhysDesignRules:367 - The signal <XLXI_41/Mram_m15_RAMD_D1_O> is
   incomplete. The signal does not drive any load pins in the design.

Section 3 - Informational
-------------------------
INFO:LIT:243 - Logical network XLXI_41/Mram_m261/SPO has no load.
INFO:LIT:395 - The above info message is repeated 69 more times for the
   following (max. 5 shown):
   XLXI_41/Mram_m72/SPO,
   XLXI_41/Mram_m262/SPO,
   XLXI_41/Mram_m71/SPO,
   XLXI_41/Mram_m162/SPO,
   XLXI_41/Mram_m161/SPO
   To see the details of these info messages, please use the -detail switch.
INFO:LIT:244 - All of the single ended outputs in this design are using slew
   rate limited output drivers. The delay on speed critical single ended outputs
   can be dramatically reduced by designating them as fast outputs.
INFO:Pack:1716 - Initializing temperature to 100.000 Celsius. (default - Range:
   0.000 to 100.000 Celsius)
INFO:Pack:1720 - Initializing voltage to 0.970 Volts. (default - Range: 0.970 to
   1.030 Volts)
INFO:Map:215 - The Interim Design Summary has been generated in the MAP Report
   (.mrp).
INFO:Pack:1650 - Map created a placed design.

Section 4 - Removed Logic Summary
---------------------------------
 530 block(s) removed
 122 block(s) optimized away
 404 signal(s) removed

Section 5 - Removed Logic
-------------------------

The trimmed logic report below shows the logic removed from your design due to
sourceless or loadless signals, and VCC or ground connections.  If the removal
of a signal or symbol results in the subsequent removal of an additional signal
or symbol, the message explaining that second removal will be indented.  This
indentation will be repeated as a chain of related logic is removed.

To quickly locate the original cause for the removal of a chain of logic, look
above the place where that logic is listed in the trimming report, then locate
the lines that are least indented (begin at the leftmost edge).

Loadless block "XLXI_12/m1/XLXI_25" (XOR) removed.
 The signal "XLXI_12/m1/XLXN_83" is loadless and has been removed.
  Loadless block "XLXI_12/m1/XLXI_40/XLXI_30" (OR) removed.
   The signal "XLXI_12/m1/XLXI_40/XLXN_153" is loadless and has been removed.
    Loadless block "XLXI_12/m1/XLXI_40/XLXI_29" (AND) removed.
     The signal "XLXI_12/m1/XLXI_40/XLXN_140" is loadless and has been removed.
      Loadless block "XLXI_12/m1/XLXI_40/XLXI_24" (OR) removed.
   The signal "XLXI_12/m1/XLXI_40/XLXN_152" is loadless and has been removed.
    Loadless block "XLXI_12/m1/XLXI_40/XLXI_27" (AND) removed.
   The signal "XLXI_12/m1/XLXI_40/XLXN_151" is loadless and has been removed.
    Loadless block "XLXI_12/m1/XLXI_40/XLXI_25" (AND) removed.
   The signal "XLXI_12/m1/XLXI_40/XLXN_150" is loadless and has been removed.
    Loadless block "XLXI_12/m1/XLXI_40/XLXI_26" (AND) removed.
   The signal "XLXI_12/m1/XLXI_40/XLXN_149" is loadless and has been removed.
    Loadless block "XLXI_12/m1/XLXI_40/XLXI_28" (AND) removed.
Loadless block "XLXI_12/m1/XLXI_26" (BUF) removed.
Loadless block "XLXI_12/m1/XLXI_27/XLXI_2" (BUF) removed.
 The signal "XLXI_12/m1/XLXI_27/XLXN_6" is loadless and has been removed.
  Loadless block "XLXI_12/m1/XLXI_27/XLXI_1" (OR) removed.
Loadless block "XLXI_12/m1/XLXI_28/XLXI_2" (BUF) removed.
 The signal "XLXI_12/m1/XLXI_28/XLXN_6" is loadless and has been removed.
  Loadless block "XLXI_12/m1/XLXI_28/XLXI_1" (OR) removed.
Loadless block "XLXI_12/m1/XLXI_29/XLXI_2" (BUF) removed.
 The signal "XLXI_12/m1/XLXI_29/XLXN_6" is loadless and has been removed.
  Loadless block "XLXI_12/m1/XLXI_29/XLXI_1" (OR) removed.
Loadless block "XLXI_12/m1/XLXI_30/XLXI_2" (BUF) removed.
 The signal "XLXI_12/m1/XLXI_30/XLXN_6" is loadless and has been removed.
  Loadless block "XLXI_12/m1/XLXI_30/XLXI_1" (OR) removed.
Loadless block "XLXI_12/m1/XLXI_31/XLXI_2" (BUF) removed.
 The signal "XLXI_12/m1/XLXI_31/XLXN_6" is loadless and has been removed.
  Loadless block "XLXI_12/m1/XLXI_31/XLXI_1" (OR) removed.
Loadless block "XLXI_12/m1/XLXI_32/XLXI_2" (BUF) removed.
 The signal "XLXI_12/m1/XLXI_32/XLXN_6" is loadless and has been removed.
  Loadless block "XLXI_12/m1/XLXI_32/XLXI_1" (OR) removed.
Loadless block "XLXI_12/m1/XLXI_33/XLXI_2" (BUF) removed.
 The signal "XLXI_12/m1/XLXI_33/XLXN_6" is loadless and has been removed.
  Loadless block "XLXI_12/m1/XLXI_33/XLXI_1" (OR) removed.
Loadless block "XLXI_12/m1/XLXI_34/XLXI_2" (BUF) removed.
 The signal "XLXI_12/m1/XLXI_34/XLXN_6" is loadless and has been removed.
  Loadless block "XLXI_12/m1/XLXI_34/XLXI_1" (OR) removed.
Loadless block "XLXI_12/m1/XLXI_36/XLXI_1/XLXI_6" (OR) removed.
 The signal "XLXI_12/m1/XLXI_36/XLXI_1/XLXN_16" is loadless and has been removed.
  Loadless block "XLXI_12/m1/XLXI_36/XLXI_1/XLXI_5" (AND) removed.
 The signal "XLXI_12/m1/XLXI_36/XLXI_1/XLXN_15" is loadless and has been removed.
  Loadless block "XLXI_12/m1/XLXI_36/XLXI_1/XLXI_4" (AND) removed.
 The signal "XLXI_12/m1/XLXI_36/XLXI_1/XLXN_14" is loadless and has been removed.
  Loadless block "XLXI_12/m1/XLXI_36/XLXI_1/XLXI_3" (AND) removed.
Loadless block "XLXI_12/m1/XLXI_36/XLXI_2/XLXI_6" (OR) removed.
 The signal "XLXI_12/m1/XLXI_36/XLXI_2/XLXN_16" is loadless and has been removed.
  Loadless block "XLXI_12/m1/XLXI_36/XLXI_2/XLXI_5" (AND) removed.
 The signal "XLXI_12/m1/XLXI_36/XLXI_2/XLXN_15" is loadless and has been removed.
  Loadless block "XLXI_12/m1/XLXI_36/XLXI_2/XLXI_4" (AND) removed.
 The signal "XLXI_12/m1/XLXI_36/XLXI_2/XLXN_14" is loadless and has been removed.
  Loadless block "XLXI_12/m1/XLXI_36/XLXI_2/XLXI_3" (AND) removed.
Loadless block "XLXI_12/m1/XLXI_36/XLXI_3/XLXI_6" (OR) removed.
 The signal "XLXI_12/m1/XLXI_36/XLXI_3/XLXN_16" is loadless and has been removed.
  Loadless block "XLXI_12/m1/XLXI_36/XLXI_3/XLXI_5" (AND) removed.
 The signal "XLXI_12/m1/XLXI_36/XLXI_3/XLXN_15" is loadless and has been removed.
  Loadless block "XLXI_12/m1/XLXI_36/XLXI_3/XLXI_4" (AND) removed.
 The signal "XLXI_12/m1/XLXI_36/XLXI_3/XLXN_14" is loadless and has been removed.
  Loadless block "XLXI_12/m1/XLXI_36/XLXI_3/XLXI_3" (AND) removed.
Loadless block "XLXI_12/m1/XLXI_36/XLXI_4/XLXI_6" (OR) removed.
 The signal "XLXI_12/m1/XLXI_36/XLXI_4/XLXN_16" is loadless and has been removed.
  Loadless block "XLXI_12/m1/XLXI_36/XLXI_4/XLXI_5" (AND) removed.
 The signal "XLXI_12/m1/XLXI_36/XLXI_4/XLXN_15" is loadless and has been removed.
  Loadless block "XLXI_12/m1/XLXI_36/XLXI_4/XLXI_4" (AND) removed.
 The signal "XLXI_12/m1/XLXI_36/XLXI_4/XLXN_14" is loadless and has been removed.
  Loadless block "XLXI_12/m1/XLXI_36/XLXI_4/XLXI_3" (AND) removed.
Loadless block "XLXI_12/m1/XLXI_37/XLXI_1/XLXI_6" (OR) removed.
 The signal "XLXI_12/m1/XLXI_37/XLXI_1/XLXN_16" is loadless and has been removed.
  Loadless block "XLXI_12/m1/XLXI_37/XLXI_1/XLXI_5" (AND) removed.
 The signal "XLXI_12/m1/XLXI_37/XLXI_1/XLXN_15" is loadless and has been removed.
  Loadless block "XLXI_12/m1/XLXI_37/XLXI_1/XLXI_4" (AND) removed.
 The signal "XLXI_12/m1/XLXI_37/XLXI_1/XLXN_14" is loadless and has been removed.
  Loadless block "XLXI_12/m1/XLXI_37/XLXI_1/XLXI_3" (AND) removed.
Loadless block "XLXI_12/m1/XLXI_37/XLXI_2/XLXI_6" (OR) removed.
 The signal "XLXI_12/m1/XLXI_37/XLXI_2/XLXN_16" is loadless and has been removed.
  Loadless block "XLXI_12/m1/XLXI_37/XLXI_2/XLXI_5" (AND) removed.
 The signal "XLXI_12/m1/XLXI_37/XLXI_2/XLXN_15" is loadless and has been removed.
  Loadless block "XLXI_12/m1/XLXI_37/XLXI_2/XLXI_4" (AND) removed.
 The signal "XLXI_12/m1/XLXI_37/XLXI_2/XLXN_14" is loadless and has been removed.
  Loadless block "XLXI_12/m1/XLXI_37/XLXI_2/XLXI_3" (AND) removed.
Loadless block "XLXI_12/m1/XLXI_37/XLXI_3/XLXI_6" (OR) removed.
 The signal "XLXI_12/m1/XLXI_37/XLXI_3/XLXN_16" is loadless and has been removed.
  Loadless block "XLXI_12/m1/XLXI_37/XLXI_3/XLXI_5" (AND) removed.
 The signal "XLXI_12/m1/XLXI_37/XLXI_3/XLXN_15" is loadless and has been removed.
  Loadless block "XLXI_12/m1/XLXI_37/XLXI_3/XLXI_4" (AND) removed.
 The signal "XLXI_12/m1/XLXI_37/XLXI_3/XLXN_14" is loadless and has been removed.
  Loadless block "XLXI_12/m1/XLXI_37/XLXI_3/XLXI_3" (AND) removed.
Loadless block "XLXI_12/m1/XLXI_37/XLXI_4/XLXI_6" (OR) removed.
 The signal "XLXI_12/m1/XLXI_37/XLXI_4/XLXN_16" is loadless and has been removed.
  Loadless block "XLXI_12/m1/XLXI_37/XLXI_4/XLXI_5" (AND) removed.
 The signal "XLXI_12/m1/XLXI_37/XLXI_4/XLXN_15" is loadless and has been removed.
  Loadless block "XLXI_12/m1/XLXI_37/XLXI_4/XLXI_4" (AND) removed.
 The signal "XLXI_12/m1/XLXI_37/XLXI_4/XLXN_14" is loadless and has been removed.
  Loadless block "XLXI_12/m1/XLXI_37/XLXI_4/XLXI_3" (AND) removed.
Loadless block "XLXI_12/m1/XLXI_38/XLXI_1/XLXI_6" (OR) removed.
 The signal "XLXI_12/m1/XLXI_38/XLXI_1/XLXN_16" is loadless and has been removed.
  Loadless block "XLXI_12/m1/XLXI_38/XLXI_1/XLXI_5" (AND) removed.
 The signal "XLXI_12/m1/XLXI_38/XLXI_1/XLXN_15" is loadless and has been removed.
  Loadless block "XLXI_12/m1/XLXI_38/XLXI_1/XLXI_4" (AND) removed.
 The signal "XLXI_12/m1/XLXI_38/XLXI_1/XLXN_14" is loadless and has been removed.
  Loadless block "XLXI_12/m1/XLXI_38/XLXI_1/XLXI_3" (AND) removed.
Loadless block "XLXI_12/m1/XLXI_38/XLXI_2/XLXI_6" (OR) removed.
 The signal "XLXI_12/m1/XLXI_38/XLXI_2/XLXN_16" is loadless and has been removed.
  Loadless block "XLXI_12/m1/XLXI_38/XLXI_2/XLXI_5" (AND) removed.
 The signal "XLXI_12/m1/XLXI_38/XLXI_2/XLXN_15" is loadless and has been removed.
  Loadless block "XLXI_12/m1/XLXI_38/XLXI_2/XLXI_4" (AND) removed.
 The signal "XLXI_12/m1/XLXI_38/XLXI_2/XLXN_14" is loadless and has been removed.
  Loadless block "XLXI_12/m1/XLXI_38/XLXI_2/XLXI_3" (AND) removed.
Loadless block "XLXI_12/m1/XLXI_38/XLXI_3/XLXI_6" (OR) removed.
 The signal "XLXI_12/m1/XLXI_38/XLXI_3/XLXN_16" is loadless and has been removed.
  Loadless block "XLXI_12/m1/XLXI_38/XLXI_3/XLXI_5" (AND) removed.
 The signal "XLXI_12/m1/XLXI_38/XLXI_3/XLXN_15" is loadless and has been removed.
  Loadless block "XLXI_12/m1/XLXI_38/XLXI_3/XLXI_4" (AND) removed.
 The signal "XLXI_12/m1/XLXI_38/XLXI_3/XLXN_14" is loadless and has been removed.
  Loadless block "XLXI_12/m1/XLXI_38/XLXI_3/XLXI_3" (AND) removed.
Loadless block "XLXI_12/m1/XLXI_38/XLXI_4/XLXI_6" (OR) removed.
 The signal "XLXI_12/m1/XLXI_38/XLXI_4/XLXN_16" is loadless and has been removed.
  Loadless block "XLXI_12/m1/XLXI_38/XLXI_4/XLXI_5" (AND) removed.
 The signal "XLXI_12/m1/XLXI_38/XLXI_4/XLXN_15" is loadless and has been removed.
  Loadless block "XLXI_12/m1/XLXI_38/XLXI_4/XLXI_4" (AND) removed.
 The signal "XLXI_12/m1/XLXI_38/XLXI_4/XLXN_14" is loadless and has been removed.
  Loadless block "XLXI_12/m1/XLXI_38/XLXI_4/XLXI_3" (AND) removed.
Loadless block "XLXI_12/m1/XLXI_39/XLXI_1/XLXI_6" (OR) removed.
 The signal "XLXI_12/m1/XLXI_39/XLXI_1/XLXN_16" is loadless and has been removed.
  Loadless block "XLXI_12/m1/XLXI_39/XLXI_1/XLXI_5" (AND) removed.
 The signal "XLXI_12/m1/XLXI_39/XLXI_1/XLXN_15" is loadless and has been removed.
  Loadless block "XLXI_12/m1/XLXI_39/XLXI_1/XLXI_4" (AND) removed.
 The signal "XLXI_12/m1/XLXI_39/XLXI_1/XLXN_14" is loadless and has been removed.
  Loadless block "XLXI_12/m1/XLXI_39/XLXI_1/XLXI_3" (AND) removed.
Loadless block "XLXI_12/m1/XLXI_39/XLXI_2/XLXI_6" (OR) removed.
 The signal "XLXI_12/m1/XLXI_39/XLXI_2/XLXN_16" is loadless and has been removed.
  Loadless block "XLXI_12/m1/XLXI_39/XLXI_2/XLXI_5" (AND) removed.
 The signal "XLXI_12/m1/XLXI_39/XLXI_2/XLXN_15" is loadless and has been removed.
  Loadless block "XLXI_12/m1/XLXI_39/XLXI_2/XLXI_4" (AND) removed.
 The signal "XLXI_12/m1/XLXI_39/XLXI_2/XLXN_14" is loadless and has been removed.
  Loadless block "XLXI_12/m1/XLXI_39/XLXI_2/XLXI_3" (AND) removed.
Loadless block "XLXI_12/m1/XLXI_39/XLXI_3/XLXI_6" (OR) removed.
 The signal "XLXI_12/m1/XLXI_39/XLXI_3/XLXN_16" is loadless and has been removed.
  Loadless block "XLXI_12/m1/XLXI_39/XLXI_3/XLXI_5" (AND) removed.
 The signal "XLXI_12/m1/XLXI_39/XLXI_3/XLXN_15" is loadless and has been removed.
  Loadless block "XLXI_12/m1/XLXI_39/XLXI_3/XLXI_4" (AND) removed.
 The signal "XLXI_12/m1/XLXI_39/XLXI_3/XLXN_14" is loadless and has been removed.
  Loadless block "XLXI_12/m1/XLXI_39/XLXI_3/XLXI_3" (AND) removed.
Loadless block "XLXI_12/m1/XLXI_39/XLXI_4/XLXI_6" (OR) removed.
 The signal "XLXI_12/m1/XLXI_39/XLXI_4/XLXN_16" is loadless and has been removed.
  Loadless block "XLXI_12/m1/XLXI_39/XLXI_4/XLXI_5" (AND) removed.
 The signal "XLXI_12/m1/XLXI_39/XLXI_4/XLXN_15" is loadless and has been removed.
  Loadless block "XLXI_12/m1/XLXI_39/XLXI_4/XLXI_4" (AND) removed.
 The signal "XLXI_12/m1/XLXI_39/XLXI_4/XLXN_14" is loadless and has been removed.
  Loadless block "XLXI_12/m1/XLXI_39/XLXI_4/XLXI_3" (AND) removed.
Loadless block "XLXI_12/m1/XLXI_40/XLXI_1/XLXI_6" (OR) removed.
 The signal "XLXI_12/m1/XLXI_40/XLXI_1/XLXN_16" is loadless and has been removed.
  Loadless block "XLXI_12/m1/XLXI_40/XLXI_1/XLXI_5" (AND) removed.
 The signal "XLXI_12/m1/XLXI_40/XLXI_1/XLXN_15" is loadless and has been removed.
  Loadless block "XLXI_12/m1/XLXI_40/XLXI_1/XLXI_4" (AND) removed.
 The signal "XLXI_12/m1/XLXI_40/XLXI_1/XLXN_14" is loadless and has been removed.
  Loadless block "XLXI_12/m1/XLXI_40/XLXI_1/XLXI_3" (AND) removed.
Loadless block "XLXI_12/m1/XLXI_40/XLXI_2/XLXI_6" (OR) removed.
 The signal "XLXI_12/m1/XLXI_40/XLXI_2/XLXN_16" is loadless and has been removed.
  Loadless block "XLXI_12/m1/XLXI_40/XLXI_2/XLXI_5" (AND) removed.
 The signal "XLXI_12/m1/XLXI_40/XLXI_2/XLXN_15" is loadless and has been removed.
  Loadless block "XLXI_12/m1/XLXI_40/XLXI_2/XLXI_4" (AND) removed.
 The signal "XLXI_12/m1/XLXI_40/XLXI_2/XLXN_14" is loadless and has been removed.
  Loadless block "XLXI_12/m1/XLXI_40/XLXI_2/XLXI_3" (AND) removed.
Loadless block "XLXI_12/m1/XLXI_40/XLXI_3/XLXI_6" (OR) removed.
 The signal "XLXI_12/m1/XLXI_40/XLXI_3/XLXN_16" is loadless and has been removed.
  Loadless block "XLXI_12/m1/XLXI_40/XLXI_3/XLXI_5" (AND) removed.
 The signal "XLXI_12/m1/XLXI_40/XLXI_3/XLXN_15" is loadless and has been removed.
  Loadless block "XLXI_12/m1/XLXI_40/XLXI_3/XLXI_4" (AND) removed.
 The signal "XLXI_12/m1/XLXI_40/XLXI_3/XLXN_14" is loadless and has been removed.
  Loadless block "XLXI_12/m1/XLXI_40/XLXI_3/XLXI_3" (AND) removed.
Loadless block "XLXI_12/m1/XLXI_40/XLXI_4/XLXI_6" (OR) removed.
 The signal "XLXI_12/m1/XLXI_40/XLXI_4/XLXN_16" is loadless and has been removed.
  Loadless block "XLXI_12/m1/XLXI_40/XLXI_4/XLXI_5" (AND) removed.
 The signal "XLXI_12/m1/XLXI_40/XLXI_4/XLXN_15" is loadless and has been removed.
  Loadless block "XLXI_12/m1/XLXI_40/XLXI_4/XLXI_4" (AND) removed.
 The signal "XLXI_12/m1/XLXI_40/XLXI_4/XLXN_14" is loadless and has been removed.
  Loadless block "XLXI_12/m1/XLXI_40/XLXI_4/XLXI_3" (AND) removed.
Loadless block "XLXI_12/m1/XLXI_41/XLXI_1/XLXI_6" (OR) removed.
 The signal "XLXI_12/m1/XLXI_41/XLXI_1/XLXN_16" is loadless and has been removed.
  Loadless block "XLXI_12/m1/XLXI_41/XLXI_1/XLXI_5" (AND) removed.
 The signal "XLXI_12/m1/XLXI_41/XLXI_1/XLXN_15" is loadless and has been removed.
  Loadless block "XLXI_12/m1/XLXI_41/XLXI_1/XLXI_4" (AND) removed.
 The signal "XLXI_12/m1/XLXI_41/XLXI_1/XLXN_14" is loadless and has been removed.
  Loadless block "XLXI_12/m1/XLXI_41/XLXI_1/XLXI_3" (AND) removed.
Loadless block "XLXI_12/m1/XLXI_41/XLXI_2/XLXI_6" (OR) removed.
 The signal "XLXI_12/m1/XLXI_41/XLXI_2/XLXN_16" is loadless and has been removed.
  Loadless block "XLXI_12/m1/XLXI_41/XLXI_2/XLXI_5" (AND) removed.
 The signal "XLXI_12/m1/XLXI_41/XLXI_2/XLXN_15" is loadless and has been removed.
  Loadless block "XLXI_12/m1/XLXI_41/XLXI_2/XLXI_4" (AND) removed.
 The signal "XLXI_12/m1/XLXI_41/XLXI_2/XLXN_14" is loadless and has been removed.
  Loadless block "XLXI_12/m1/XLXI_41/XLXI_2/XLXI_3" (AND) removed.
Loadless block "XLXI_12/m1/XLXI_41/XLXI_3/XLXI_6" (OR) removed.
 The signal "XLXI_12/m1/XLXI_41/XLXI_3/XLXN_16" is loadless and has been removed.
  Loadless block "XLXI_12/m1/XLXI_41/XLXI_3/XLXI_5" (AND) removed.
 The signal "XLXI_12/m1/XLXI_41/XLXI_3/XLXN_15" is loadless and has been removed.
  Loadless block "XLXI_12/m1/XLXI_41/XLXI_3/XLXI_4" (AND) removed.
 The signal "XLXI_12/m1/XLXI_41/XLXI_3/XLXN_14" is loadless and has been removed.
  Loadless block "XLXI_12/m1/XLXI_41/XLXI_3/XLXI_3" (AND) removed.
Loadless block "XLXI_12/m1/XLXI_41/XLXI_4/XLXI_6" (OR) removed.
 The signal "XLXI_12/m1/XLXI_41/XLXI_4/XLXN_16" is loadless and has been removed.
  Loadless block "XLXI_12/m1/XLXI_41/XLXI_4/XLXI_5" (AND) removed.
 The signal "XLXI_12/m1/XLXI_41/XLXI_4/XLXN_15" is loadless and has been removed.
  Loadless block "XLXI_12/m1/XLXI_41/XLXI_4/XLXI_4" (AND) removed.
 The signal "XLXI_12/m1/XLXI_41/XLXI_4/XLXN_14" is loadless and has been removed.
  Loadless block "XLXI_12/m1/XLXI_41/XLXI_4/XLXI_3" (AND) removed.
Loadless block "XLXI_12/m1/XLXI_42/XLXI_1/XLXI_6" (OR) removed.
 The signal "XLXI_12/m1/XLXI_42/XLXI_1/XLXN_16" is loadless and has been removed.
  Loadless block "XLXI_12/m1/XLXI_42/XLXI_1/XLXI_5" (AND) removed.
 The signal "XLXI_12/m1/XLXI_42/XLXI_1/XLXN_15" is loadless and has been removed.
  Loadless block "XLXI_12/m1/XLXI_42/XLXI_1/XLXI_4" (AND) removed.
 The signal "XLXI_12/m1/XLXI_42/XLXI_1/XLXN_14" is loadless and has been removed.
  Loadless block "XLXI_12/m1/XLXI_42/XLXI_1/XLXI_3" (AND) removed.
Loadless block "XLXI_12/m1/XLXI_42/XLXI_2/XLXI_6" (OR) removed.
 The signal "XLXI_12/m1/XLXI_42/XLXI_2/XLXN_16" is loadless and has been removed.
  Loadless block "XLXI_12/m1/XLXI_42/XLXI_2/XLXI_5" (AND) removed.
 The signal "XLXI_12/m1/XLXI_42/XLXI_2/XLXN_15" is loadless and has been removed.
  Loadless block "XLXI_12/m1/XLXI_42/XLXI_2/XLXI_4" (AND) removed.
 The signal "XLXI_12/m1/XLXI_42/XLXI_2/XLXN_14" is loadless and has been removed.
  Loadless block "XLXI_12/m1/XLXI_42/XLXI_2/XLXI_3" (AND) removed.
Loadless block "XLXI_12/m1/XLXI_42/XLXI_3/XLXI_6" (OR) removed.
 The signal "XLXI_12/m1/XLXI_42/XLXI_3/XLXN_16" is loadless and has been removed.
  Loadless block "XLXI_12/m1/XLXI_42/XLXI_3/XLXI_5" (AND) removed.
 The signal "XLXI_12/m1/XLXI_42/XLXI_3/XLXN_15" is loadless and has been removed.
  Loadless block "XLXI_12/m1/XLXI_42/XLXI_3/XLXI_4" (AND) removed.
 The signal "XLXI_12/m1/XLXI_42/XLXI_3/XLXN_14" is loadless and has been removed.
  Loadless block "XLXI_12/m1/XLXI_42/XLXI_3/XLXI_3" (AND) removed.
Loadless block "XLXI_12/m1/XLXI_42/XLXI_4/XLXI_6" (OR) removed.
 The signal "XLXI_12/m1/XLXI_42/XLXI_4/XLXN_16" is loadless and has been removed.
  Loadless block "XLXI_12/m1/XLXI_42/XLXI_4/XLXI_5" (AND) removed.
 The signal "XLXI_12/m1/XLXI_42/XLXI_4/XLXN_15" is loadless and has been removed.
  Loadless block "XLXI_12/m1/XLXI_42/XLXI_4/XLXI_4" (AND) removed.
 The signal "XLXI_12/m1/XLXI_42/XLXI_4/XLXN_14" is loadless and has been removed.
  Loadless block "XLXI_12/m1/XLXI_42/XLXI_4/XLXI_3" (AND) removed.
Loadless block "XLXI_12/m1/XLXI_43/XLXI_1/XLXI_6" (OR) removed.
 The signal "XLXI_12/m1/XLXI_43/XLXI_1/XLXN_16" is loadless and has been removed.
  Loadless block "XLXI_12/m1/XLXI_43/XLXI_1/XLXI_5" (AND) removed.
 The signal "XLXI_12/m1/XLXI_43/XLXI_1/XLXN_15" is loadless and has been removed.
  Loadless block "XLXI_12/m1/XLXI_43/XLXI_1/XLXI_4" (AND) removed.
 The signal "XLXI_12/m1/XLXI_43/XLXI_1/XLXN_14" is loadless and has been removed.
  Loadless block "XLXI_12/m1/XLXI_43/XLXI_1/XLXI_3" (AND) removed.
Loadless block "XLXI_12/m1/XLXI_43/XLXI_2/XLXI_6" (OR) removed.
 The signal "XLXI_12/m1/XLXI_43/XLXI_2/XLXN_16" is loadless and has been removed.
  Loadless block "XLXI_12/m1/XLXI_43/XLXI_2/XLXI_5" (AND) removed.
 The signal "XLXI_12/m1/XLXI_43/XLXI_2/XLXN_15" is loadless and has been removed.
  Loadless block "XLXI_12/m1/XLXI_43/XLXI_2/XLXI_4" (AND) removed.
 The signal "XLXI_12/m1/XLXI_43/XLXI_2/XLXN_14" is loadless and has been removed.
  Loadless block "XLXI_12/m1/XLXI_43/XLXI_2/XLXI_3" (AND) removed.
Loadless block "XLXI_12/m1/XLXI_43/XLXI_3/XLXI_6" (OR) removed.
 The signal "XLXI_12/m1/XLXI_43/XLXI_3/XLXN_16" is loadless and has been removed.
  Loadless block "XLXI_12/m1/XLXI_43/XLXI_3/XLXI_5" (AND) removed.
 The signal "XLXI_12/m1/XLXI_43/XLXI_3/XLXN_15" is loadless and has been removed.
  Loadless block "XLXI_12/m1/XLXI_43/XLXI_3/XLXI_4" (AND) removed.
 The signal "XLXI_12/m1/XLXI_43/XLXI_3/XLXN_14" is loadless and has been removed.
  Loadless block "XLXI_12/m1/XLXI_43/XLXI_3/XLXI_3" (AND) removed.
Loadless block "XLXI_12/m1/XLXI_43/XLXI_4/XLXI_6" (OR) removed.
 The signal "XLXI_12/m1/XLXI_43/XLXI_4/XLXN_16" is loadless and has been removed.
  Loadless block "XLXI_12/m1/XLXI_43/XLXI_4/XLXI_5" (AND) removed.
 The signal "XLXI_12/m1/XLXI_43/XLXI_4/XLXN_15" is loadless and has been removed.
  Loadless block "XLXI_12/m1/XLXI_43/XLXI_4/XLXI_4" (AND) removed.
 The signal "XLXI_12/m1/XLXI_43/XLXI_4/XLXN_14" is loadless and has been removed.
  Loadless block "XLXI_12/m1/XLXI_43/XLXI_4/XLXI_3" (AND) removed.
Loadless block "XLXI_13/XLXI_25" (XOR) removed.
 The signal "XLXI_13/XLXN_83" is loadless and has been removed.
  Loadless block "XLXI_13/XLXI_40/XLXI_30" (OR) removed.
   The signal "XLXI_13/XLXI_40/XLXN_153" is loadless and has been removed.
    Loadless block "XLXI_13/XLXI_40/XLXI_29" (AND) removed.
     The signal "XLXI_13/XLXI_40/XLXN_140" is loadless and has been removed.
      Loadless block "XLXI_13/XLXI_40/XLXI_24" (OR) removed.
   The signal "XLXI_13/XLXI_40/XLXN_152" is loadless and has been removed.
    Loadless block "XLXI_13/XLXI_40/XLXI_27" (AND) removed.
   The signal "XLXI_13/XLXI_40/XLXN_151" is loadless and has been removed.
    Loadless block "XLXI_13/XLXI_40/XLXI_25" (AND) removed.
   The signal "XLXI_13/XLXI_40/XLXN_150" is loadless and has been removed.
    Loadless block "XLXI_13/XLXI_40/XLXI_26" (AND) removed.
   The signal "XLXI_13/XLXI_40/XLXN_149" is loadless and has been removed.
    Loadless block "XLXI_13/XLXI_40/XLXI_28" (AND) removed.
Loadless block "XLXI_13/XLXI_26" (BUF) removed.
Loadless block "XLXI_13/XLXI_27/XLXI_2" (BUF) removed.
 The signal "XLXI_13/XLXI_27/XLXN_6" is loadless and has been removed.
  Loadless block "XLXI_13/XLXI_27/XLXI_1" (OR) removed.
Loadless block "XLXI_13/XLXI_28/XLXI_2" (BUF) removed.
 The signal "XLXI_13/XLXI_28/XLXN_6" is loadless and has been removed.
  Loadless block "XLXI_13/XLXI_28/XLXI_1" (OR) removed.
Loadless block "XLXI_13/XLXI_29/XLXI_2" (BUF) removed.
 The signal "XLXI_13/XLXI_29/XLXN_6" is loadless and has been removed.
  Loadless block "XLXI_13/XLXI_29/XLXI_1" (OR) removed.
Loadless block "XLXI_13/XLXI_30/XLXI_2" (BUF) removed.
 The signal "XLXI_13/XLXI_30/XLXN_6" is loadless and has been removed.
  Loadless block "XLXI_13/XLXI_30/XLXI_1" (OR) removed.
Loadless block "XLXI_13/XLXI_31/XLXI_2" (BUF) removed.
 The signal "XLXI_13/XLXI_31/XLXN_6" is loadless and has been removed.
  Loadless block "XLXI_13/XLXI_31/XLXI_1" (OR) removed.
Loadless block "XLXI_13/XLXI_32/XLXI_2" (BUF) removed.
 The signal "XLXI_13/XLXI_32/XLXN_6" is loadless and has been removed.
  Loadless block "XLXI_13/XLXI_32/XLXI_1" (OR) removed.
Loadless block "XLXI_13/XLXI_33/XLXI_2" (BUF) removed.
 The signal "XLXI_13/XLXI_33/XLXN_6" is loadless and has been removed.
  Loadless block "XLXI_13/XLXI_33/XLXI_1" (OR) removed.
Loadless block "XLXI_13/XLXI_34/XLXI_2" (BUF) removed.
 The signal "XLXI_13/XLXI_34/XLXN_6" is loadless and has been removed.
  Loadless block "XLXI_13/XLXI_34/XLXI_1" (OR) removed.
Loadless block "XLXI_13/XLXI_36/XLXI_1/XLXI_6" (OR) removed.
 The signal "XLXI_13/XLXI_36/XLXI_1/XLXN_16" is loadless and has been removed.
  Loadless block "XLXI_13/XLXI_36/XLXI_1/XLXI_5" (AND) removed.
 The signal "XLXI_13/XLXI_36/XLXI_1/XLXN_15" is loadless and has been removed.
  Loadless block "XLXI_13/XLXI_36/XLXI_1/XLXI_4" (AND) removed.
 The signal "XLXI_13/XLXI_36/XLXI_1/XLXN_14" is loadless and has been removed.
  Loadless block "XLXI_13/XLXI_36/XLXI_1/XLXI_3" (AND) removed.
Loadless block "XLXI_13/XLXI_36/XLXI_2/XLXI_6" (OR) removed.
 The signal "XLXI_13/XLXI_36/XLXI_2/XLXN_16" is loadless and has been removed.
  Loadless block "XLXI_13/XLXI_36/XLXI_2/XLXI_5" (AND) removed.
 The signal "XLXI_13/XLXI_36/XLXI_2/XLXN_15" is loadless and has been removed.
  Loadless block "XLXI_13/XLXI_36/XLXI_2/XLXI_4" (AND) removed.
 The signal "XLXI_13/XLXI_36/XLXI_2/XLXN_14" is loadless and has been removed.
  Loadless block "XLXI_13/XLXI_36/XLXI_2/XLXI_3" (AND) removed.
Loadless block "XLXI_13/XLXI_36/XLXI_3/XLXI_6" (OR) removed.
 The signal "XLXI_13/XLXI_36/XLXI_3/XLXN_16" is loadless and has been removed.
  Loadless block "XLXI_13/XLXI_36/XLXI_3/XLXI_5" (AND) removed.
 The signal "XLXI_13/XLXI_36/XLXI_3/XLXN_15" is loadless and has been removed.
  Loadless block "XLXI_13/XLXI_36/XLXI_3/XLXI_4" (AND) removed.
 The signal "XLXI_13/XLXI_36/XLXI_3/XLXN_14" is loadless and has been removed.
  Loadless block "XLXI_13/XLXI_36/XLXI_3/XLXI_3" (AND) removed.
Loadless block "XLXI_13/XLXI_36/XLXI_4/XLXI_6" (OR) removed.
 The signal "XLXI_13/XLXI_36/XLXI_4/XLXN_16" is loadless and has been removed.
  Loadless block "XLXI_13/XLXI_36/XLXI_4/XLXI_5" (AND) removed.
 The signal "XLXI_13/XLXI_36/XLXI_4/XLXN_15" is loadless and has been removed.
  Loadless block "XLXI_13/XLXI_36/XLXI_4/XLXI_4" (AND) removed.
 The signal "XLXI_13/XLXI_36/XLXI_4/XLXN_14" is loadless and has been removed.
  Loadless block "XLXI_13/XLXI_36/XLXI_4/XLXI_3" (AND) removed.
Loadless block "XLXI_13/XLXI_37/XLXI_1/XLXI_6" (OR) removed.
 The signal "XLXI_13/XLXI_37/XLXI_1/XLXN_16" is loadless and has been removed.
  Loadless block "XLXI_13/XLXI_37/XLXI_1/XLXI_5" (AND) removed.
 The signal "XLXI_13/XLXI_37/XLXI_1/XLXN_15" is loadless and has been removed.
  Loadless block "XLXI_13/XLXI_37/XLXI_1/XLXI_4" (AND) removed.
 The signal "XLXI_13/XLXI_37/XLXI_1/XLXN_14" is loadless and has been removed.
  Loadless block "XLXI_13/XLXI_37/XLXI_1/XLXI_3" (AND) removed.
Loadless block "XLXI_13/XLXI_37/XLXI_2/XLXI_6" (OR) removed.
 The signal "XLXI_13/XLXI_37/XLXI_2/XLXN_16" is loadless and has been removed.
  Loadless block "XLXI_13/XLXI_37/XLXI_2/XLXI_5" (AND) removed.
 The signal "XLXI_13/XLXI_37/XLXI_2/XLXN_15" is loadless and has been removed.
  Loadless block "XLXI_13/XLXI_37/XLXI_2/XLXI_4" (AND) removed.
 The signal "XLXI_13/XLXI_37/XLXI_2/XLXN_14" is loadless and has been removed.
  Loadless block "XLXI_13/XLXI_37/XLXI_2/XLXI_3" (AND) removed.
Loadless block "XLXI_13/XLXI_37/XLXI_3/XLXI_6" (OR) removed.
 The signal "XLXI_13/XLXI_37/XLXI_3/XLXN_16" is loadless and has been removed.
  Loadless block "XLXI_13/XLXI_37/XLXI_3/XLXI_5" (AND) removed.
 The signal "XLXI_13/XLXI_37/XLXI_3/XLXN_15" is loadless and has been removed.
  Loadless block "XLXI_13/XLXI_37/XLXI_3/XLXI_4" (AND) removed.
 The signal "XLXI_13/XLXI_37/XLXI_3/XLXN_14" is loadless and has been removed.
  Loadless block "XLXI_13/XLXI_37/XLXI_3/XLXI_3" (AND) removed.
Loadless block "XLXI_13/XLXI_37/XLXI_4/XLXI_6" (OR) removed.
 The signal "XLXI_13/XLXI_37/XLXI_4/XLXN_16" is loadless and has been removed.
  Loadless block "XLXI_13/XLXI_37/XLXI_4/XLXI_5" (AND) removed.
 The signal "XLXI_13/XLXI_37/XLXI_4/XLXN_15" is loadless and has been removed.
  Loadless block "XLXI_13/XLXI_37/XLXI_4/XLXI_4" (AND) removed.
 The signal "XLXI_13/XLXI_37/XLXI_4/XLXN_14" is loadless and has been removed.
  Loadless block "XLXI_13/XLXI_37/XLXI_4/XLXI_3" (AND) removed.
Loadless block "XLXI_13/XLXI_38/XLXI_1/XLXI_6" (OR) removed.
 The signal "XLXI_13/XLXI_38/XLXI_1/XLXN_16" is loadless and has been removed.
  Loadless block "XLXI_13/XLXI_38/XLXI_1/XLXI_5" (AND) removed.
 The signal "XLXI_13/XLXI_38/XLXI_1/XLXN_15" is loadless and has been removed.
  Loadless block "XLXI_13/XLXI_38/XLXI_1/XLXI_4" (AND) removed.
 The signal "XLXI_13/XLXI_38/XLXI_1/XLXN_14" is loadless and has been removed.
  Loadless block "XLXI_13/XLXI_38/XLXI_1/XLXI_3" (AND) removed.
Loadless block "XLXI_13/XLXI_38/XLXI_2/XLXI_6" (OR) removed.
 The signal "XLXI_13/XLXI_38/XLXI_2/XLXN_16" is loadless and has been removed.
  Loadless block "XLXI_13/XLXI_38/XLXI_2/XLXI_5" (AND) removed.
 The signal "XLXI_13/XLXI_38/XLXI_2/XLXN_15" is loadless and has been removed.
  Loadless block "XLXI_13/XLXI_38/XLXI_2/XLXI_4" (AND) removed.
 The signal "XLXI_13/XLXI_38/XLXI_2/XLXN_14" is loadless and has been removed.
  Loadless block "XLXI_13/XLXI_38/XLXI_2/XLXI_3" (AND) removed.
Loadless block "XLXI_13/XLXI_38/XLXI_3/XLXI_6" (OR) removed.
 The signal "XLXI_13/XLXI_38/XLXI_3/XLXN_16" is loadless and has been removed.
  Loadless block "XLXI_13/XLXI_38/XLXI_3/XLXI_5" (AND) removed.
 The signal "XLXI_13/XLXI_38/XLXI_3/XLXN_15" is loadless and has been removed.
  Loadless block "XLXI_13/XLXI_38/XLXI_3/XLXI_4" (AND) removed.
 The signal "XLXI_13/XLXI_38/XLXI_3/XLXN_14" is loadless and has been removed.
  Loadless block "XLXI_13/XLXI_38/XLXI_3/XLXI_3" (AND) removed.
Loadless block "XLXI_13/XLXI_38/XLXI_4/XLXI_6" (OR) removed.
 The signal "XLXI_13/XLXI_38/XLXI_4/XLXN_16" is loadless and has been removed.
  Loadless block "XLXI_13/XLXI_38/XLXI_4/XLXI_5" (AND) removed.
 The signal "XLXI_13/XLXI_38/XLXI_4/XLXN_15" is loadless and has been removed.
  Loadless block "XLXI_13/XLXI_38/XLXI_4/XLXI_4" (AND) removed.
 The signal "XLXI_13/XLXI_38/XLXI_4/XLXN_14" is loadless and has been removed.
  Loadless block "XLXI_13/XLXI_38/XLXI_4/XLXI_3" (AND) removed.
Loadless block "XLXI_13/XLXI_39/XLXI_1/XLXI_6" (OR) removed.
 The signal "XLXI_13/XLXI_39/XLXI_1/XLXN_16" is loadless and has been removed.
  Loadless block "XLXI_13/XLXI_39/XLXI_1/XLXI_5" (AND) removed.
 The signal "XLXI_13/XLXI_39/XLXI_1/XLXN_15" is loadless and has been removed.
  Loadless block "XLXI_13/XLXI_39/XLXI_1/XLXI_4" (AND) removed.
 The signal "XLXI_13/XLXI_39/XLXI_1/XLXN_14" is loadless and has been removed.
  Loadless block "XLXI_13/XLXI_39/XLXI_1/XLXI_3" (AND) removed.
Loadless block "XLXI_13/XLXI_39/XLXI_2/XLXI_6" (OR) removed.
 The signal "XLXI_13/XLXI_39/XLXI_2/XLXN_16" is loadless and has been removed.
  Loadless block "XLXI_13/XLXI_39/XLXI_2/XLXI_5" (AND) removed.
 The signal "XLXI_13/XLXI_39/XLXI_2/XLXN_15" is loadless and has been removed.
  Loadless block "XLXI_13/XLXI_39/XLXI_2/XLXI_4" (AND) removed.
 The signal "XLXI_13/XLXI_39/XLXI_2/XLXN_14" is loadless and has been removed.
  Loadless block "XLXI_13/XLXI_39/XLXI_2/XLXI_3" (AND) removed.
Loadless block "XLXI_13/XLXI_39/XLXI_3/XLXI_6" (OR) removed.
 The signal "XLXI_13/XLXI_39/XLXI_3/XLXN_16" is loadless and has been removed.
  Loadless block "XLXI_13/XLXI_39/XLXI_3/XLXI_5" (AND) removed.
 The signal "XLXI_13/XLXI_39/XLXI_3/XLXN_15" is loadless and has been removed.
  Loadless block "XLXI_13/XLXI_39/XLXI_3/XLXI_4" (AND) removed.
 The signal "XLXI_13/XLXI_39/XLXI_3/XLXN_14" is loadless and has been removed.
  Loadless block "XLXI_13/XLXI_39/XLXI_3/XLXI_3" (AND) removed.
Loadless block "XLXI_13/XLXI_39/XLXI_4/XLXI_6" (OR) removed.
 The signal "XLXI_13/XLXI_39/XLXI_4/XLXN_16" is loadless and has been removed.
  Loadless block "XLXI_13/XLXI_39/XLXI_4/XLXI_5" (AND) removed.
 The signal "XLXI_13/XLXI_39/XLXI_4/XLXN_15" is loadless and has been removed.
  Loadless block "XLXI_13/XLXI_39/XLXI_4/XLXI_4" (AND) removed.
 The signal "XLXI_13/XLXI_39/XLXI_4/XLXN_14" is loadless and has been removed.
  Loadless block "XLXI_13/XLXI_39/XLXI_4/XLXI_3" (AND) removed.
Loadless block "XLXI_13/XLXI_40/XLXI_1/XLXI_6" (OR) removed.
 The signal "XLXI_13/XLXI_40/XLXI_1/XLXN_16" is loadless and has been removed.
  Loadless block "XLXI_13/XLXI_40/XLXI_1/XLXI_5" (AND) removed.
 The signal "XLXI_13/XLXI_40/XLXI_1/XLXN_15" is loadless and has been removed.
  Loadless block "XLXI_13/XLXI_40/XLXI_1/XLXI_4" (AND) removed.
 The signal "XLXI_13/XLXI_40/XLXI_1/XLXN_14" is loadless and has been removed.
  Loadless block "XLXI_13/XLXI_40/XLXI_1/XLXI_3" (AND) removed.
Loadless block "XLXI_13/XLXI_40/XLXI_2/XLXI_6" (OR) removed.
 The signal "XLXI_13/XLXI_40/XLXI_2/XLXN_16" is loadless and has been removed.
  Loadless block "XLXI_13/XLXI_40/XLXI_2/XLXI_5" (AND) removed.
 The signal "XLXI_13/XLXI_40/XLXI_2/XLXN_15" is loadless and has been removed.
  Loadless block "XLXI_13/XLXI_40/XLXI_2/XLXI_4" (AND) removed.
 The signal "XLXI_13/XLXI_40/XLXI_2/XLXN_14" is loadless and has been removed.
  Loadless block "XLXI_13/XLXI_40/XLXI_2/XLXI_3" (AND) removed.
Loadless block "XLXI_13/XLXI_40/XLXI_3/XLXI_6" (OR) removed.
 The signal "XLXI_13/XLXI_40/XLXI_3/XLXN_16" is loadless and has been removed.
  Loadless block "XLXI_13/XLXI_40/XLXI_3/XLXI_5" (AND) removed.
 The signal "XLXI_13/XLXI_40/XLXI_3/XLXN_15" is loadless and has been removed.
  Loadless block "XLXI_13/XLXI_40/XLXI_3/XLXI_4" (AND) removed.
 The signal "XLXI_13/XLXI_40/XLXI_3/XLXN_14" is loadless and has been removed.
  Loadless block "XLXI_13/XLXI_40/XLXI_3/XLXI_3" (AND) removed.
Loadless block "XLXI_13/XLXI_40/XLXI_4/XLXI_6" (OR) removed.
 The signal "XLXI_13/XLXI_40/XLXI_4/XLXN_16" is loadless and has been removed.
  Loadless block "XLXI_13/XLXI_40/XLXI_4/XLXI_5" (AND) removed.
 The signal "XLXI_13/XLXI_40/XLXI_4/XLXN_15" is loadless and has been removed.
  Loadless block "XLXI_13/XLXI_40/XLXI_4/XLXI_4" (AND) removed.
 The signal "XLXI_13/XLXI_40/XLXI_4/XLXN_14" is loadless and has been removed.
  Loadless block "XLXI_13/XLXI_40/XLXI_4/XLXI_3" (AND) removed.
Loadless block "XLXI_13/XLXI_41/XLXI_1/XLXI_6" (OR) removed.
 The signal "XLXI_13/XLXI_41/XLXI_1/XLXN_16" is loadless and has been removed.
  Loadless block "XLXI_13/XLXI_41/XLXI_1/XLXI_5" (AND) removed.
 The signal "XLXI_13/XLXI_41/XLXI_1/XLXN_15" is loadless and has been removed.
  Loadless block "XLXI_13/XLXI_41/XLXI_1/XLXI_4" (AND) removed.
 The signal "XLXI_13/XLXI_41/XLXI_1/XLXN_14" is loadless and has been removed.
  Loadless block "XLXI_13/XLXI_41/XLXI_1/XLXI_3" (AND) removed.
Loadless block "XLXI_13/XLXI_41/XLXI_2/XLXI_6" (OR) removed.
 The signal "XLXI_13/XLXI_41/XLXI_2/XLXN_16" is loadless and has been removed.
  Loadless block "XLXI_13/XLXI_41/XLXI_2/XLXI_5" (AND) removed.
 The signal "XLXI_13/XLXI_41/XLXI_2/XLXN_15" is loadless and has been removed.
  Loadless block "XLXI_13/XLXI_41/XLXI_2/XLXI_4" (AND) removed.
 The signal "XLXI_13/XLXI_41/XLXI_2/XLXN_14" is loadless and has been removed.
  Loadless block "XLXI_13/XLXI_41/XLXI_2/XLXI_3" (AND) removed.
Loadless block "XLXI_13/XLXI_41/XLXI_3/XLXI_6" (OR) removed.
 The signal "XLXI_13/XLXI_41/XLXI_3/XLXN_16" is loadless and has been removed.
  Loadless block "XLXI_13/XLXI_41/XLXI_3/XLXI_5" (AND) removed.
 The signal "XLXI_13/XLXI_41/XLXI_3/XLXN_15" is loadless and has been removed.
  Loadless block "XLXI_13/XLXI_41/XLXI_3/XLXI_4" (AND) removed.
 The signal "XLXI_13/XLXI_41/XLXI_3/XLXN_14" is loadless and has been removed.
  Loadless block "XLXI_13/XLXI_41/XLXI_3/XLXI_3" (AND) removed.
Loadless block "XLXI_13/XLXI_41/XLXI_4/XLXI_6" (OR) removed.
 The signal "XLXI_13/XLXI_41/XLXI_4/XLXN_16" is loadless and has been removed.
  Loadless block "XLXI_13/XLXI_41/XLXI_4/XLXI_5" (AND) removed.
 The signal "XLXI_13/XLXI_41/XLXI_4/XLXN_15" is loadless and has been removed.
  Loadless block "XLXI_13/XLXI_41/XLXI_4/XLXI_4" (AND) removed.
 The signal "XLXI_13/XLXI_41/XLXI_4/XLXN_14" is loadless and has been removed.
  Loadless block "XLXI_13/XLXI_41/XLXI_4/XLXI_3" (AND) removed.
Loadless block "XLXI_13/XLXI_42/XLXI_1/XLXI_6" (OR) removed.
 The signal "XLXI_13/XLXI_42/XLXI_1/XLXN_16" is loadless and has been removed.
  Loadless block "XLXI_13/XLXI_42/XLXI_1/XLXI_5" (AND) removed.
 The signal "XLXI_13/XLXI_42/XLXI_1/XLXN_15" is loadless and has been removed.
  Loadless block "XLXI_13/XLXI_42/XLXI_1/XLXI_4" (AND) removed.
 The signal "XLXI_13/XLXI_42/XLXI_1/XLXN_14" is loadless and has been removed.
  Loadless block "XLXI_13/XLXI_42/XLXI_1/XLXI_3" (AND) removed.
Loadless block "XLXI_13/XLXI_42/XLXI_2/XLXI_6" (OR) removed.
 The signal "XLXI_13/XLXI_42/XLXI_2/XLXN_16" is loadless and has been removed.
  Loadless block "XLXI_13/XLXI_42/XLXI_2/XLXI_5" (AND) removed.
 The signal "XLXI_13/XLXI_42/XLXI_2/XLXN_15" is loadless and has been removed.
  Loadless block "XLXI_13/XLXI_42/XLXI_2/XLXI_4" (AND) removed.
 The signal "XLXI_13/XLXI_42/XLXI_2/XLXN_14" is loadless and has been removed.
  Loadless block "XLXI_13/XLXI_42/XLXI_2/XLXI_3" (AND) removed.
Loadless block "XLXI_13/XLXI_42/XLXI_3/XLXI_6" (OR) removed.
 The signal "XLXI_13/XLXI_42/XLXI_3/XLXN_16" is loadless and has been removed.
  Loadless block "XLXI_13/XLXI_42/XLXI_3/XLXI_5" (AND) removed.
 The signal "XLXI_13/XLXI_42/XLXI_3/XLXN_15" is loadless and has been removed.
  Loadless block "XLXI_13/XLXI_42/XLXI_3/XLXI_4" (AND) removed.
 The signal "XLXI_13/XLXI_42/XLXI_3/XLXN_14" is loadless and has been removed.
  Loadless block "XLXI_13/XLXI_42/XLXI_3/XLXI_3" (AND) removed.
Loadless block "XLXI_13/XLXI_42/XLXI_4/XLXI_6" (OR) removed.
 The signal "XLXI_13/XLXI_42/XLXI_4/XLXN_16" is loadless and has been removed.
  Loadless block "XLXI_13/XLXI_42/XLXI_4/XLXI_5" (AND) removed.
 The signal "XLXI_13/XLXI_42/XLXI_4/XLXN_15" is loadless and has been removed.
  Loadless block "XLXI_13/XLXI_42/XLXI_4/XLXI_4" (AND) removed.
 The signal "XLXI_13/XLXI_42/XLXI_4/XLXN_14" is loadless and has been removed.
  Loadless block "XLXI_13/XLXI_42/XLXI_4/XLXI_3" (AND) removed.
Loadless block "XLXI_13/XLXI_43/XLXI_1/XLXI_6" (OR) removed.
 The signal "XLXI_13/XLXI_43/XLXI_1/XLXN_16" is loadless and has been removed.
  Loadless block "XLXI_13/XLXI_43/XLXI_1/XLXI_5" (AND) removed.
 The signal "XLXI_13/XLXI_43/XLXI_1/XLXN_15" is loadless and has been removed.
  Loadless block "XLXI_13/XLXI_43/XLXI_1/XLXI_4" (AND) removed.
 The signal "XLXI_13/XLXI_43/XLXI_1/XLXN_14" is loadless and has been removed.
  Loadless block "XLXI_13/XLXI_43/XLXI_1/XLXI_3" (AND) removed.
Loadless block "XLXI_13/XLXI_43/XLXI_2/XLXI_6" (OR) removed.
 The signal "XLXI_13/XLXI_43/XLXI_2/XLXN_16" is loadless and has been removed.
  Loadless block "XLXI_13/XLXI_43/XLXI_2/XLXI_5" (AND) removed.
 The signal "XLXI_13/XLXI_43/XLXI_2/XLXN_15" is loadless and has been removed.
  Loadless block "XLXI_13/XLXI_43/XLXI_2/XLXI_4" (AND) removed.
 The signal "XLXI_13/XLXI_43/XLXI_2/XLXN_14" is loadless and has been removed.
  Loadless block "XLXI_13/XLXI_43/XLXI_2/XLXI_3" (AND) removed.
Loadless block "XLXI_13/XLXI_43/XLXI_3/XLXI_6" (OR) removed.
 The signal "XLXI_13/XLXI_43/XLXI_3/XLXN_16" is loadless and has been removed.
  Loadless block "XLXI_13/XLXI_43/XLXI_3/XLXI_5" (AND) removed.
 The signal "XLXI_13/XLXI_43/XLXI_3/XLXN_15" is loadless and has been removed.
  Loadless block "XLXI_13/XLXI_43/XLXI_3/XLXI_4" (AND) removed.
 The signal "XLXI_13/XLXI_43/XLXI_3/XLXN_14" is loadless and has been removed.
  Loadless block "XLXI_13/XLXI_43/XLXI_3/XLXI_3" (AND) removed.
Loadless block "XLXI_13/XLXI_43/XLXI_4/XLXI_6" (OR) removed.
 The signal "XLXI_13/XLXI_43/XLXI_4/XLXN_16" is loadless and has been removed.
  Loadless block "XLXI_13/XLXI_43/XLXI_4/XLXI_5" (AND) removed.
 The signal "XLXI_13/XLXI_43/XLXI_4/XLXN_15" is loadless and has been removed.
  Loadless block "XLXI_13/XLXI_43/XLXI_4/XLXI_4" (AND) removed.
 The signal "XLXI_13/XLXI_43/XLXI_4/XLXN_14" is loadless and has been removed.
  Loadless block "XLXI_13/XLXI_43/XLXI_4/XLXI_3" (AND) removed.
Loadless block "XLXI_19/XLXI_25" (XOR) removed.
 The signal "XLXI_19/XLXN_83" is loadless and has been removed.
  Loadless block "XLXI_19/XLXI_40/XLXI_30" (OR) removed.
   The signal "XLXI_19/XLXI_40/XLXN_153" is loadless and has been removed.
    Loadless block "XLXI_19/XLXI_40/XLXI_29" (AND) removed.
     The signal "XLXI_19/XLXI_40/XLXN_140" is loadless and has been removed.
      Loadless block "XLXI_19/XLXI_40/XLXI_24" (OR) removed.
   The signal "XLXI_19/XLXI_40/XLXN_152" is loadless and has been removed.
    Loadless block "XLXI_19/XLXI_40/XLXI_27" (AND) removed.
   The signal "XLXI_19/XLXI_40/XLXN_151" is loadless and has been removed.
    Loadless block "XLXI_19/XLXI_40/XLXI_25" (AND) removed.
   The signal "XLXI_19/XLXI_40/XLXN_150" is loadless and has been removed.
    Loadless block "XLXI_19/XLXI_40/XLXI_26" (AND) removed.
   The signal "XLXI_19/XLXI_40/XLXN_149" is loadless and has been removed.
    Loadless block "XLXI_19/XLXI_40/XLXI_28" (AND) removed.
Loadless block "XLXI_19/XLXI_26" (BUF) removed.
Loadless block "XLXI_19/XLXI_27/XLXI_2" (BUF) removed.
 The signal "XLXI_19/XLXI_27/XLXN_6" is loadless and has been removed.
  Loadless block "XLXI_19/XLXI_27/XLXI_1" (OR) removed.
Loadless block "XLXI_19/XLXI_28/XLXI_2" (BUF) removed.
 The signal "XLXI_19/XLXI_28/XLXN_6" is loadless and has been removed.
  Loadless block "XLXI_19/XLXI_28/XLXI_1" (OR) removed.
Loadless block "XLXI_19/XLXI_29/XLXI_2" (BUF) removed.
 The signal "XLXI_19/XLXI_29/XLXN_6" is loadless and has been removed.
  Loadless block "XLXI_19/XLXI_29/XLXI_1" (OR) removed.
   The signal "XLXN_46<0>" is loadless and has been removed.
    Loadless block "XLXI_19/XLXI_36/XLXI_4/XLXI_2" (XOR) removed.
     The signal "XLXI_19/XLXI_36/XLXI_4/XLXN_1" is loadless and has been removed.
      Loadless block "XLXI_19/XLXI_36/XLXI_4/XLXI_1" (XOR) removed.
   The signal "XLXN_46<1>" is loadless and has been removed.
    Loadless block "XLXI_19/XLXI_36/XLXI_1/XLXI_2" (XOR) removed.
     The signal "XLXI_19/XLXI_36/XLXN_48" is loadless and has been removed.
      Loadless block "XLXI_19/XLXI_36/XLXI_12" (OR) removed.
       The signal "XLXI_19/XLXI_36/XLXN_46" is loadless and has been removed.
        Loadless block "XLXI_19/XLXI_36/XLXI_11" (AND) removed.
     The signal "XLXI_19/XLXI_36/XLXI_1/XLXN_1" is loadless and has been removed.
      Loadless block "XLXI_19/XLXI_36/XLXI_1/XLXI_1" (XOR) removed.
Loadless block "XLXI_19/XLXI_30/XLXI_2" (BUF) removed.
 The signal "XLXI_19/XLXI_30/XLXN_6" is loadless and has been removed.
  Loadless block "XLXI_19/XLXI_30/XLXI_1" (OR) removed.
Loadless block "XLXI_19/XLXI_31/XLXI_2" (BUF) removed.
 The signal "XLXI_19/XLXI_31/XLXN_6" is loadless and has been removed.
  Loadless block "XLXI_19/XLXI_31/XLXI_1" (OR) removed.
Loadless block "XLXI_19/XLXI_32/XLXI_2" (BUF) removed.
 The signal "XLXI_19/XLXI_32/XLXN_6" is loadless and has been removed.
  Loadless block "XLXI_19/XLXI_32/XLXI_1" (OR) removed.
Loadless block "XLXI_19/XLXI_33/XLXI_2" (BUF) removed.
 The signal "XLXI_19/XLXI_33/XLXN_6" is loadless and has been removed.
  Loadless block "XLXI_19/XLXI_33/XLXI_1" (OR) removed.
Loadless block "XLXI_19/XLXI_34/XLXI_2" (BUF) removed.
 The signal "XLXI_19/XLXI_34/XLXN_6" is loadless and has been removed.
  Loadless block "XLXI_19/XLXI_34/XLXI_1" (OR) removed.
Loadless block "XLXI_19/XLXI_36/XLXI_1/XLXI_6" (OR) removed.
 The signal "XLXI_19/XLXI_36/XLXI_1/XLXN_16" is loadless and has been removed.
  Loadless block "XLXI_19/XLXI_36/XLXI_1/XLXI_5" (AND) removed.
 The signal "XLXI_19/XLXI_36/XLXI_1/XLXN_15" is loadless and has been removed.
  Loadless block "XLXI_19/XLXI_36/XLXI_1/XLXI_4" (AND) removed.
 The signal "XLXI_19/XLXI_36/XLXI_1/XLXN_14" is loadless and has been removed.
  Loadless block "XLXI_19/XLXI_36/XLXI_1/XLXI_3" (AND) removed.
Loadless block "XLXI_19/XLXI_36/XLXI_2/XLXI_6" (OR) removed.
 The signal "XLXI_19/XLXI_36/XLXI_2/XLXN_16" is loadless and has been removed.
  Loadless block "XLXI_19/XLXI_36/XLXI_2/XLXI_5" (AND) removed.
 The signal "XLXI_19/XLXI_36/XLXI_2/XLXN_15" is loadless and has been removed.
  Loadless block "XLXI_19/XLXI_36/XLXI_2/XLXI_4" (AND) removed.
 The signal "XLXI_19/XLXI_36/XLXI_2/XLXN_14" is loadless and has been removed.
  Loadless block "XLXI_19/XLXI_36/XLXI_2/XLXI_3" (AND) removed.
Loadless block "XLXI_19/XLXI_36/XLXI_3/XLXI_6" (OR) removed.
 The signal "XLXI_19/XLXI_36/XLXI_3/XLXN_16" is loadless and has been removed.
  Loadless block "XLXI_19/XLXI_36/XLXI_3/XLXI_5" (AND) removed.
 The signal "XLXI_19/XLXI_36/XLXI_3/XLXN_15" is loadless and has been removed.
  Loadless block "XLXI_19/XLXI_36/XLXI_3/XLXI_4" (AND) removed.
 The signal "XLXI_19/XLXI_36/XLXI_3/XLXN_14" is loadless and has been removed.
  Loadless block "XLXI_19/XLXI_36/XLXI_3/XLXI_3" (AND) removed.
Loadless block "XLXI_19/XLXI_36/XLXI_4/XLXI_6" (OR) removed.
 The signal "XLXI_19/XLXI_36/XLXI_4/XLXN_16" is loadless and has been removed.
  Loadless block "XLXI_19/XLXI_36/XLXI_4/XLXI_5" (AND) removed.
 The signal "XLXI_19/XLXI_36/XLXI_4/XLXN_15" is loadless and has been removed.
  Loadless block "XLXI_19/XLXI_36/XLXI_4/XLXI_4" (AND) removed.
 The signal "XLXI_19/XLXI_36/XLXI_4/XLXN_14" is loadless and has been removed.
  Loadless block "XLXI_19/XLXI_36/XLXI_4/XLXI_3" (AND) removed.
Loadless block "XLXI_19/XLXI_37/XLXI_1/XLXI_6" (OR) removed.
 The signal "XLXI_19/XLXI_37/XLXI_1/XLXN_16" is loadless and has been removed.
  Loadless block "XLXI_19/XLXI_37/XLXI_1/XLXI_5" (AND) removed.
 The signal "XLXI_19/XLXI_37/XLXI_1/XLXN_15" is loadless and has been removed.
  Loadless block "XLXI_19/XLXI_37/XLXI_1/XLXI_4" (AND) removed.
 The signal "XLXI_19/XLXI_37/XLXI_1/XLXN_14" is loadless and has been removed.
  Loadless block "XLXI_19/XLXI_37/XLXI_1/XLXI_3" (AND) removed.
Loadless block "XLXI_19/XLXI_37/XLXI_2/XLXI_6" (OR) removed.
 The signal "XLXI_19/XLXI_37/XLXI_2/XLXN_16" is loadless and has been removed.
  Loadless block "XLXI_19/XLXI_37/XLXI_2/XLXI_5" (AND) removed.
 The signal "XLXI_19/XLXI_37/XLXI_2/XLXN_15" is loadless and has been removed.
  Loadless block "XLXI_19/XLXI_37/XLXI_2/XLXI_4" (AND) removed.
 The signal "XLXI_19/XLXI_37/XLXI_2/XLXN_14" is loadless and has been removed.
  Loadless block "XLXI_19/XLXI_37/XLXI_2/XLXI_3" (AND) removed.
Loadless block "XLXI_19/XLXI_37/XLXI_3/XLXI_6" (OR) removed.
 The signal "XLXI_19/XLXI_37/XLXI_3/XLXN_16" is loadless and has been removed.
  Loadless block "XLXI_19/XLXI_37/XLXI_3/XLXI_5" (AND) removed.
 The signal "XLXI_19/XLXI_37/XLXI_3/XLXN_15" is loadless and has been removed.
  Loadless block "XLXI_19/XLXI_37/XLXI_3/XLXI_4" (AND) removed.
 The signal "XLXI_19/XLXI_37/XLXI_3/XLXN_14" is loadless and has been removed.
  Loadless block "XLXI_19/XLXI_37/XLXI_3/XLXI_3" (AND) removed.
Loadless block "XLXI_19/XLXI_37/XLXI_4/XLXI_6" (OR) removed.
 The signal "XLXI_19/XLXI_37/XLXI_4/XLXN_16" is loadless and has been removed.
  Loadless block "XLXI_19/XLXI_37/XLXI_4/XLXI_5" (AND) removed.
 The signal "XLXI_19/XLXI_37/XLXI_4/XLXN_15" is loadless and has been removed.
  Loadless block "XLXI_19/XLXI_37/XLXI_4/XLXI_4" (AND) removed.
 The signal "XLXI_19/XLXI_37/XLXI_4/XLXN_14" is loadless and has been removed.
  Loadless block "XLXI_19/XLXI_37/XLXI_4/XLXI_3" (AND) removed.
Loadless block "XLXI_19/XLXI_38/XLXI_1/XLXI_6" (OR) removed.
 The signal "XLXI_19/XLXI_38/XLXI_1/XLXN_16" is loadless and has been removed.
  Loadless block "XLXI_19/XLXI_38/XLXI_1/XLXI_5" (AND) removed.
 The signal "XLXI_19/XLXI_38/XLXI_1/XLXN_15" is loadless and has been removed.
  Loadless block "XLXI_19/XLXI_38/XLXI_1/XLXI_4" (AND) removed.
 The signal "XLXI_19/XLXI_38/XLXI_1/XLXN_14" is loadless and has been removed.
  Loadless block "XLXI_19/XLXI_38/XLXI_1/XLXI_3" (AND) removed.
Loadless block "XLXI_19/XLXI_38/XLXI_2/XLXI_6" (OR) removed.
 The signal "XLXI_19/XLXI_38/XLXI_2/XLXN_16" is loadless and has been removed.
  Loadless block "XLXI_19/XLXI_38/XLXI_2/XLXI_5" (AND) removed.
 The signal "XLXI_19/XLXI_38/XLXI_2/XLXN_15" is loadless and has been removed.
  Loadless block "XLXI_19/XLXI_38/XLXI_2/XLXI_4" (AND) removed.
 The signal "XLXI_19/XLXI_38/XLXI_2/XLXN_14" is loadless and has been removed.
  Loadless block "XLXI_19/XLXI_38/XLXI_2/XLXI_3" (AND) removed.
Loadless block "XLXI_19/XLXI_38/XLXI_3/XLXI_6" (OR) removed.
 The signal "XLXI_19/XLXI_38/XLXI_3/XLXN_16" is loadless and has been removed.
  Loadless block "XLXI_19/XLXI_38/XLXI_3/XLXI_5" (AND) removed.
 The signal "XLXI_19/XLXI_38/XLXI_3/XLXN_15" is loadless and has been removed.
  Loadless block "XLXI_19/XLXI_38/XLXI_3/XLXI_4" (AND) removed.
 The signal "XLXI_19/XLXI_38/XLXI_3/XLXN_14" is loadless and has been removed.
  Loadless block "XLXI_19/XLXI_38/XLXI_3/XLXI_3" (AND) removed.
Loadless block "XLXI_19/XLXI_38/XLXI_4/XLXI_6" (OR) removed.
 The signal "XLXI_19/XLXI_38/XLXI_4/XLXN_16" is loadless and has been removed.
  Loadless block "XLXI_19/XLXI_38/XLXI_4/XLXI_5" (AND) removed.
 The signal "XLXI_19/XLXI_38/XLXI_4/XLXN_15" is loadless and has been removed.
  Loadless block "XLXI_19/XLXI_38/XLXI_4/XLXI_4" (AND) removed.
 The signal "XLXI_19/XLXI_38/XLXI_4/XLXN_14" is loadless and has been removed.
  Loadless block "XLXI_19/XLXI_38/XLXI_4/XLXI_3" (AND) removed.
Loadless block "XLXI_19/XLXI_39/XLXI_1/XLXI_6" (OR) removed.
 The signal "XLXI_19/XLXI_39/XLXI_1/XLXN_16" is loadless and has been removed.
  Loadless block "XLXI_19/XLXI_39/XLXI_1/XLXI_5" (AND) removed.
 The signal "XLXI_19/XLXI_39/XLXI_1/XLXN_15" is loadless and has been removed.
  Loadless block "XLXI_19/XLXI_39/XLXI_1/XLXI_4" (AND) removed.
 The signal "XLXI_19/XLXI_39/XLXI_1/XLXN_14" is loadless and has been removed.
  Loadless block "XLXI_19/XLXI_39/XLXI_1/XLXI_3" (AND) removed.
Loadless block "XLXI_19/XLXI_39/XLXI_2/XLXI_6" (OR) removed.
 The signal "XLXI_19/XLXI_39/XLXI_2/XLXN_16" is loadless and has been removed.
  Loadless block "XLXI_19/XLXI_39/XLXI_2/XLXI_5" (AND) removed.
 The signal "XLXI_19/XLXI_39/XLXI_2/XLXN_15" is loadless and has been removed.
  Loadless block "XLXI_19/XLXI_39/XLXI_2/XLXI_4" (AND) removed.
 The signal "XLXI_19/XLXI_39/XLXI_2/XLXN_14" is loadless and has been removed.
  Loadless block "XLXI_19/XLXI_39/XLXI_2/XLXI_3" (AND) removed.
Loadless block "XLXI_19/XLXI_39/XLXI_3/XLXI_6" (OR) removed.
 The signal "XLXI_19/XLXI_39/XLXI_3/XLXN_16" is loadless and has been removed.
  Loadless block "XLXI_19/XLXI_39/XLXI_3/XLXI_5" (AND) removed.
 The signal "XLXI_19/XLXI_39/XLXI_3/XLXN_15" is loadless and has been removed.
  Loadless block "XLXI_19/XLXI_39/XLXI_3/XLXI_4" (AND) removed.
 The signal "XLXI_19/XLXI_39/XLXI_3/XLXN_14" is loadless and has been removed.
  Loadless block "XLXI_19/XLXI_39/XLXI_3/XLXI_3" (AND) removed.
Loadless block "XLXI_19/XLXI_39/XLXI_4/XLXI_6" (OR) removed.
 The signal "XLXI_19/XLXI_39/XLXI_4/XLXN_16" is loadless and has been removed.
  Loadless block "XLXI_19/XLXI_39/XLXI_4/XLXI_5" (AND) removed.
 The signal "XLXI_19/XLXI_39/XLXI_4/XLXN_15" is loadless and has been removed.
  Loadless block "XLXI_19/XLXI_39/XLXI_4/XLXI_4" (AND) removed.
 The signal "XLXI_19/XLXI_39/XLXI_4/XLXN_14" is loadless and has been removed.
  Loadless block "XLXI_19/XLXI_39/XLXI_4/XLXI_3" (AND) removed.
Loadless block "XLXI_19/XLXI_40/XLXI_1/XLXI_6" (OR) removed.
 The signal "XLXI_19/XLXI_40/XLXI_1/XLXN_16" is loadless and has been removed.
  Loadless block "XLXI_19/XLXI_40/XLXI_1/XLXI_5" (AND) removed.
 The signal "XLXI_19/XLXI_40/XLXI_1/XLXN_15" is loadless and has been removed.
  Loadless block "XLXI_19/XLXI_40/XLXI_1/XLXI_4" (AND) removed.
 The signal "XLXI_19/XLXI_40/XLXI_1/XLXN_14" is loadless and has been removed.
  Loadless block "XLXI_19/XLXI_40/XLXI_1/XLXI_3" (AND) removed.
Loadless block "XLXI_19/XLXI_40/XLXI_2/XLXI_6" (OR) removed.
 The signal "XLXI_19/XLXI_40/XLXI_2/XLXN_16" is loadless and has been removed.
  Loadless block "XLXI_19/XLXI_40/XLXI_2/XLXI_5" (AND) removed.
 The signal "XLXI_19/XLXI_40/XLXI_2/XLXN_15" is loadless and has been removed.
  Loadless block "XLXI_19/XLXI_40/XLXI_2/XLXI_4" (AND) removed.
 The signal "XLXI_19/XLXI_40/XLXI_2/XLXN_14" is loadless and has been removed.
  Loadless block "XLXI_19/XLXI_40/XLXI_2/XLXI_3" (AND) removed.
Loadless block "XLXI_19/XLXI_40/XLXI_3/XLXI_6" (OR) removed.
 The signal "XLXI_19/XLXI_40/XLXI_3/XLXN_16" is loadless and has been removed.
  Loadless block "XLXI_19/XLXI_40/XLXI_3/XLXI_5" (AND) removed.
 The signal "XLXI_19/XLXI_40/XLXI_3/XLXN_15" is loadless and has been removed.
  Loadless block "XLXI_19/XLXI_40/XLXI_3/XLXI_4" (AND) removed.
 The signal "XLXI_19/XLXI_40/XLXI_3/XLXN_14" is loadless and has been removed.
  Loadless block "XLXI_19/XLXI_40/XLXI_3/XLXI_3" (AND) removed.
Loadless block "XLXI_19/XLXI_40/XLXI_4/XLXI_6" (OR) removed.
 The signal "XLXI_19/XLXI_40/XLXI_4/XLXN_16" is loadless and has been removed.
  Loadless block "XLXI_19/XLXI_40/XLXI_4/XLXI_5" (AND) removed.
 The signal "XLXI_19/XLXI_40/XLXI_4/XLXN_15" is loadless and has been removed.
  Loadless block "XLXI_19/XLXI_40/XLXI_4/XLXI_4" (AND) removed.
 The signal "XLXI_19/XLXI_40/XLXI_4/XLXN_14" is loadless and has been removed.
  Loadless block "XLXI_19/XLXI_40/XLXI_4/XLXI_3" (AND) removed.
Loadless block "XLXI_19/XLXI_41/XLXI_1/XLXI_6" (OR) removed.
 The signal "XLXI_19/XLXI_41/XLXI_1/XLXN_16" is loadless and has been removed.
  Loadless block "XLXI_19/XLXI_41/XLXI_1/XLXI_5" (AND) removed.
 The signal "XLXI_19/XLXI_41/XLXI_1/XLXN_15" is loadless and has been removed.
  Loadless block "XLXI_19/XLXI_41/XLXI_1/XLXI_4" (AND) removed.
 The signal "XLXI_19/XLXI_41/XLXI_1/XLXN_14" is loadless and has been removed.
  Loadless block "XLXI_19/XLXI_41/XLXI_1/XLXI_3" (AND) removed.
Loadless block "XLXI_19/XLXI_41/XLXI_2/XLXI_6" (OR) removed.
 The signal "XLXI_19/XLXI_41/XLXI_2/XLXN_16" is loadless and has been removed.
  Loadless block "XLXI_19/XLXI_41/XLXI_2/XLXI_5" (AND) removed.
 The signal "XLXI_19/XLXI_41/XLXI_2/XLXN_15" is loadless and has been removed.
  Loadless block "XLXI_19/XLXI_41/XLXI_2/XLXI_4" (AND) removed.
 The signal "XLXI_19/XLXI_41/XLXI_2/XLXN_14" is loadless and has been removed.
  Loadless block "XLXI_19/XLXI_41/XLXI_2/XLXI_3" (AND) removed.
Loadless block "XLXI_19/XLXI_41/XLXI_3/XLXI_6" (OR) removed.
 The signal "XLXI_19/XLXI_41/XLXI_3/XLXN_16" is loadless and has been removed.
  Loadless block "XLXI_19/XLXI_41/XLXI_3/XLXI_5" (AND) removed.
 The signal "XLXI_19/XLXI_41/XLXI_3/XLXN_15" is loadless and has been removed.
  Loadless block "XLXI_19/XLXI_41/XLXI_3/XLXI_4" (AND) removed.
 The signal "XLXI_19/XLXI_41/XLXI_3/XLXN_14" is loadless and has been removed.
  Loadless block "XLXI_19/XLXI_41/XLXI_3/XLXI_3" (AND) removed.
Loadless block "XLXI_19/XLXI_41/XLXI_4/XLXI_6" (OR) removed.
 The signal "XLXI_19/XLXI_41/XLXI_4/XLXN_16" is loadless and has been removed.
  Loadless block "XLXI_19/XLXI_41/XLXI_4/XLXI_5" (AND) removed.
 The signal "XLXI_19/XLXI_41/XLXI_4/XLXN_15" is loadless and has been removed.
  Loadless block "XLXI_19/XLXI_41/XLXI_4/XLXI_4" (AND) removed.
 The signal "XLXI_19/XLXI_41/XLXI_4/XLXN_14" is loadless and has been removed.
  Loadless block "XLXI_19/XLXI_41/XLXI_4/XLXI_3" (AND) removed.
Loadless block "XLXI_19/XLXI_42/XLXI_1/XLXI_6" (OR) removed.
 The signal "XLXI_19/XLXI_42/XLXI_1/XLXN_16" is loadless and has been removed.
  Loadless block "XLXI_19/XLXI_42/XLXI_1/XLXI_5" (AND) removed.
 The signal "XLXI_19/XLXI_42/XLXI_1/XLXN_15" is loadless and has been removed.
  Loadless block "XLXI_19/XLXI_42/XLXI_1/XLXI_4" (AND) removed.
 The signal "XLXI_19/XLXI_42/XLXI_1/XLXN_14" is loadless and has been removed.
  Loadless block "XLXI_19/XLXI_42/XLXI_1/XLXI_3" (AND) removed.
Loadless block "XLXI_19/XLXI_42/XLXI_2/XLXI_6" (OR) removed.
 The signal "XLXI_19/XLXI_42/XLXI_2/XLXN_16" is loadless and has been removed.
  Loadless block "XLXI_19/XLXI_42/XLXI_2/XLXI_5" (AND) removed.
 The signal "XLXI_19/XLXI_42/XLXI_2/XLXN_15" is loadless and has been removed.
  Loadless block "XLXI_19/XLXI_42/XLXI_2/XLXI_4" (AND) removed.
 The signal "XLXI_19/XLXI_42/XLXI_2/XLXN_14" is loadless and has been removed.
  Loadless block "XLXI_19/XLXI_42/XLXI_2/XLXI_3" (AND) removed.
Loadless block "XLXI_19/XLXI_42/XLXI_3/XLXI_6" (OR) removed.
 The signal "XLXI_19/XLXI_42/XLXI_3/XLXN_16" is loadless and has been removed.
  Loadless block "XLXI_19/XLXI_42/XLXI_3/XLXI_5" (AND) removed.
 The signal "XLXI_19/XLXI_42/XLXI_3/XLXN_15" is loadless and has been removed.
  Loadless block "XLXI_19/XLXI_42/XLXI_3/XLXI_4" (AND) removed.
 The signal "XLXI_19/XLXI_42/XLXI_3/XLXN_14" is loadless and has been removed.
  Loadless block "XLXI_19/XLXI_42/XLXI_3/XLXI_3" (AND) removed.
Loadless block "XLXI_19/XLXI_42/XLXI_4/XLXI_6" (OR) removed.
 The signal "XLXI_19/XLXI_42/XLXI_4/XLXN_16" is loadless and has been removed.
  Loadless block "XLXI_19/XLXI_42/XLXI_4/XLXI_5" (AND) removed.
 The signal "XLXI_19/XLXI_42/XLXI_4/XLXN_15" is loadless and has been removed.
  Loadless block "XLXI_19/XLXI_42/XLXI_4/XLXI_4" (AND) removed.
 The signal "XLXI_19/XLXI_42/XLXI_4/XLXN_14" is loadless and has been removed.
  Loadless block "XLXI_19/XLXI_42/XLXI_4/XLXI_3" (AND) removed.
Loadless block "XLXI_19/XLXI_43/XLXI_1/XLXI_6" (OR) removed.
 The signal "XLXI_19/XLXI_43/XLXI_1/XLXN_16" is loadless and has been removed.
  Loadless block "XLXI_19/XLXI_43/XLXI_1/XLXI_5" (AND) removed.
 The signal "XLXI_19/XLXI_43/XLXI_1/XLXN_15" is loadless and has been removed.
  Loadless block "XLXI_19/XLXI_43/XLXI_1/XLXI_4" (AND) removed.
 The signal "XLXI_19/XLXI_43/XLXI_1/XLXN_14" is loadless and has been removed.
  Loadless block "XLXI_19/XLXI_43/XLXI_1/XLXI_3" (AND) removed.
Loadless block "XLXI_19/XLXI_43/XLXI_2/XLXI_6" (OR) removed.
 The signal "XLXI_19/XLXI_43/XLXI_2/XLXN_16" is loadless and has been removed.
  Loadless block "XLXI_19/XLXI_43/XLXI_2/XLXI_5" (AND) removed.
 The signal "XLXI_19/XLXI_43/XLXI_2/XLXN_15" is loadless and has been removed.
  Loadless block "XLXI_19/XLXI_43/XLXI_2/XLXI_4" (AND) removed.
 The signal "XLXI_19/XLXI_43/XLXI_2/XLXN_14" is loadless and has been removed.
  Loadless block "XLXI_19/XLXI_43/XLXI_2/XLXI_3" (AND) removed.
Loadless block "XLXI_19/XLXI_43/XLXI_3/XLXI_6" (OR) removed.
 The signal "XLXI_19/XLXI_43/XLXI_3/XLXN_16" is loadless and has been removed.
  Loadless block "XLXI_19/XLXI_43/XLXI_3/XLXI_5" (AND) removed.
 The signal "XLXI_19/XLXI_43/XLXI_3/XLXN_15" is loadless and has been removed.
  Loadless block "XLXI_19/XLXI_43/XLXI_3/XLXI_4" (AND) removed.
 The signal "XLXI_19/XLXI_43/XLXI_3/XLXN_14" is loadless and has been removed.
  Loadless block "XLXI_19/XLXI_43/XLXI_3/XLXI_3" (AND) removed.
Loadless block "XLXI_19/XLXI_43/XLXI_4/XLXI_6" (OR) removed.
 The signal "XLXI_19/XLXI_43/XLXI_4/XLXN_16" is loadless and has been removed.
  Loadless block "XLXI_19/XLXI_43/XLXI_4/XLXI_5" (AND) removed.
 The signal "XLXI_19/XLXI_43/XLXI_4/XLXN_15" is loadless and has been removed.
  Loadless block "XLXI_19/XLXI_43/XLXI_4/XLXI_4" (AND) removed.
 The signal "XLXI_19/XLXI_43/XLXI_4/XLXN_14" is loadless and has been removed.
  Loadless block "XLXI_19/XLXI_43/XLXI_4/XLXI_3" (AND) removed.
The signal
"XLXI_43/m5/U0/xst_options.dist_mem_inst/gen_sp_ram.spram_inst/qspo_int<7>" is
sourceless and has been removed.
The signal
"XLXI_43/m5/U0/xst_options.dist_mem_inst/gen_sp_ram.spram_inst/qspo_int<6>" is
sourceless and has been removed.
The signal
"XLXI_43/m5/U0/xst_options.dist_mem_inst/gen_sp_ram.spram_inst/qspo_int<5>" is
sourceless and has been removed.
The signal
"XLXI_43/m5/U0/xst_options.dist_mem_inst/gen_sp_ram.spram_inst/qspo_int<4>" is
sourceless and has been removed.
The signal
"XLXI_43/m5/U0/xst_options.dist_mem_inst/gen_sp_ram.spram_inst/qspo_int<3>" is
sourceless and has been removed.
The signal
"XLXI_43/m5/U0/xst_options.dist_mem_inst/gen_sp_ram.spram_inst/qspo_int<2>" is
sourceless and has been removed.
The signal
"XLXI_43/m5/U0/xst_options.dist_mem_inst/gen_sp_ram.spram_inst/qspo_int<1>" is
sourceless and has been removed.
The signal
"XLXI_43/m5/U0/xst_options.dist_mem_inst/gen_sp_ram.spram_inst/qspo_int<0>" is
sourceless and has been removed.
The signal
"XLXI_43/m6/U0/xst_options.dist_mem_inst/gen_sp_ram.spram_inst/qspo_int<7>" is
sourceless and has been removed.
The signal
"XLXI_43/m6/U0/xst_options.dist_mem_inst/gen_sp_ram.spram_inst/qspo_int<6>" is
sourceless and has been removed.
The signal
"XLXI_43/m6/U0/xst_options.dist_mem_inst/gen_sp_ram.spram_inst/qspo_int<5>" is
sourceless and has been removed.
The signal
"XLXI_43/m6/U0/xst_options.dist_mem_inst/gen_sp_ram.spram_inst/qspo_int<4>" is
sourceless and has been removed.
The signal
"XLXI_43/m6/U0/xst_options.dist_mem_inst/gen_sp_ram.spram_inst/qspo_int<3>" is
sourceless and has been removed.
The signal
"XLXI_43/m6/U0/xst_options.dist_mem_inst/gen_sp_ram.spram_inst/qspo_int<2>" is
sourceless and has been removed.
The signal
"XLXI_43/m6/U0/xst_options.dist_mem_inst/gen_sp_ram.spram_inst/qspo_int<1>" is
sourceless and has been removed.
The signal
"XLXI_43/m6/U0/xst_options.dist_mem_inst/gen_sp_ram.spram_inst/qspo_int<0>" is
sourceless and has been removed.
The signal
"XLXI_43/m7/U0/xst_options.dist_mem_inst/gen_sp_ram.spram_inst/qspo_int<7>" is
sourceless and has been removed.
The signal
"XLXI_43/m7/U0/xst_options.dist_mem_inst/gen_sp_ram.spram_inst/qspo_int<6>" is
sourceless and has been removed.
The signal
"XLXI_43/m7/U0/xst_options.dist_mem_inst/gen_sp_ram.spram_inst/qspo_int<5>" is
sourceless and has been removed.
The signal
"XLXI_43/m7/U0/xst_options.dist_mem_inst/gen_sp_ram.spram_inst/qspo_int<4>" is
sourceless and has been removed.
The signal
"XLXI_43/m7/U0/xst_options.dist_mem_inst/gen_sp_ram.spram_inst/qspo_int<3>" is
sourceless and has been removed.
The signal
"XLXI_43/m7/U0/xst_options.dist_mem_inst/gen_sp_ram.spram_inst/qspo_int<2>" is
sourceless and has been removed.
The signal
"XLXI_43/m7/U0/xst_options.dist_mem_inst/gen_sp_ram.spram_inst/qspo_int<1>" is
sourceless and has been removed.
The signal
"XLXI_43/m7/U0/xst_options.dist_mem_inst/gen_sp_ram.spram_inst/qspo_int<0>" is
sourceless and has been removed.
The signal
"XLXI_43/m8/U0/xst_options.dist_mem_inst/gen_sp_ram.spram_inst/qspo_int<7>" is
sourceless and has been removed.
The signal
"XLXI_43/m8/U0/xst_options.dist_mem_inst/gen_sp_ram.spram_inst/qspo_int<6>" is
sourceless and has been removed.
The signal
"XLXI_43/m8/U0/xst_options.dist_mem_inst/gen_sp_ram.spram_inst/qspo_int<5>" is
sourceless and has been removed.
The signal
"XLXI_43/m8/U0/xst_options.dist_mem_inst/gen_sp_ram.spram_inst/qspo_int<4>" is
sourceless and has been removed.
The signal
"XLXI_43/m8/U0/xst_options.dist_mem_inst/gen_sp_ram.spram_inst/qspo_int<3>" is
sourceless and has been removed.
The signal
"XLXI_43/m8/U0/xst_options.dist_mem_inst/gen_sp_ram.spram_inst/qspo_int<2>" is
sourceless and has been removed.
The signal
"XLXI_43/m8/U0/xst_options.dist_mem_inst/gen_sp_ram.spram_inst/qspo_int<1>" is
sourceless and has been removed.
The signal
"XLXI_43/m8/U0/xst_options.dist_mem_inst/gen_sp_ram.spram_inst/qspo_int<0>" is
sourceless and has been removed.
The signal
"XLXI_44/m1/U0/xst_options.dist_mem_inst/gen_sp_ram.spram_inst/qspo_int<7>" is
sourceless and has been removed.
The signal
"XLXI_44/m1/U0/xst_options.dist_mem_inst/gen_sp_ram.spram_inst/qspo_int<6>" is
sourceless and has been removed.
The signal
"XLXI_44/m1/U0/xst_options.dist_mem_inst/gen_sp_ram.spram_inst/qspo_int<5>" is
sourceless and has been removed.
The signal
"XLXI_44/m1/U0/xst_options.dist_mem_inst/gen_sp_ram.spram_inst/qspo_int<4>" is
sourceless and has been removed.
The signal
"XLXI_44/m1/U0/xst_options.dist_mem_inst/gen_sp_ram.spram_inst/qspo_int<3>" is
sourceless and has been removed.
The signal
"XLXI_44/m1/U0/xst_options.dist_mem_inst/gen_sp_ram.spram_inst/qspo_int<2>" is
sourceless and has been removed.
The signal
"XLXI_44/m1/U0/xst_options.dist_mem_inst/gen_sp_ram.spram_inst/qspo_int<1>" is
sourceless and has been removed.
The signal
"XLXI_44/m1/U0/xst_options.dist_mem_inst/gen_sp_ram.spram_inst/qspo_int<0>" is
sourceless and has been removed.
The signal
"XLXI_44/m2/U0/xst_options.dist_mem_inst/gen_sp_ram.spram_inst/qspo_int<7>" is
sourceless and has been removed.
The signal
"XLXI_44/m2/U0/xst_options.dist_mem_inst/gen_sp_ram.spram_inst/qspo_int<6>" is
sourceless and has been removed.
The signal
"XLXI_44/m2/U0/xst_options.dist_mem_inst/gen_sp_ram.spram_inst/qspo_int<5>" is
sourceless and has been removed.
The signal
"XLXI_44/m2/U0/xst_options.dist_mem_inst/gen_sp_ram.spram_inst/qspo_int<4>" is
sourceless and has been removed.
The signal
"XLXI_44/m2/U0/xst_options.dist_mem_inst/gen_sp_ram.spram_inst/qspo_int<3>" is
sourceless and has been removed.
The signal
"XLXI_44/m2/U0/xst_options.dist_mem_inst/gen_sp_ram.spram_inst/qspo_int<2>" is
sourceless and has been removed.
The signal
"XLXI_44/m2/U0/xst_options.dist_mem_inst/gen_sp_ram.spram_inst/qspo_int<1>" is
sourceless and has been removed.
The signal
"XLXI_44/m2/U0/xst_options.dist_mem_inst/gen_sp_ram.spram_inst/qspo_int<0>" is
sourceless and has been removed.
The signal
"XLXI_44/m3/U0/xst_options.dist_mem_inst/gen_sp_ram.spram_inst/qspo_int<7>" is
sourceless and has been removed.
The signal
"XLXI_44/m3/U0/xst_options.dist_mem_inst/gen_sp_ram.spram_inst/qspo_int<6>" is
sourceless and has been removed.
The signal
"XLXI_44/m3/U0/xst_options.dist_mem_inst/gen_sp_ram.spram_inst/qspo_int<5>" is
sourceless and has been removed.
The signal
"XLXI_44/m3/U0/xst_options.dist_mem_inst/gen_sp_ram.spram_inst/qspo_int<4>" is
sourceless and has been removed.
The signal
"XLXI_44/m3/U0/xst_options.dist_mem_inst/gen_sp_ram.spram_inst/qspo_int<3>" is
sourceless and has been removed.
The signal
"XLXI_44/m3/U0/xst_options.dist_mem_inst/gen_sp_ram.spram_inst/qspo_int<2>" is
sourceless and has been removed.
The signal
"XLXI_44/m3/U0/xst_options.dist_mem_inst/gen_sp_ram.spram_inst/qspo_int<1>" is
sourceless and has been removed.
The signal
"XLXI_44/m3/U0/xst_options.dist_mem_inst/gen_sp_ram.spram_inst/qspo_int<0>" is
sourceless and has been removed.
The signal
"XLXI_44/m4/U0/xst_options.dist_mem_inst/gen_sp_ram.spram_inst/qspo_int<7>" is
sourceless and has been removed.
The signal
"XLXI_44/m4/U0/xst_options.dist_mem_inst/gen_sp_ram.spram_inst/qspo_int<6>" is
sourceless and has been removed.
The signal
"XLXI_44/m4/U0/xst_options.dist_mem_inst/gen_sp_ram.spram_inst/qspo_int<5>" is
sourceless and has been removed.
The signal
"XLXI_44/m4/U0/xst_options.dist_mem_inst/gen_sp_ram.spram_inst/qspo_int<4>" is
sourceless and has been removed.
The signal
"XLXI_44/m4/U0/xst_options.dist_mem_inst/gen_sp_ram.spram_inst/qspo_int<3>" is
sourceless and has been removed.
The signal
"XLXI_44/m4/U0/xst_options.dist_mem_inst/gen_sp_ram.spram_inst/qspo_int<2>" is
sourceless and has been removed.
The signal
"XLXI_44/m4/U0/xst_options.dist_mem_inst/gen_sp_ram.spram_inst/qspo_int<1>" is
sourceless and has been removed.
The signal
"XLXI_44/m4/U0/xst_options.dist_mem_inst/gen_sp_ram.spram_inst/qspo_int<0>" is
sourceless and has been removed.

The trimmed logic reported below is either:
   1. part of a cycle
   2. part of disabled logic
   3. a side-effect of other trimmed logic

The signal "XLXI_19/XLXI_36/XLXN_142" is unused and has been removed.
 Unused block "XLXI_19/XLXI_36/XLXI_18" (OR) removed.
Unused block
"XLXI_43/m5/U0/xst_options.dist_mem_inst/gen_sp_ram.spram_inst/qspo_int_0" (FF)
removed.
Unused block
"XLXI_43/m5/U0/xst_options.dist_mem_inst/gen_sp_ram.spram_inst/qspo_int_1" (FF)
removed.
Unused block
"XLXI_43/m5/U0/xst_options.dist_mem_inst/gen_sp_ram.spram_inst/qspo_int_2" (FF)
removed.
Unused block
"XLXI_43/m5/U0/xst_options.dist_mem_inst/gen_sp_ram.spram_inst/qspo_int_3" (FF)
removed.
Unused block
"XLXI_43/m5/U0/xst_options.dist_mem_inst/gen_sp_ram.spram_inst/qspo_int_4" (FF)
removed.
Unused block
"XLXI_43/m5/U0/xst_options.dist_mem_inst/gen_sp_ram.spram_inst/qspo_int_5" (FF)
removed.
Unused block
"XLXI_43/m5/U0/xst_options.dist_mem_inst/gen_sp_ram.spram_inst/qspo_int_6" (FF)
removed.
Unused block
"XLXI_43/m5/U0/xst_options.dist_mem_inst/gen_sp_ram.spram_inst/qspo_int_7" (FF)
removed.
Unused block
"XLXI_43/m6/U0/xst_options.dist_mem_inst/gen_sp_ram.spram_inst/qspo_int_0" (FF)
removed.
Unused block
"XLXI_43/m6/U0/xst_options.dist_mem_inst/gen_sp_ram.spram_inst/qspo_int_1" (FF)
removed.
Unused block
"XLXI_43/m6/U0/xst_options.dist_mem_inst/gen_sp_ram.spram_inst/qspo_int_2" (FF)
removed.
Unused block
"XLXI_43/m6/U0/xst_options.dist_mem_inst/gen_sp_ram.spram_inst/qspo_int_3" (FF)
removed.
Unused block
"XLXI_43/m6/U0/xst_options.dist_mem_inst/gen_sp_ram.spram_inst/qspo_int_4" (FF)
removed.
Unused block
"XLXI_43/m6/U0/xst_options.dist_mem_inst/gen_sp_ram.spram_inst/qspo_int_5" (FF)
removed.
Unused block
"XLXI_43/m6/U0/xst_options.dist_mem_inst/gen_sp_ram.spram_inst/qspo_int_6" (FF)
removed.
Unused block
"XLXI_43/m6/U0/xst_options.dist_mem_inst/gen_sp_ram.spram_inst/qspo_int_7" (FF)
removed.
Unused block
"XLXI_43/m7/U0/xst_options.dist_mem_inst/gen_sp_ram.spram_inst/qspo_int_0" (FF)
removed.
Unused block
"XLXI_43/m7/U0/xst_options.dist_mem_inst/gen_sp_ram.spram_inst/qspo_int_1" (FF)
removed.
Unused block
"XLXI_43/m7/U0/xst_options.dist_mem_inst/gen_sp_ram.spram_inst/qspo_int_2" (FF)
removed.
Unused block
"XLXI_43/m7/U0/xst_options.dist_mem_inst/gen_sp_ram.spram_inst/qspo_int_3" (FF)
removed.
Unused block
"XLXI_43/m7/U0/xst_options.dist_mem_inst/gen_sp_ram.spram_inst/qspo_int_4" (FF)
removed.
Unused block
"XLXI_43/m7/U0/xst_options.dist_mem_inst/gen_sp_ram.spram_inst/qspo_int_5" (FF)
removed.
Unused block
"XLXI_43/m7/U0/xst_options.dist_mem_inst/gen_sp_ram.spram_inst/qspo_int_6" (FF)
removed.
Unused block
"XLXI_43/m7/U0/xst_options.dist_mem_inst/gen_sp_ram.spram_inst/qspo_int_7" (FF)
removed.
Unused block
"XLXI_43/m8/U0/xst_options.dist_mem_inst/gen_sp_ram.spram_inst/qspo_int_0" (FF)
removed.
Unused block
"XLXI_43/m8/U0/xst_options.dist_mem_inst/gen_sp_ram.spram_inst/qspo_int_1" (FF)
removed.
Unused block
"XLXI_43/m8/U0/xst_options.dist_mem_inst/gen_sp_ram.spram_inst/qspo_int_2" (FF)
removed.
Unused block
"XLXI_43/m8/U0/xst_options.dist_mem_inst/gen_sp_ram.spram_inst/qspo_int_3" (FF)
removed.
Unused block
"XLXI_43/m8/U0/xst_options.dist_mem_inst/gen_sp_ram.spram_inst/qspo_int_4" (FF)
removed.
Unused block
"XLXI_43/m8/U0/xst_options.dist_mem_inst/gen_sp_ram.spram_inst/qspo_int_5" (FF)
removed.
Unused block
"XLXI_43/m8/U0/xst_options.dist_mem_inst/gen_sp_ram.spram_inst/qspo_int_6" (FF)
removed.
Unused block
"XLXI_43/m8/U0/xst_options.dist_mem_inst/gen_sp_ram.spram_inst/qspo_int_7" (FF)
removed.
Unused block
"XLXI_44/m1/U0/xst_options.dist_mem_inst/gen_sp_ram.spram_inst/qspo_int_0" (FF)
removed.
Unused block
"XLXI_44/m1/U0/xst_options.dist_mem_inst/gen_sp_ram.spram_inst/qspo_int_1" (FF)
removed.
Unused block
"XLXI_44/m1/U0/xst_options.dist_mem_inst/gen_sp_ram.spram_inst/qspo_int_2" (FF)
removed.
Unused block
"XLXI_44/m1/U0/xst_options.dist_mem_inst/gen_sp_ram.spram_inst/qspo_int_3" (FF)
removed.
Unused block
"XLXI_44/m1/U0/xst_options.dist_mem_inst/gen_sp_ram.spram_inst/qspo_int_4" (FF)
removed.
Unused block
"XLXI_44/m1/U0/xst_options.dist_mem_inst/gen_sp_ram.spram_inst/qspo_int_5" (FF)
removed.
Unused block
"XLXI_44/m1/U0/xst_options.dist_mem_inst/gen_sp_ram.spram_inst/qspo_int_6" (FF)
removed.
Unused block
"XLXI_44/m1/U0/xst_options.dist_mem_inst/gen_sp_ram.spram_inst/qspo_int_7" (FF)
removed.
Unused block
"XLXI_44/m2/U0/xst_options.dist_mem_inst/gen_sp_ram.spram_inst/qspo_int_0" (FF)
removed.
Unused block
"XLXI_44/m2/U0/xst_options.dist_mem_inst/gen_sp_ram.spram_inst/qspo_int_1" (FF)
removed.
Unused block
"XLXI_44/m2/U0/xst_options.dist_mem_inst/gen_sp_ram.spram_inst/qspo_int_2" (FF)
removed.
Unused block
"XLXI_44/m2/U0/xst_options.dist_mem_inst/gen_sp_ram.spram_inst/qspo_int_3" (FF)
removed.
Unused block
"XLXI_44/m2/U0/xst_options.dist_mem_inst/gen_sp_ram.spram_inst/qspo_int_4" (FF)
removed.
Unused block
"XLXI_44/m2/U0/xst_options.dist_mem_inst/gen_sp_ram.spram_inst/qspo_int_5" (FF)
removed.
Unused block
"XLXI_44/m2/U0/xst_options.dist_mem_inst/gen_sp_ram.spram_inst/qspo_int_6" (FF)
removed.
Unused block
"XLXI_44/m2/U0/xst_options.dist_mem_inst/gen_sp_ram.spram_inst/qspo_int_7" (FF)
removed.
Unused block
"XLXI_44/m3/U0/xst_options.dist_mem_inst/gen_sp_ram.spram_inst/qspo_int_0" (FF)
removed.
Unused block
"XLXI_44/m3/U0/xst_options.dist_mem_inst/gen_sp_ram.spram_inst/qspo_int_1" (FF)
removed.
Unused block
"XLXI_44/m3/U0/xst_options.dist_mem_inst/gen_sp_ram.spram_inst/qspo_int_2" (FF)
removed.
Unused block
"XLXI_44/m3/U0/xst_options.dist_mem_inst/gen_sp_ram.spram_inst/qspo_int_3" (FF)
removed.
Unused block
"XLXI_44/m3/U0/xst_options.dist_mem_inst/gen_sp_ram.spram_inst/qspo_int_4" (FF)
removed.
Unused block
"XLXI_44/m3/U0/xst_options.dist_mem_inst/gen_sp_ram.spram_inst/qspo_int_5" (FF)
removed.
Unused block
"XLXI_44/m3/U0/xst_options.dist_mem_inst/gen_sp_ram.spram_inst/qspo_int_6" (FF)
removed.
Unused block
"XLXI_44/m3/U0/xst_options.dist_mem_inst/gen_sp_ram.spram_inst/qspo_int_7" (FF)
removed.
Unused block
"XLXI_44/m4/U0/xst_options.dist_mem_inst/gen_sp_ram.spram_inst/qspo_int_0" (FF)
removed.
Unused block
"XLXI_44/m4/U0/xst_options.dist_mem_inst/gen_sp_ram.spram_inst/qspo_int_1" (FF)
removed.
Unused block
"XLXI_44/m4/U0/xst_options.dist_mem_inst/gen_sp_ram.spram_inst/qspo_int_2" (FF)
removed.
Unused block
"XLXI_44/m4/U0/xst_options.dist_mem_inst/gen_sp_ram.spram_inst/qspo_int_3" (FF)
removed.
Unused block
"XLXI_44/m4/U0/xst_options.dist_mem_inst/gen_sp_ram.spram_inst/qspo_int_4" (FF)
removed.
Unused block
"XLXI_44/m4/U0/xst_options.dist_mem_inst/gen_sp_ram.spram_inst/qspo_int_5" (FF)
removed.
Unused block
"XLXI_44/m4/U0/xst_options.dist_mem_inst/gen_sp_ram.spram_inst/qspo_int_6" (FF)
removed.
Unused block
"XLXI_44/m4/U0/xst_options.dist_mem_inst/gen_sp_ram.spram_inst/qspo_int_7" (FF)
removed.

Optimized Block(s):
TYPE 		BLOCK
XOR2 		XLXI_13/XLXI_17/XLXI_1
XOR2 		XLXI_13/XLXI_17/XLXI_2
XOR2 		XLXI_13/XLXI_36/XLXI_1/XLXI_1
XOR2 		XLXI_13/XLXI_36/XLXI_1/XLXI_2
AND2 		XLXI_13/XLXI_36/XLXI_11
OR2 		XLXI_13/XLXI_36/XLXI_12
AND2 		XLXI_13/XLXI_36/XLXI_13
OR2 		XLXI_13/XLXI_36/XLXI_14
AND2 		XLXI_13/XLXI_36/XLXI_15
AND3 		XLXI_13/XLXI_36/XLXI_16
OR3 		XLXI_13/XLXI_36/XLXI_17
OR2 		XLXI_13/XLXI_36/XLXI_18
AND2 		XLXI_13/XLXI_36/XLXI_20
AND3 		XLXI_13/XLXI_36/XLXI_21
AND4 		XLXI_13/XLXI_36/XLXI_22
AND2 		XLXI_13/XLXI_36/XLXI_25
AND3 		XLXI_13/XLXI_36/XLXI_27
AND4 		XLXI_13/XLXI_36/XLXI_28
AND5 		XLXI_13/XLXI_36/XLXI_29
XOR2 		XLXI_13/XLXI_36/XLXI_4/XLXI_1
XOR2 		XLXI_13/XLXI_36/XLXI_4/XLXI_2
AND2 		XLXI_13/XLXI_36/XLXI_5
OR2 		XLXI_13/XLXI_36/XLXI_6
AND2 		XLXI_13/XLXI_37/XLXI_13
AND2 		XLXI_13/XLXI_37/XLXI_15
AND2 		XLXI_13/XLXI_37/XLXI_19
AND2 		XLXI_13/XLXI_37/XLXI_20
AND3 		XLXI_13/XLXI_37/XLXI_21
AND2 		XLXI_13/XLXI_37/XLXI_25
AND2 		XLXI_13/XLXI_37/XLXI_26
AND3 		XLXI_13/XLXI_37/XLXI_27
AND4 		XLXI_13/XLXI_37/XLXI_28
AND2 		XLXI_13/XLXI_37/XLXI_5
AND2 		XLXI_13/XLXI_38/XLXI_13
AND2 		XLXI_13/XLXI_38/XLXI_15
AND2 		XLXI_13/XLXI_38/XLXI_19
AND2 		XLXI_13/XLXI_38/XLXI_20
AND3 		XLXI_13/XLXI_38/XLXI_21
AND2 		XLXI_13/XLXI_38/XLXI_25
AND2 		XLXI_13/XLXI_38/XLXI_26
AND3 		XLXI_13/XLXI_38/XLXI_27
AND4 		XLXI_13/XLXI_38/XLXI_28
AND2 		XLXI_13/XLXI_38/XLXI_5
AND2 		XLXI_13/XLXI_39/XLXI_13
AND2 		XLXI_13/XLXI_39/XLXI_15
AND2 		XLXI_13/XLXI_39/XLXI_19
AND2 		XLXI_13/XLXI_39/XLXI_20
AND3 		XLXI_13/XLXI_39/XLXI_21
AND2 		XLXI_13/XLXI_39/XLXI_25
AND2 		XLXI_13/XLXI_39/XLXI_26
AND3 		XLXI_13/XLXI_39/XLXI_27
AND4 		XLXI_13/XLXI_39/XLXI_28
AND2 		XLXI_13/XLXI_39/XLXI_5
AND2 		XLXI_13/XLXI_40/XLXI_13
AND2 		XLXI_13/XLXI_40/XLXI_15
AND2 		XLXI_13/XLXI_40/XLXI_19
AND2 		XLXI_13/XLXI_40/XLXI_20
AND3 		XLXI_13/XLXI_40/XLXI_21
AND2 		XLXI_13/XLXI_40/XLXI_5
AND2 		XLXI_13/XLXI_41/XLXI_13
AND2 		XLXI_13/XLXI_41/XLXI_15
AND2 		XLXI_13/XLXI_41/XLXI_19
AND2 		XLXI_13/XLXI_41/XLXI_20
AND3 		XLXI_13/XLXI_41/XLXI_21
AND2 		XLXI_13/XLXI_41/XLXI_25
AND2 		XLXI_13/XLXI_41/XLXI_26
AND3 		XLXI_13/XLXI_41/XLXI_27
AND4 		XLXI_13/XLXI_41/XLXI_28
AND2 		XLXI_13/XLXI_41/XLXI_5
AND2 		XLXI_13/XLXI_42/XLXI_13
AND2 		XLXI_13/XLXI_42/XLXI_15
AND2 		XLXI_13/XLXI_42/XLXI_19
AND2 		XLXI_13/XLXI_42/XLXI_20
AND3 		XLXI_13/XLXI_42/XLXI_21
AND2 		XLXI_13/XLXI_42/XLXI_25
AND2 		XLXI_13/XLXI_42/XLXI_26
AND3 		XLXI_13/XLXI_42/XLXI_27
AND4 		XLXI_13/XLXI_42/XLXI_28
AND2 		XLXI_13/XLXI_42/XLXI_5
AND2 		XLXI_13/XLXI_43/XLXI_13
AND2 		XLXI_13/XLXI_43/XLXI_15
AND2 		XLXI_13/XLXI_43/XLXI_19
AND2 		XLXI_13/XLXI_43/XLXI_20
AND3 		XLXI_13/XLXI_43/XLXI_21
AND2 		XLXI_13/XLXI_43/XLXI_25
AND2 		XLXI_13/XLXI_43/XLXI_26
AND3 		XLXI_13/XLXI_43/XLXI_27
AND4 		XLXI_13/XLXI_43/XLXI_28
AND2 		XLXI_13/XLXI_43/XLXI_5
XOR2 		XLXI_19/XLXI_17/XLXI_1
XOR2 		XLXI_19/XLXI_17/XLXI_2
AND2 		XLXI_19/XLXI_36/XLXI_13
OR2 		XLXI_19/XLXI_36/XLXI_14
AND2 		XLXI_19/XLXI_36/XLXI_15
AND3 		XLXI_19/XLXI_36/XLXI_16
OR3 		XLXI_19/XLXI_36/XLXI_17
AND2 		XLXI_19/XLXI_36/XLXI_20
AND3 		XLXI_19/XLXI_36/XLXI_21
AND4 		XLXI_19/XLXI_36/XLXI_22
AND3 		XLXI_19/XLXI_36/XLXI_27
AND4 		XLXI_19/XLXI_36/XLXI_28
AND5 		XLXI_19/XLXI_36/XLXI_29
AND2 		XLXI_19/XLXI_36/XLXI_5
OR2 		XLXI_19/XLXI_36/XLXI_6
VCC 		XLXI_42
LUT3 		XLXI_44/m1/U0/xst_options.dist_mem_inst/gen_sp_ram.spram_inst/write_ctrl
   optimized to 0
LUT3 		XLXI_44/m1/U0/xst_options.dist_mem_inst/gen_sp_ram.spram_inst/write_ctrl1
   optimized to 0
LUT3 		XLXI_44/m1/U0/xst_options.dist_mem_inst/gen_sp_ram.spram_inst/write_ctrl2
   optimized to 0
LUT3 		XLXI_44/m1/U0/xst_options.dist_mem_inst/gen_sp_ram.spram_inst/write_ctrl3
   optimized to 0
LUT3 		XLXI_44/m2/U0/xst_options.dist_mem_inst/gen_sp_ram.spram_inst/write_ctrl
   optimized to 0
LUT3 		XLXI_44/m2/U0/xst_options.dist_mem_inst/gen_sp_ram.spram_inst/write_ctrl1
   optimized to 0
LUT3 		XLXI_44/m2/U0/xst_options.dist_mem_inst/gen_sp_ram.spram_inst/write_ctrl2
   optimized to 0
LUT3 		XLXI_44/m2/U0/xst_options.dist_mem_inst/gen_sp_ram.spram_inst/write_ctrl3
   optimized to 0
LUT3 		XLXI_44/m3/U0/xst_options.dist_mem_inst/gen_sp_ram.spram_inst/write_ctrl
   optimized to 0
LUT3 		XLXI_44/m3/U0/xst_options.dist_mem_inst/gen_sp_ram.spram_inst/write_ctrl1
   optimized to 0
LUT3 		XLXI_44/m3/U0/xst_options.dist_mem_inst/gen_sp_ram.spram_inst/write_ctrl2
   optimized to 0
LUT3 		XLXI_44/m3/U0/xst_options.dist_mem_inst/gen_sp_ram.spram_inst/write_ctrl3
   optimized to 0
LUT3 		XLXI_44/m4/U0/xst_options.dist_mem_inst/gen_sp_ram.spram_inst/write_ctrl
   optimized to 0
LUT3 		XLXI_44/m4/U0/xst_options.dist_mem_inst/gen_sp_ram.spram_inst/write_ctrl1
   optimized to 0
LUT3 		XLXI_44/m4/U0/xst_options.dist_mem_inst/gen_sp_ram.spram_inst/write_ctrl2
   optimized to 0
LUT3 		XLXI_44/m4/U0/xst_options.dist_mem_inst/gen_sp_ram.spram_inst/write_ctrl3
   optimized to 0
GND 		XLXI_46

To enable printing of redundant blocks removed and signals merged, set the
detailed map report option and rerun map.

Section 6 - IOB Properties
--------------------------

+---------------------------------------------------------------------------------------------------------------------------------------------------------+
| IOB Name                           | Type             | Direction | IO Standard          | Diff  | Drive    | Slew | Reg (s)      | Resistor | IOB      |
|                                    |                  |           |                      | Term  | Strength | Rate |              |          | Delay    |
+---------------------------------------------------------------------------------------------------------------------------------------------------------+
| AN<0>                              | IOB33            | OUTPUT    | LVCMOS33             |       | 12       | SLOW |              |          |          |
| AN<1>                              | IOB33            | OUTPUT    | LVCMOS33             |       | 12       | SLOW |              |          |          |
| AN<2>                              | IOB33            | OUTPUT    | LVCMOS33             |       | 12       | SLOW |              |          |          |
| AN<3>                              | IOB33            | OUTPUT    | LVCMOS33             |       | 12       | SLOW |              |          |          |
| Buzzer                             | IOB33            | OUTPUT    | LVCMOS33             |       | 12       | SLOW |              |          |          |
| SEGMENT<0>                         | IOB33            | OUTPUT    | LVCMOS33             |       | 12       | SLOW |              |          |          |
| SEGMENT<1>                         | IOB33            | OUTPUT    | LVCMOS33             |       | 12       | SLOW |              |          |          |
| SEGMENT<2>                         | IOB33            | OUTPUT    | LVCMOS33             |       | 12       | SLOW |              |          |          |
| SEGMENT<3>                         | IOB33            | OUTPUT    | LVCMOS33             |       | 12       | SLOW |              |          |          |
| SEGMENT<4>                         | IOB33            | OUTPUT    | LVCMOS33             |       | 12       | SLOW |              |          |          |
| SEGMENT<5>                         | IOB33            | OUTPUT    | LVCMOS33             |       | 12       | SLOW |              |          |          |
| SEGMENT<6>                         | IOB33            | OUTPUT    | LVCMOS33             |       | 12       | SLOW |              |          |          |
| SEGMENT<7>                         | IOB33            | OUTPUT    | LVCMOS33             |       | 12       | SLOW |              |          |          |
| SW<0>                              | IOB              | INPUT     | LVCMOS15             |       |          |      |              |          |          |
| SW<1>                              | IOB              | INPUT     | LVCMOS15             |       |          |      |              |          |          |
| SW<2>                              | IOB              | INPUT     | LVCMOS15             |       |          |      |              |          |          |
| SW<3>                              | IOB              | INPUT     | LVCMOS15             |       |          |      |              |          |          |
| SW<4>                              | IOB              | INPUT     | LVCMOS15             |       |          |      |              |          |          |
| ch                                 | IOB              | INPUT     | LVCMOS15             |       |          |      |              |          |          |
| clk                                | IOB              | INPUT     | LVCMOS15             |       |          |      |              |          |          |
| clk_100mhz                         | IOB              | INPUT     | LVCMOS18             |       |          |      |              |          |          |
| pc                                 | IOB              | INPUT     | LVCMOS15             |       |          |      |              |          |          |
+---------------------------------------------------------------------------------------------------------------------------------------------------------+

Section 7 - RPMs
----------------

Section 8 - Guide Report
------------------------
Guide not run on this design.

Section 9 - Area Group and Partition Summary
--------------------------------------------

Partition Implementation Status
-------------------------------

  No Partitions were found in this design.

-------------------------------

Area Group Information
----------------------

  No area groups were found in this design.

----------------------

Section 10 - Timing Report
--------------------------
A logic-level (pre-route) timing report can be generated by using Xilinx static
timing analysis tools, Timing Analyzer (GUI) or TRCE (command line), with the
mapped NCD and PCF files. Please note that this timing report will be generated
using estimated delay information. For accurate numbers, please generate a
timing report with the post Place and Route NCD file.

For more information about the Timing Analyzer, consult the Xilinx Timing
Analyzer Reference Manual; for more information about TRCE, consult the Xilinx
Command Line Tools User Guide "TRACE" chapter.

Section 11 - Configuration String Details
-----------------------------------------
Use the "-detail" map option to print out Configuration Strings

Section 12 - Control Set Information
------------------------------------
Use the "-detail" map option to print out Control Set Information.

Section 13 - Utilization by Hierarchy
-------------------------------------
Use the "-detail" map option to print out the Utilization by Hierarchy section.
