Release 14.7 - xst P.20131013 (nt64)
Copyright (c) 1995-2013 Xilinx, Inc.  All rights reserved.
--> Parameter TMPDIR set to xst/projnav.tmp


Total REAL time to Xst completion: 0.00 secs
Total CPU time to Xst completion: 0.15 secs
 
--> Parameter xsthdpdir set to xst


Total REAL time to Xst completion: 0.00 secs
Total CPU time to Xst completion: 0.16 secs
 
--> Reading design: top_for_multy_CPU.prj

TABLE OF CONTENTS
  1) Synthesis Options Summary
  2) HDL Parsing
  3) HDL Elaboration
  4) HDL Synthesis
       4.1) HDL Synthesis Report
  5) Advanced HDL Synthesis
       5.1) Advanced HDL Synthesis Report
  6) Low Level Synthesis
  7) Partition Report
  8) Design Summary
       8.1) Primitive and Black Box Usage
       8.2) Device utilization summary
       8.3) Partition Resource Summary
       8.4) Timing Report
            8.4.1) Clock Information
            8.4.2) Asynchronous Control Signals Information
            8.4.3) Timing Summary
            8.4.4) Timing Details
            8.4.5) Cross Clock Domains Report


=========================================================================
*                      Synthesis Options Summary                        *
=========================================================================
---- Source Parameters
Input File Name                    : "top_for_multy_CPU.prj"
Ignore Synthesis Constraint File   : NO

---- Target Parameters
Output File Name                   : "top_for_multy_CPU"
Output Format                      : NGC
Target Device                      : xc7k160t-2L-ffg676

---- Source Options
Top Module Name                    : top_for_multy_CPU
Automatic FSM Extraction           : YES
FSM Encoding Algorithm             : Auto
Safe Implementation                : No
FSM Style                          : LUT
RAM Extraction                     : Yes
RAM Style                          : Auto
ROM Extraction                     : Yes
Shift Register Extraction          : YES
ROM Style                          : Auto
Resource Sharing                   : YES
Asynchronous To Synchronous        : NO
Shift Register Minimum Size        : 2
Use DSP Block                      : Auto
Automatic Register Balancing       : No

---- Target Options
LUT Combining                      : Auto
Reduce Control Sets                : Auto
Add IO Buffers                     : YES
Global Maximum Fanout              : 100000
Add Generic Clock Buffer(BUFG)     : 32
Register Duplication               : YES
Optimize Instantiated Primitives   : NO
Use Clock Enable                   : Auto
Use Synchronous Set                : Auto
Use Synchronous Reset              : Auto
Pack IO Registers into IOBs        : Auto
Equivalent register Removal        : YES

---- General Options
Optimization Goal                  : Speed
Optimization Effort                : 1
Power Reduction                    : NO
Keep Hierarchy                     : No
Netlist Hierarchy                  : As_Optimized
RTL Output                         : Yes
Global Optimization                : AllClockNets
Read Cores                         : YES
Write Timing Constraints           : NO
Cross Clock Analysis               : NO
Hierarchy Separator                : /
Bus Delimiter                      : <>
Case Specifier                     : Maintain
Slice Utilization Ratio            : 100
BRAM Utilization Ratio             : 100
DSP48 Utilization Ratio            : 100
Auto BRAM Packing                  : NO
Slice Utilization Ratio Delta      : 5

---- Other Options
Cores Search Directories           : {"ipcore_dir"  }

=========================================================================


=========================================================================
*                          HDL Parsing                                  *
=========================================================================
Analyzing Verilog file "E:\ISE\work\multy_CPU\or32.v" into library work
Parsing module <or32>.
Analyzing Verilog file "E:\ISE\work\multy_CPU\MUX32_2x1.v" into library work
Parsing module <MUX32_2x1>.
Analyzing Verilog file "E:\ISE\work\multy_CPU\ipcore_dir\mem4.v" into library work
Parsing module <mem4>.
Analyzing Verilog file "E:\ISE\work\multy_CPU\ipcore_dir\mem3.v" into library work
Parsing module <mem3>.
Analyzing Verilog file "E:\ISE\work\multy_CPU\ipcore_dir\mem2.v" into library work
Parsing module <mem2>.
Analyzing Verilog file "E:\ISE\work\multy_CPU\ipcore_dir\mem1.v" into library work
Parsing module <mem1>.
Analyzing Verilog file "E:\ISE\work\multy_CPU\and32.v" into library work
Parsing module <and32>.
Analyzing Verilog file "E:\ISE\work\multy_CPU\adder32b.v" into library work
Parsing module <AND8_HXILINX_adder32>.
Parsing module <add1_MUSER_add4>.
Parsing module <add4b>.
Parsing module <zero_4_MUSER_adder32>.
Parsing module <xor_4bit_MUSER_adder32>.
Parsing module <adder32b>.
Analyzing Verilog file "E:\ISE\work\multy_CPU\state_control.v" into library work
Parsing module <state_control>.
Analyzing Verilog file "E:\ISE\work\multy_CPU\SignExtend.v" into library work
Parsing module <SignExtend>.
Analyzing Verilog file "E:\ISE\work\multy_CPU\shiftleft2.v" into library work
Parsing module <shiftleft2>.
Analyzing Verilog file "E:\ISE\work\multy_CPU\regfile.v" into library work
Parsing module <regfile>.
Analyzing Verilog file "E:\ISE\work\multy_CPU\pcreg.v" into library work
Parsing module <pcreg>.
Analyzing Verilog file "E:\ISE\work\multy_CPU\number_4.v" into library work
Parsing module <number_4>.
Analyzing Verilog file "E:\ISE\work\multy_CPU\MUX5_2x1.v" into library work
Parsing module <MUX5_2x1>.
Analyzing Verilog file "E:\ISE\work\multy_CPU\MUX32_4x1.v" into library work
Parsing module <MUX32_4x1>.
Analyzing Verilog file "E:\ISE\work\multy_CPU\memory.v" into library work
Parsing module <memory>.
Analyzing Verilog file "E:\ISE\work\multy_CPU\MDR.v" into library work
Parsing module <MDR>.
Analyzing Verilog file "E:\ISE\work\multy_CPU\IR.v" into library work
Parsing module <IR>.
Analyzing Verilog file "E:\ISE\work\multy_CPU\extend26to32.v" into library work
Parsing module <extend26to28_shift2>.
Analyzing Verilog file "E:\ISE\work\multy_CPU\catch_28_4.v" into library work
Parsing module <catch_28_4>.
Analyzing Verilog file "E:\ISE\work\multy_CPU\BR.v" into library work
Parsing module <BR>.
Analyzing Verilog file "E:\ISE\work\multy_CPU\AR.v" into library work
Parsing module <AR>.
Analyzing Verilog file "E:\ISE\work\multy_CPU\ALUout.v" into library work
Parsing module <ALUout>.
Analyzing Verilog file "E:\ISE\work\multy_CPU\ALUcontrol.v" into library work
Parsing module <ALUcontrol>.
Analyzing Verilog file "E:\ISE\work\multy_CPU\alu32.v" into library work
Parsing module <alu32>.
Analyzing Verilog file "E:\ISE\work\multy_CPU\top_for_multy_CPU.vf" into library work
Parsing module <top_for_multy_CPU>.

=========================================================================
*                            HDL Elaboration                            *
=========================================================================

Elaborating module <top_for_multy_CPU>.

Elaborating module <MUX32_2x1>.

Elaborating module <IR>.

Elaborating module <MDR>.

Elaborating module <regfile>.
WARNING:HDLCompiler:1127 - "E:\ISE\work\multy_CPU\top_for_multy_CPU.vf" Line 88: Assignment to data ignored, since the identifier is never used

Elaborating module <MUX5_2x1>.

Elaborating module <extend26to28_shift2>.

Elaborating module <catch_28_4>.

Elaborating module <AR>.

Elaborating module <BR>.

Elaborating module <MUX32_4x1>.

Elaborating module <number_4>.

Elaborating module <SignExtend>.

Elaborating module <shiftleft2>.

Elaborating module <alu32>.

Elaborating module <adder32b>.

Elaborating module <xor_4bit_MUSER_adder32>.

Elaborating module <XOR2>.

Elaborating module <BUF>.

Elaborating module <zero_4_MUSER_adder32>.

Elaborating module <OR4>.

Elaborating module <INV>.

Elaborating module <AND8_HXILINX_adder32>.

Elaborating module <add4b>.

Elaborating module <add1_MUSER_add4>.

Elaborating module <AND2>.

Elaborating module <OR3>.

Elaborating module <OR2>.

Elaborating module <AND3>.

Elaborating module <AND4>.

Elaborating module <AND5>.

Elaborating module <OR5>.

Elaborating module <and32>.

Elaborating module <or32>.
WARNING:HDLCompiler:413 - "E:\ISE\work\multy_CPU\alu32.v" Line 75: Result of 32-bit expression is truncated to fit in 1-bit target.

Elaborating module <ALUcontrol>.

Elaborating module <pcreg>.

Elaborating module <ALUout>.

Elaborating module <memory>.

Elaborating module <mem1>.
WARNING:HDLCompiler:1499 - "E:\ISE\work\multy_CPU\ipcore_dir\mem1.v" Line 39: Empty module <mem1> remains a black box.

Elaborating module <mem2>.
WARNING:HDLCompiler:1499 - "E:\ISE\work\multy_CPU\ipcore_dir\mem2.v" Line 39: Empty module <mem2> remains a black box.

Elaborating module <mem3>.
WARNING:HDLCompiler:1499 - "E:\ISE\work\multy_CPU\ipcore_dir\mem3.v" Line 39: Empty module <mem3> remains a black box.

Elaborating module <mem4>.
WARNING:HDLCompiler:1499 - "E:\ISE\work\multy_CPU\ipcore_dir\mem4.v" Line 39: Empty module <mem4> remains a black box.

Elaborating module <state_control>.
WARNING:HDLCompiler:552 - "E:\ISE\work\multy_CPU\top_for_multy_CPU.vf" Line 141: Input port D[31] is not connected on this instance

=========================================================================
*                           HDL Synthesis                               *
=========================================================================

Synthesizing Unit <top_for_multy_CPU>.
    Related source file is "E:\ISE\work\multy_CPU\top_for_multy_CPU.vf".
WARNING:Xst:2898 - Port 'D', unconnected in block instance 'XLXI_35', is tied to GND.
INFO:Xst:3210 - "E:\ISE\work\multy_CPU\top_for_multy_CPU.vf" line 79: Output port <d3> of the instance <XLXI_7> is unconnected or connected to loadless signal.
    Summary:
	no macro.
Unit <top_for_multy_CPU> synthesized.

Synthesizing Unit <MUX32_2x1>.
    Related source file is "E:\ISE\work\multy_CPU\MUX32_2x1.v".
    Summary:
	no macro.
Unit <MUX32_2x1> synthesized.

Synthesizing Unit <IR>.
    Related source file is "E:\ISE\work\multy_CPU\IR.v".
    Found 32-bit register for signal <B>.
    Summary:
	inferred  32 D-type flip-flop(s).
Unit <IR> synthesized.

Synthesizing Unit <MDR>.
    Related source file is "E:\ISE\work\multy_CPU\MDR.v".
    Found 32-bit register for signal <B>.
    Summary:
	inferred  32 D-type flip-flop(s).
Unit <MDR> synthesized.

Synthesizing Unit <regfile>.
    Related source file is "E:\ISE\work\multy_CPU\regfile.v".
    Found 32x32-bit dual-port RAM <Mram_m> for signal <m>.
    Found 5-bit comparator equal for signal <a1[4]_wreg[4]_equal_2_o> created at line 17
    Found 5-bit comparator equal for signal <a2[4]_wreg[4]_equal_7_o> created at line 25
    Found 5-bit comparator equal for signal <a3[4]_wreg[4]_equal_12_o> created at line 33
    Summary:
	inferred   3 RAM(s).
	inferred   3 Comparator(s).
	inferred   6 Multiplexer(s).
Unit <regfile> synthesized.

Synthesizing Unit <MUX5_2x1>.
    Related source file is "E:\ISE\work\multy_CPU\MUX5_2x1.v".
    Summary:
	no macro.
Unit <MUX5_2x1> synthesized.

Synthesizing Unit <extend26to28_shift2>.
    Related source file is "E:\ISE\work\multy_CPU\extend26to32.v".
    Summary:
	no macro.
Unit <extend26to28_shift2> synthesized.

Synthesizing Unit <catch_28_4>.
    Related source file is "E:\ISE\work\multy_CPU\catch_28_4.v".
    Summary:
	no macro.
Unit <catch_28_4> synthesized.

Synthesizing Unit <AR>.
    Related source file is "E:\ISE\work\multy_CPU\AR.v".
    Found 32-bit register for signal <B>.
    Summary:
	inferred  32 D-type flip-flop(s).
Unit <AR> synthesized.

Synthesizing Unit <BR>.
    Related source file is "E:\ISE\work\multy_CPU\BR.v".
    Found 32-bit register for signal <B>.
    Summary:
	inferred  32 D-type flip-flop(s).
Unit <BR> synthesized.

Synthesizing Unit <MUX32_4x1>.
    Related source file is "E:\ISE\work\multy_CPU\MUX32_4x1.v".
    Summary:
	no macro.
Unit <MUX32_4x1> synthesized.

Synthesizing Unit <number_4>.
    Related source file is "E:\ISE\work\multy_CPU\number_4.v".
    Summary:
	no macro.
Unit <number_4> synthesized.

Synthesizing Unit <SignExtend>.
    Related source file is "E:\ISE\work\multy_CPU\SignExtend.v".
    Summary:
	no macro.
Unit <SignExtend> synthesized.

Synthesizing Unit <shiftleft2>.
    Related source file is "E:\ISE\work\multy_CPU\shiftleft2.v".
WARNING:Xst:647 - Input <A<31:30>> is never used. This port will be preserved and left unconnected if it belongs to a top-level block or it belongs to a sub-block and the hierarchy of this sub-block is preserved.
    Summary:
	no macro.
Unit <shiftleft2> synthesized.

Synthesizing Unit <alu32>.
    Related source file is "E:\ISE\work\multy_CPU\alu32.v".
INFO:Xst:3210 - "E:\ISE\work\multy_CPU\alu32.v" line 36: Output port <CF> of the instance <m1> is unconnected or connected to loadless signal.
INFO:Xst:3210 - "E:\ISE\work\multy_CPU\alu32.v" line 36: Output port <SF> of the instance <m1> is unconnected or connected to loadless signal.
INFO:Xst:3210 - "E:\ISE\work\multy_CPU\alu32.v" line 36: Output port <ZF> of the instance <m1> is unconnected or connected to loadless signal.
    Found 1-bit 6-to-1 multiplexer for signal <ins[2]_GND_15_o_wide_mux_3_OUT<31>> created at line 51.
    Found 1-bit 6-to-1 multiplexer for signal <ins[2]_GND_15_o_wide_mux_3_OUT<30>> created at line 51.
    Found 1-bit 6-to-1 multiplexer for signal <ins[2]_GND_15_o_wide_mux_3_OUT<29>> created at line 51.
    Found 1-bit 6-to-1 multiplexer for signal <ins[2]_GND_15_o_wide_mux_3_OUT<28>> created at line 51.
    Found 1-bit 6-to-1 multiplexer for signal <ins[2]_GND_15_o_wide_mux_3_OUT<27>> created at line 51.
    Found 1-bit 6-to-1 multiplexer for signal <ins[2]_GND_15_o_wide_mux_3_OUT<26>> created at line 51.
    Found 1-bit 6-to-1 multiplexer for signal <ins[2]_GND_15_o_wide_mux_3_OUT<25>> created at line 51.
    Found 1-bit 6-to-1 multiplexer for signal <ins[2]_GND_15_o_wide_mux_3_OUT<24>> created at line 51.
    Found 1-bit 6-to-1 multiplexer for signal <ins[2]_GND_15_o_wide_mux_3_OUT<23>> created at line 51.
    Found 1-bit 6-to-1 multiplexer for signal <ins[2]_GND_15_o_wide_mux_3_OUT<22>> created at line 51.
    Found 1-bit 6-to-1 multiplexer for signal <ins[2]_GND_15_o_wide_mux_3_OUT<21>> created at line 51.
    Found 1-bit 6-to-1 multiplexer for signal <ins[2]_GND_15_o_wide_mux_3_OUT<20>> created at line 51.
    Found 1-bit 6-to-1 multiplexer for signal <ins[2]_GND_15_o_wide_mux_3_OUT<19>> created at line 51.
    Found 1-bit 6-to-1 multiplexer for signal <ins[2]_GND_15_o_wide_mux_3_OUT<18>> created at line 51.
    Found 1-bit 6-to-1 multiplexer for signal <ins[2]_GND_15_o_wide_mux_3_OUT<17>> created at line 51.
    Found 1-bit 6-to-1 multiplexer for signal <ins[2]_GND_15_o_wide_mux_3_OUT<16>> created at line 51.
    Found 1-bit 6-to-1 multiplexer for signal <ins[2]_GND_15_o_wide_mux_3_OUT<15>> created at line 51.
    Found 1-bit 6-to-1 multiplexer for signal <ins[2]_GND_15_o_wide_mux_3_OUT<14>> created at line 51.
    Found 1-bit 6-to-1 multiplexer for signal <ins[2]_GND_15_o_wide_mux_3_OUT<13>> created at line 51.
    Found 1-bit 6-to-1 multiplexer for signal <ins[2]_GND_15_o_wide_mux_3_OUT<12>> created at line 51.
    Found 1-bit 6-to-1 multiplexer for signal <ins[2]_GND_15_o_wide_mux_3_OUT<11>> created at line 51.
    Found 1-bit 6-to-1 multiplexer for signal <ins[2]_GND_15_o_wide_mux_3_OUT<10>> created at line 51.
    Found 1-bit 6-to-1 multiplexer for signal <ins[2]_GND_15_o_wide_mux_3_OUT<9>> created at line 51.
    Found 1-bit 6-to-1 multiplexer for signal <ins[2]_GND_15_o_wide_mux_3_OUT<8>> created at line 51.
    Found 1-bit 6-to-1 multiplexer for signal <ins[2]_GND_15_o_wide_mux_3_OUT<7>> created at line 51.
    Found 1-bit 6-to-1 multiplexer for signal <ins[2]_GND_15_o_wide_mux_3_OUT<6>> created at line 51.
    Found 1-bit 6-to-1 multiplexer for signal <ins[2]_GND_15_o_wide_mux_3_OUT<5>> created at line 51.
    Found 1-bit 6-to-1 multiplexer for signal <ins[2]_GND_15_o_wide_mux_3_OUT<4>> created at line 51.
    Found 1-bit 6-to-1 multiplexer for signal <ins[2]_GND_15_o_wide_mux_3_OUT<3>> created at line 51.
    Found 1-bit 6-to-1 multiplexer for signal <ins[2]_GND_15_o_wide_mux_3_OUT<2>> created at line 51.
    Found 1-bit 6-to-1 multiplexer for signal <ins[2]_GND_15_o_wide_mux_3_OUT<1>> created at line 51.
    Found 1-bit 6-to-1 multiplexer for signal <ins[2]_GND_15_o_wide_mux_3_OUT<0>> created at line 51.
WARNING:Xst:737 - Found 1-bit latch for signal <O<30>>. Latches may be generated from incomplete case or if statements. We do not recommend the use of latches in FPGA/CPLD designs, as they may lead to timing problems.
WARNING:Xst:737 - Found 1-bit latch for signal <O<29>>. Latches may be generated from incomplete case or if statements. We do not recommend the use of latches in FPGA/CPLD designs, as they may lead to timing problems.
WARNING:Xst:737 - Found 1-bit latch for signal <O<28>>. Latches may be generated from incomplete case or if statements. We do not recommend the use of latches in FPGA/CPLD designs, as they may lead to timing problems.
WARNING:Xst:737 - Found 1-bit latch for signal <O<27>>. Latches may be generated from incomplete case or if statements. We do not recommend the use of latches in FPGA/CPLD designs, as they may lead to timing problems.
WARNING:Xst:737 - Found 1-bit latch for signal <O<26>>. Latches may be generated from incomplete case or if statements. We do not recommend the use of latches in FPGA/CPLD designs, as they may lead to timing problems.
WARNING:Xst:737 - Found 1-bit latch for signal <O<25>>. Latches may be generated from incomplete case or if statements. We do not recommend the use of latches in FPGA/CPLD designs, as they may lead to timing problems.
WARNING:Xst:737 - Found 1-bit latch for signal <O<24>>. Latches may be generated from incomplete case or if statements. We do not recommend the use of latches in FPGA/CPLD designs, as they may lead to timing problems.
WARNING:Xst:737 - Found 1-bit latch for signal <O<23>>. Latches may be generated from incomplete case or if statements. We do not recommend the use of latches in FPGA/CPLD designs, as they may lead to timing problems.
WARNING:Xst:737 - Found 1-bit latch for signal <O<22>>. Latches may be generated from incomplete case or if statements. We do not recommend the use of latches in FPGA/CPLD designs, as they may lead to timing problems.
WARNING:Xst:737 - Found 1-bit latch for signal <O<21>>. Latches may be generated from incomplete case or if statements. We do not recommend the use of latches in FPGA/CPLD designs, as they may lead to timing problems.
WARNING:Xst:737 - Found 1-bit latch for signal <O<20>>. Latches may be generated from incomplete case or if statements. We do not recommend the use of latches in FPGA/CPLD designs, as they may lead to timing problems.
WARNING:Xst:737 - Found 1-bit latch for signal <O<19>>. Latches may be generated from incomplete case or if statements. We do not recommend the use of latches in FPGA/CPLD designs, as they may lead to timing problems.
WARNING:Xst:737 - Found 1-bit latch for signal <O<18>>. Latches may be generated from incomplete case or if statements. We do not recommend the use of latches in FPGA/CPLD designs, as they may lead to timing problems.
WARNING:Xst:737 - Found 1-bit latch for signal <O<17>>. Latches may be generated from incomplete case or if statements. We do not recommend the use of latches in FPGA/CPLD designs, as they may lead to timing problems.
WARNING:Xst:737 - Found 1-bit latch for signal <O<16>>. Latches may be generated from incomplete case or if statements. We do not recommend the use of latches in FPGA/CPLD designs, as they may lead to timing problems.
WARNING:Xst:737 - Found 1-bit latch for signal <O<15>>. Latches may be generated from incomplete case or if statements. We do not recommend the use of latches in FPGA/CPLD designs, as they may lead to timing problems.
WARNING:Xst:737 - Found 1-bit latch for signal <O<14>>. Latches may be generated from incomplete case or if statements. We do not recommend the use of latches in FPGA/CPLD designs, as they may lead to timing problems.
WARNING:Xst:737 - Found 1-bit latch for signal <O<13>>. Latches may be generated from incomplete case or if statements. We do not recommend the use of latches in FPGA/CPLD designs, as they may lead to timing problems.
WARNING:Xst:737 - Found 1-bit latch for signal <O<12>>. Latches may be generated from incomplete case or if statements. We do not recommend the use of latches in FPGA/CPLD designs, as they may lead to timing problems.
WARNING:Xst:737 - Found 1-bit latch for signal <O<11>>. Latches may be generated from incomplete case or if statements. We do not recommend the use of latches in FPGA/CPLD designs, as they may lead to timing problems.
WARNING:Xst:737 - Found 1-bit latch for signal <O<10>>. Latches may be generated from incomplete case or if statements. We do not recommend the use of latches in FPGA/CPLD designs, as they may lead to timing problems.
WARNING:Xst:737 - Found 1-bit latch for signal <O<9>>. Latches may be generated from incomplete case or if statements. We do not recommend the use of latches in FPGA/CPLD designs, as they may lead to timing problems.
WARNING:Xst:737 - Found 1-bit latch for signal <O<8>>. Latches may be generated from incomplete case or if statements. We do not recommend the use of latches in FPGA/CPLD designs, as they may lead to timing problems.
WARNING:Xst:737 - Found 1-bit latch for signal <O<7>>. Latches may be generated from incomplete case or if statements. We do not recommend the use of latches in FPGA/CPLD designs, as they may lead to timing problems.
WARNING:Xst:737 - Found 1-bit latch for signal <O<6>>. Latches may be generated from incomplete case or if statements. We do not recommend the use of latches in FPGA/CPLD designs, as they may lead to timing problems.
WARNING:Xst:737 - Found 1-bit latch for signal <O<5>>. Latches may be generated from incomplete case or if statements. We do not recommend the use of latches in FPGA/CPLD designs, as they may lead to timing problems.
WARNING:Xst:737 - Found 1-bit latch for signal <O<4>>. Latches may be generated from incomplete case or if statements. We do not recommend the use of latches in FPGA/CPLD designs, as they may lead to timing problems.
WARNING:Xst:737 - Found 1-bit latch for signal <O<3>>. Latches may be generated from incomplete case or if statements. We do not recommend the use of latches in FPGA/CPLD designs, as they may lead to timing problems.
WARNING:Xst:737 - Found 1-bit latch for signal <O<2>>. Latches may be generated from incomplete case or if statements. We do not recommend the use of latches in FPGA/CPLD designs, as they may lead to timing problems.
WARNING:Xst:737 - Found 1-bit latch for signal <O<1>>. Latches may be generated from incomplete case or if statements. We do not recommend the use of latches in FPGA/CPLD designs, as they may lead to timing problems.
WARNING:Xst:737 - Found 1-bit latch for signal <O<0>>. Latches may be generated from incomplete case or if statements. We do not recommend the use of latches in FPGA/CPLD designs, as they may lead to timing problems.
WARNING:Xst:737 - Found 1-bit latch for signal <mode>. Latches may be generated from incomplete case or if statements. We do not recommend the use of latches in FPGA/CPLD designs, as they may lead to timing problems.
WARNING:Xst:737 - Found 1-bit latch for signal <O<31>>. Latches may be generated from incomplete case or if statements. We do not recommend the use of latches in FPGA/CPLD designs, as they may lead to timing problems.
    Found 32-bit comparator greater for signal <A[31]_B[31]_LessThan_2_o> created at line 72
    Summary:
	inferred  33 Latch(s).
	inferred   1 Comparator(s).
	inferred  32 Multiplexer(s).
Unit <alu32> synthesized.

Synthesizing Unit <adder32b>.
    Related source file is "E:\ISE\work\multy_CPU\adder32b.v".
    Set property "HU_SET = XLXI_35_0" for instance <XLXI_35>.
    Summary:
	no macro.
Unit <adder32b> synthesized.

Synthesizing Unit <xor_4bit_MUSER_adder32>.
    Related source file is "E:\ISE\work\multy_CPU\adder32b.v".
    Summary:
	no macro.
Unit <xor_4bit_MUSER_adder32> synthesized.

Synthesizing Unit <zero_4_MUSER_adder32>.
    Related source file is "E:\ISE\work\multy_CPU\adder32b.v".
    Summary:
	no macro.
Unit <zero_4_MUSER_adder32> synthesized.

Synthesizing Unit <AND8_HXILINX_adder32>.
    Related source file is "E:\ISE\work\multy_CPU\adder32b.v".
    Summary:
	no macro.
Unit <AND8_HXILINX_adder32> synthesized.

Synthesizing Unit <add4b>.
    Related source file is "E:\ISE\work\multy_CPU\adder32b.v".
INFO:Xst:3210 - "E:\ISE\work\multy_CPU\adder32b.v" line 135: Output port <C1> of the instance <XLXI_1> is unconnected or connected to loadless signal.
INFO:Xst:3210 - "E:\ISE\work\multy_CPU\adder32b.v" line 140: Output port <C1> of the instance <XLXI_2> is unconnected or connected to loadless signal.
INFO:Xst:3210 - "E:\ISE\work\multy_CPU\adder32b.v" line 145: Output port <C1> of the instance <XLXI_3> is unconnected or connected to loadless signal.
INFO:Xst:3210 - "E:\ISE\work\multy_CPU\adder32b.v" line 150: Output port <C1> of the instance <XLXI_4> is unconnected or connected to loadless signal.
    Summary:
	no macro.
Unit <add4b> synthesized.

Synthesizing Unit <add1_MUSER_add4>.
    Related source file is "E:\ISE\work\multy_CPU\adder32b.v".
    Summary:
	no macro.
Unit <add1_MUSER_add4> synthesized.

Synthesizing Unit <and32>.
    Related source file is "E:\ISE\work\multy_CPU\and32.v".
    Summary:
	no macro.
Unit <and32> synthesized.

Synthesizing Unit <or32>.
    Related source file is "E:\ISE\work\multy_CPU\or32.v".
    Summary:
	no macro.
Unit <or32> synthesized.

Synthesizing Unit <ALUcontrol>.
    Related source file is "E:\ISE\work\multy_CPU\ALUcontrol.v".
WARNING:Xst:647 - Input <Func<5:4>> is never used. This port will be preserved and left unconnected if it belongs to a top-level block or it belongs to a sub-block and the hierarchy of this sub-block is preserved.
    Summary:
	no macro.
Unit <ALUcontrol> synthesized.

Synthesizing Unit <pcreg>.
    Related source file is "E:\ISE\work\multy_CPU\pcreg.v".
    Found 32-bit register for signal <pc>.
    Summary:
	inferred  32 D-type flip-flop(s).
Unit <pcreg> synthesized.

Synthesizing Unit <ALUout>.
    Related source file is "E:\ISE\work\multy_CPU\ALUout.v".
    Found 32-bit register for signal <B>.
    Summary:
	inferred  32 D-type flip-flop(s).
Unit <ALUout> synthesized.

Synthesizing Unit <memory>.
    Related source file is "E:\ISE\work\multy_CPU\memory.v".
        size = 12
    Found 10-bit adder for signal <a1> created at line 10.
    Found 10-bit adder for signal <a3> created at line 11.
    Found 10-bit adder for signal <a2> created at line 11.
    Summary:
	inferred   3 Adder/Subtractor(s).
Unit <memory> synthesized.

Synthesizing Unit <state_control>.
    Related source file is "E:\ISE\work\multy_CPU\state_control.v".
    Found 1-bit register for signal <PCWriteCond>.
    Found 1-bit register for signal <PCWrite>.
    Found 1-bit register for signal <lorD>.
    Found 1-bit register for signal <MemWrite>.
    Found 1-bit register for signal <MemtoReg>.
    Found 1-bit register for signal <IRWrite>.
    Found 2-bit register for signal <PCSource>.
    Found 2-bit register for signal <ALUop>.
    Found 1-bit register for signal <ALUSrcA>.
    Found 2-bit register for signal <ALUSrcB>.
    Found 1-bit register for signal <RegWrite>.
    Found 1-bit register for signal <RegDst>.
    Found 4-bit register for signal <nstate>.
    Found finite state machine <FSM_0> for signal <nstate>.
    -----------------------------------------------------------------------
    | States             | 10                                             |
    | Transitions        | 17                                             |
    | Inputs             | 5                                              |
    | Outputs            | 18                                             |
    | Clock              | clk (rising_edge)                              |
    | Power Up State     | 0000                                           |
    | Encoding           | auto                                           |
    | Implementation     | LUT                                            |
    -----------------------------------------------------------------------
    Summary:
	inferred  15 D-type flip-flop(s).
	inferred   1 Finite State Machine(s).
Unit <state_control> synthesized.

=========================================================================
HDL Synthesis Report

Macro Statistics
# RAMs                                                 : 3
 32x32-bit dual-port RAM                               : 3
# Adders/Subtractors                                   : 3
 10-bit adder                                          : 3
# Registers                                            : 18
 1-bit register                                        : 9
 2-bit register                                        : 3
 32-bit register                                       : 6
# Latches                                              : 33
 1-bit latch                                           : 33
# Comparators                                          : 4
 32-bit comparator greater                             : 1
 5-bit comparator equal                                : 3
# Multiplexers                                         : 38
 1-bit 6-to-1 multiplexer                              : 32
 32-bit 2-to-1 multiplexer                             : 6
# FSMs                                                 : 1
# Xors                                                 : 1
 32-bit xor2                                           : 1

=========================================================================

=========================================================================
*                       Advanced HDL Synthesis                          *
=========================================================================

Reading core <ipcore_dir/mem1.ngc>.
Reading core <ipcore_dir/mem2.ngc>.
Reading core <ipcore_dir/mem3.ngc>.
Reading core <ipcore_dir/mem4.ngc>.
Loading core <mem1> for timing and area information for instance <m1>.
Loading core <mem2> for timing and area information for instance <m2>.
Loading core <mem3> for timing and area information for instance <m3>.
Loading core <mem4> for timing and area information for instance <m4>.
WARNING:Xst:1290 - Hierarchical block <XLXI_35> is unconnected in block <m1>.
   It will be removed from the design.
WARNING:Xst:1290 - Hierarchical block <XLXI_27> is unconnected in block <top_for_multy_CPU>.
   It will be removed from the design.

Synthesizing (advanced) Unit <top_for_multy_CPU>.
INFO:Xst:3226 - The RAM <XLXI_7/Mram_m1> will be implemented as a BLOCK RAM, absorbing the following register(s): <XLXI_4/B>
    -----------------------------------------------------------------------
    | ram_type           | Block                               |          |
    -----------------------------------------------------------------------
    | Port A                                                              |
    |     aspect ratio   | 32-word x 32-bit                    |          |
    |     mode           | read-first                          |          |
    |     clkA           | connected to signal <clk>           | rise     |
    |     weA            | connected to internal node          | high     |
    |     addrA          | connected to signal <XLXN_34>       |          |
    |     diA            | connected to signal <XLXN_32>       |          |
    -----------------------------------------------------------------------
    | optimization       | speed                               |          |
    -----------------------------------------------------------------------
    | Port B                                                              |
    |     aspect ratio   | 32-word x 32-bit                    |          |
    |     mode           | read-first                          |          |
    |     clkB           | connected to signal <clk>           | rise     |
    |     addrB          | connected to signal <XLXN_26<20:16>> |          |
    |     doB            | connected to internal node          |          |
    -----------------------------------------------------------------------
    | optimization       | speed                               |          |
    -----------------------------------------------------------------------
INFO:Xst:3226 - The RAM <XLXI_7/Mram_m> will be implemented as a BLOCK RAM, absorbing the following register(s): <XLXI_4/B>
    -----------------------------------------------------------------------
    | ram_type           | Block                               |          |
    -----------------------------------------------------------------------
    | Port A                                                              |
    |     aspect ratio   | 32-word x 32-bit                    |          |
    |     mode           | read-first                          |          |
    |     clkA           | connected to signal <clk>           | rise     |
    |     weA            | connected to internal node          | high     |
    |     addrA          | connected to signal <XLXN_34>       |          |
    |     diA            | connected to signal <XLXN_32>       |          |
    -----------------------------------------------------------------------
    | optimization       | speed                               |          |
    -----------------------------------------------------------------------
    | Port B                                                              |
    |     aspect ratio   | 32-word x 32-bit                    |          |
    |     mode           | read-first                          |          |
    |     clkB           | connected to signal <clk>           | rise     |
    |     addrB          | connected to signal <XLXN_26<25:21>> |          |
    |     doB            | connected to internal node          |          |
    -----------------------------------------------------------------------
    | optimization       | speed                               |          |
    -----------------------------------------------------------------------
Unit <top_for_multy_CPU> synthesized (advanced).

=========================================================================
Advanced HDL Synthesis Report

Macro Statistics
# RAMs                                                 : 2
 32x32-bit dual-port block RAM                         : 2
# Adders/Subtractors                                   : 3
 10-bit adder                                          : 3
# Registers                                            : 207
 Flip-Flops                                            : 207
# Comparators                                          : 3
 32-bit comparator greater                             : 1
 5-bit comparator equal                                : 2
# Multiplexers                                         : 36
 1-bit 6-to-1 multiplexer                              : 32
 32-bit 2-to-1 multiplexer                             : 4
# FSMs                                                 : 1
# Xors                                                 : 1
 32-bit xor2                                           : 1

=========================================================================

=========================================================================
*                         Low Level Synthesis                           *
=========================================================================
Analyzing FSM <MFsm> for best encoding.
Optimizing FSM <XLXI_39/FSM_0> on signal <nstate[1:10]> with one-hot encoding.
---------------------
 State | Encoding
---------------------
 0000  | 0000000001
 0001  | 0000000010
 0010  | 0000000100
 0110  | 0000001000
 1000  | 0000010000
 1001  | 0000100000
 0011  | 0001000000
 0101  | 0010000000
 0100  | 0100000000
 0111  | 1000000000
---------------------
INFO:Xst:2261 - The FF/Latch <PCWriteCond> in Unit <state_control> is equivalent to the following 2 FFs/Latches, which will be removed : <PCSource_0> <ALUop_0> 

Optimizing unit <MDR> ...

Optimizing unit <AR> ...

Optimizing unit <BR> ...

Optimizing unit <pcreg> ...

Optimizing unit <ALUout> ...

Optimizing unit <adder32b> ...

Optimizing unit <add4b> ...

Optimizing unit <top_for_multy_CPU> ...

Optimizing unit <memory> ...

Optimizing unit <state_control> ...
WARNING:Xst:1710 - FF/Latch <lorD> (without init value) has a constant value of 0 in block <state_control>. This FF/Latch will be trimmed during the optimization process.
WARNING:Xst:1896 - Due to other FF/Latch trimming, FF/Latch <nstate_FSM_FFd8> has a constant value of 0 in block <state_control>. This FF/Latch will be trimmed during the optimization process.
WARNING:Xst:1896 - Due to other FF/Latch trimming, FF/Latch <nstate_FSM_FFd3> has a constant value of 0 in block <state_control>. This FF/Latch will be trimmed during the optimization process.
WARNING:Xst:1896 - Due to other FF/Latch trimming, FF/Latch <nstate_FSM_FFd4> has a constant value of 0 in block <state_control>. This FF/Latch will be trimmed during the optimization process.
WARNING:Xst:1895 - Due to other FF/Latch trimming, FF/Latch <MemWrite> (without init value) has a constant value of 0 in block <state_control>. This FF/Latch will be trimmed during the optimization process.
WARNING:Xst:1896 - Due to other FF/Latch trimming, FF/Latch <nstate_FSM_FFd2> has a constant value of 0 in block <state_control>. This FF/Latch will be trimmed during the optimization process.
WARNING:Xst:1895 - Due to other FF/Latch trimming, FF/Latch <MemtoReg> (without init value) has a constant value of 0 in block <state_control>. This FF/Latch will be trimmed during the optimization process.
INFO:Xst:2261 - The FF/Latch <RegWrite> in Unit <state_control> is equivalent to the following FF/Latch, which will be removed : <RegDst> 
WARNING:Xst:1293 - FF/Latch <nstate_FSM_FFd4> has a constant value of 0 in block <state_control>. This FF/Latch will be trimmed during the optimization process.
WARNING:Xst:1293 - FF/Latch <nstate_FSM_FFd4> has a constant value of 0 in block <state_control>. This FF/Latch will be trimmed during the optimization process.
WARNING:Xst:1293 - FF/Latch <nstate_FSM_FFd4> has a constant value of 0 in block <state_control>. This FF/Latch will be trimmed during the optimization process.
WARNING:Xst:1293 - FF/Latch <nstate_FSM_FFd4> has a constant value of 0 in block <state_control>. This FF/Latch will be trimmed during the optimization process.
WARNING:Xst:1710 - FF/Latch <lorD> (without init value) has a constant value of 0 in block <state_control>. This FF/Latch will be trimmed during the optimization process.
WARNING:Xst:1896 - Due to other FF/Latch trimming, FF/Latch <nstate_FSM_FFd8> has a constant value of 0 in block <state_control>. This FF/Latch will be trimmed during the optimization process.
WARNING:Xst:1896 - Due to other FF/Latch trimming, FF/Latch <nstate_FSM_FFd3> has a constant value of 0 in block <state_control>. This FF/Latch will be trimmed during the optimization process.
WARNING:Xst:1896 - Due to other FF/Latch trimming, FF/Latch <nstate_FSM_FFd4> has a constant value of 0 in block <state_control>. This FF/Latch will be trimmed during the optimization process.
WARNING:Xst:1895 - Due to other FF/Latch trimming, FF/Latch <MemWrite> (without init value) has a constant value of 0 in block <state_control>. This FF/Latch will be trimmed during the optimization process.
WARNING:Xst:1896 - Due to other FF/Latch trimming, FF/Latch <nstate_FSM_FFd2> has a constant value of 0 in block <state_control>. This FF/Latch will be trimmed during the optimization process.
WARNING:Xst:1895 - Due to other FF/Latch trimming, FF/Latch <MemtoReg> (without init value) has a constant value of 0 in block <state_control>. This FF/Latch will be trimmed during the optimization process.
INFO:Xst:2261 - The FF/Latch <RegWrite> in Unit <state_control> is equivalent to the following FF/Latch, which will be removed : <RegDst> 
WARNING:Xst:1293 - FF/Latch <nstate_FSM_FFd4> has a constant value of 0 in block <state_control>. This FF/Latch will be trimmed during the optimization process.
WARNING:Xst:1293 - FF/Latch <nstate_FSM_FFd4> has a constant value of 0 in block <state_control>. This FF/Latch will be trimmed during the optimization process.
WARNING:Xst:1293 - FF/Latch <nstate_FSM_FFd4> has a constant value of 0 in block <state_control>. This FF/Latch will be trimmed during the optimization process.
WARNING:Xst:1293 - FF/Latch <nstate_FSM_FFd4> has a constant value of 0 in block <state_control>. This FF/Latch will be trimmed during the optimization process.
WARNING:Xst:1293 - FF/Latch <nstate_FSM_FFd4> has a constant value of 0 in block <state_control>. This FF/Latch will be trimmed during the optimization process.
WARNING:Xst:1293 - FF/Latch <nstate_FSM_FFd4> has a constant value of 0 in block <state_control>. This FF/Latch will be trimmed during the optimization process.

Optimizing unit <alu32> ...

Optimizing unit <AND8_HXILINX_adder32> ...
WARNING:Xst:1293 - FF/Latch <nstate_FSM_FFd4> has a constant value of 0 in block <state_control>. This FF/Latch will be trimmed during the optimization process.
WARNING:Xst:1293 - FF/Latch <nstate_FSM_FFd4> has a constant value of 0 in block <state_control>. This FF/Latch will be trimmed during the optimization process.
WARNING:Xst:1293 - FF/Latch <XLXI_39/nstate_FSM_FFd4> has a constant value of 0 in block <top_for_multy_CPU>. This FF/Latch will be trimmed during the optimization process.
WARNING:Xst:1290 - Hierarchical block <XLXI_30/m1/XLXI_35> is unconnected in block <top_for_multy_CPU>.
   It will be removed from the design.
WARNING:Xst:1293 - FF/Latch <XLXI_39/nstate_FSM_FFd4> has a constant value of 0 in block <top_for_multy_CPU>. This FF/Latch will be trimmed during the optimization process.
WARNING:Xst:2677 - Node <XLXI_6/B_31> of sequential type is unconnected in block <top_for_multy_CPU>.
WARNING:Xst:2677 - Node <XLXI_6/B_30> of sequential type is unconnected in block <top_for_multy_CPU>.
WARNING:Xst:2677 - Node <XLXI_6/B_29> of sequential type is unconnected in block <top_for_multy_CPU>.
WARNING:Xst:2677 - Node <XLXI_6/B_28> of sequential type is unconnected in block <top_for_multy_CPU>.
WARNING:Xst:2677 - Node <XLXI_6/B_27> of sequential type is unconnected in block <top_for_multy_CPU>.
WARNING:Xst:2677 - Node <XLXI_6/B_26> of sequential type is unconnected in block <top_for_multy_CPU>.
WARNING:Xst:2677 - Node <XLXI_6/B_25> of sequential type is unconnected in block <top_for_multy_CPU>.
WARNING:Xst:2677 - Node <XLXI_6/B_24> of sequential type is unconnected in block <top_for_multy_CPU>.
WARNING:Xst:2677 - Node <XLXI_6/B_23> of sequential type is unconnected in block <top_for_multy_CPU>.
WARNING:Xst:2677 - Node <XLXI_6/B_22> of sequential type is unconnected in block <top_for_multy_CPU>.
WARNING:Xst:2677 - Node <XLXI_6/B_21> of sequential type is unconnected in block <top_for_multy_CPU>.
WARNING:Xst:2677 - Node <XLXI_6/B_20> of sequential type is unconnected in block <top_for_multy_CPU>.
WARNING:Xst:2677 - Node <XLXI_6/B_19> of sequential type is unconnected in block <top_for_multy_CPU>.
WARNING:Xst:2677 - Node <XLXI_6/B_18> of sequential type is unconnected in block <top_for_multy_CPU>.
WARNING:Xst:2677 - Node <XLXI_6/B_17> of sequential type is unconnected in block <top_for_multy_CPU>.
WARNING:Xst:2677 - Node <XLXI_6/B_16> of sequential type is unconnected in block <top_for_multy_CPU>.
WARNING:Xst:2677 - Node <XLXI_6/B_15> of sequential type is unconnected in block <top_for_multy_CPU>.
WARNING:Xst:2677 - Node <XLXI_6/B_14> of sequential type is unconnected in block <top_for_multy_CPU>.
WARNING:Xst:2677 - Node <XLXI_6/B_13> of sequential type is unconnected in block <top_for_multy_CPU>.
WARNING:Xst:2677 - Node <XLXI_6/B_12> of sequential type is unconnected in block <top_for_multy_CPU>.
WARNING:Xst:2677 - Node <XLXI_6/B_11> of sequential type is unconnected in block <top_for_multy_CPU>.
WARNING:Xst:2677 - Node <XLXI_6/B_10> of sequential type is unconnected in block <top_for_multy_CPU>.
WARNING:Xst:2677 - Node <XLXI_6/B_9> of sequential type is unconnected in block <top_for_multy_CPU>.
WARNING:Xst:2677 - Node <XLXI_6/B_8> of sequential type is unconnected in block <top_for_multy_CPU>.
WARNING:Xst:2677 - Node <XLXI_6/B_7> of sequential type is unconnected in block <top_for_multy_CPU>.
WARNING:Xst:2677 - Node <XLXI_6/B_6> of sequential type is unconnected in block <top_for_multy_CPU>.
WARNING:Xst:2677 - Node <XLXI_6/B_5> of sequential type is unconnected in block <top_for_multy_CPU>.
WARNING:Xst:2677 - Node <XLXI_6/B_4> of sequential type is unconnected in block <top_for_multy_CPU>.
WARNING:Xst:2677 - Node <XLXI_6/B_3> of sequential type is unconnected in block <top_for_multy_CPU>.
WARNING:Xst:2677 - Node <XLXI_6/B_2> of sequential type is unconnected in block <top_for_multy_CPU>.
WARNING:Xst:2677 - Node <XLXI_6/B_1> of sequential type is unconnected in block <top_for_multy_CPU>.
WARNING:Xst:2677 - Node <XLXI_6/B_0> of sequential type is unconnected in block <top_for_multy_CPU>.
WARNING:Xst:1293 - FF/Latch <XLXI_39/nstate_FSM_FFd4> has a constant value of 0 in block <top_for_multy_CPU>. This FF/Latch will be trimmed during the optimization process.
WARNING:Xst:1293 - FF/Latch <XLXI_39/nstate_FSM_FFd4> has a constant value of 0 in block <top_for_multy_CPU>. This FF/Latch will be trimmed during the optimization process.
WARNING:Xst:1293 - FF/Latch <XLXI_39/nstate_FSM_FFd4> has a constant value of 0 in block <top_for_multy_CPU>. This FF/Latch will be trimmed during the optimization process.
WARNING:Xst:1293 - FF/Latch <XLXI_39/nstate_FSM_FFd4> has a constant value of 0 in block <top_for_multy_CPU>. This FF/Latch will be trimmed during the optimization process.
INFO:Xst:2261 - The FF/Latch <XLXI_39/nstate_FSM_FFd1> in Unit <top_for_multy_CPU> is equivalent to the following FF/Latch, which will be removed : <XLXI_39/ALUop_1> 

Mapping all equations...
WARNING:Xst:1293 - FF/Latch <XLXI_39/nstate_FSM_FFd4> has a constant value of 0 in block <top_for_multy_CPU>. This FF/Latch will be trimmed during the optimization process.
WARNING:Xst:1293 - FF/Latch <XLXI_39/nstate_FSM_FFd4> has a constant value of 0 in block <top_for_multy_CPU>. This FF/Latch will be trimmed during the optimization process.
WARNING:Xst:1293 - FF/Latch <XLXI_39/nstate_FSM_FFd4> has a constant value of 0 in block <top_for_multy_CPU>. This FF/Latch will be trimmed during the optimization process.
Building and optimizing final netlist ...
Found area constraint ratio of 100 (+ 5) on block top_for_multy_CPU, actual ratio is 0.

Final Macro Processing ...

=========================================================================
Final Register Report

Macro Statistics
# Registers                                            : 174
 Flip-Flops                                            : 174

=========================================================================

=========================================================================
*                           Partition Report                            *
=========================================================================

Partition Implementation Status
-------------------------------

  No Partitions were found in this design.

-------------------------------

=========================================================================
*                            Design Summary                             *
=========================================================================

Top Level Output File Name         : top_for_multy_CPU.ngc

Primitive and Black Box Usage:
------------------------------
# BELS                             : 889
#      AND2                        : 193
#      AND3                        : 24
#      AND4                        : 16
#      AND5                        : 8
#      BUF                         : 1
#      GND                         : 1
#      INV                         : 8
#      LUT2                        : 8
#      LUT3                        : 78
#      LUT4                        : 118
#      LUT5                        : 84
#      LUT6                        : 100
#      MUXCY                       : 15
#      OR2                         : 73
#      OR3                         : 40
#      OR4                         : 16
#      OR5                         : 8
#      VCC                         : 1
#      XOR2                        : 97
# FlipFlops/Latches                : 239
#      FD                          : 134
#      FDE                         : 72
#      LD                          : 33
# RAMS                             : 130
#      RAM256X1S                   : 128
#      RAMB18E1                    : 2
# Clock Buffers                    : 2
#      BUFG                        : 1
#      BUFGP                       : 1

Device utilization summary:
---------------------------

Selected Device : 7k160tffg676-2l 


Slice Logic Utilization: 
 Number of Slice Registers:             239  out of  202800     0%  
 Number of Slice LUTs:                  908  out of  101400     0%  
    Number used as Logic:               396  out of  101400     0%  
    Number used as Memory:              512  out of  35000     1%  
       Number used as RAM:              512

Slice Logic Distribution: 
 Number of LUT Flip Flop pairs used:    962
   Number with an unused Flip Flop:     723  out of    962    75%  
   Number with an unused LUT:            54  out of    962     5%  
   Number of fully used LUT-FF pairs:   185  out of    962    19%  
   Number of unique control sets:        10

IO Utilization: 
 Number of IOs:                           6
 Number of bonded IOBs:                   1  out of    400     0%  

Specific Feature Utilization:
 Number of Block RAM/FIFO:                1  out of    325     0%  
    Number using Block RAM only:          1
 Number of BUFG/BUFGCTRLs:                2  out of     32     6%  

---------------------------
Partition Resource Summary:
---------------------------

  No Partitions were found in this design.

---------------------------


=========================================================================
Timing Report

NOTE: THESE TIMING NUMBERS ARE ONLY A SYNTHESIS ESTIMATE.
      FOR ACCURATE TIMING INFORMATION PLEASE REFER TO THE TRACE REPORT
      GENERATED AFTER PLACE-and-ROUTE.

Clock Information:
------------------
---------------------------------------+------------------------+-------+
Clock Signal                           | Clock buffer(FF name)  | Load  |
---------------------------------------+------------------------+-------+
clk                                    | BUFGP                  | 336   |
XLXI_30/_n0254<1>(XLXI_30/_n0254<1>1:O)| BUFG(*)(XLXI_30/O_0)   | 32    |
XLXI_30/_n0254<2>(XLXI_30/_n0254<2>1:O)| NONE(*)(XLXI_30/mode)  | 1     |
---------------------------------------+------------------------+-------+
(*) These 2 clock signal(s) are generated by combinatorial logic,
and XST is not able to identify which are the primary clock signals.
Please use the CLOCK_SIGNAL constraint to specify the clock signal(s) generated by combinatorial logic.
INFO:Xst:2169 - HDL ADVISOR - Some clock signals were not automatically buffered by XST with BUFG/BUFR resources. Please use the buffer_type constraint in order to insert these buffers to the clock signals to help prevent skew problems.

Asynchronous Control Signals Information:
----------------------------------------
No asynchronous control signals found in this design

Timing Summary:
---------------
Speed Grade: -2

   Minimum period: 3.724ns (Maximum Frequency: 268.556MHz)
   Minimum input arrival time before clock: No path found
   Maximum output required time after clock: No path found
   Maximum combinational path delay: No path found

Timing Details:
---------------
All values displayed in nanoseconds (ns)

=========================================================================
Timing constraint: Default period analysis for Clock 'clk'
  Clock period: 3.724ns (frequency: 268.556MHz)
  Total number of paths / destination ports: 13108 / 1618
-------------------------------------------------------------------------
Delay:               3.724ns (Levels of Logic = 6)
  Source:            XLXI_32/pc_6 (FF)
  Destination:       XLXI_7/Mram_m (RAM)
  Source Clock:      clk rising
  Destination Clock: clk rising

  Data Path: XLXI_32/pc_6 to XLXI_7/Mram_m
                                Gate     Net
    Cell:in->out      fanout   Delay   Delay  Logical Name (Net Name)
    ----------------------------------------  ------------
     FDE:C->Q             42   0.236   0.735  XLXI_32/pc_6 (XLXI_32/pc_6)
     LUT5:I0->O           11   0.043   0.406  XLXI_38/Madd_a2_xor<6>131 (XLXI_38/Madd_a2_xor<6>13)
     LUT3:I2->O            1   0.043   0.350  XLXI_38/Madd_a1_xor<9>11_SW0 (N72)
     LUT6:I5->O           12   0.043   0.664  XLXI_38/Madd_a1_xor<9>11 (XLXI_38/a1<9>)
     begin scope: 'XLXI_38/m1:a<9>'
     LUT6:I1->O            3   0.043   0.362  U0/xst_options.dist_mem_inst/gen_sp_ram.spram_inst/inst_LPM_MUX121 (spo<0>)
     end scope: 'XLXI_38/m1:spo<0>'
     LUT3:I2->O            1   0.043   0.339  XLXN_26<24>_01 (XLXN_26<24>_0_0)
     RAMB18E1:ADDRARDADDR8        0.416          XLXI_7/Mram_m
    ----------------------------------------
    Total                      3.724ns (0.867ns logic, 2.857ns route)
                                       (23.3% logic, 76.7% route)

=========================================================================

Cross Clock Domains Report:
--------------------------

Clock to Setup on destination clock XLXI_30/_n0254<1>
-----------------+---------+---------+---------+---------+
                 | Src:Rise| Src:Fall| Src:Rise| Src:Fall|
Source Clock     |Dest:Rise|Dest:Rise|Dest:Fall|Dest:Fall|
-----------------+---------+---------+---------+---------+
XLXI_30/_n0254<2>|         |         |   12.629|         |
clk              |         |         |   13.208|         |
-----------------+---------+---------+---------+---------+

Clock to Setup on destination clock XLXI_30/_n0254<2>
---------------+---------+---------+---------+---------+
               | Src:Rise| Src:Fall| Src:Rise| Src:Fall|
Source Clock   |Dest:Rise|Dest:Rise|Dest:Fall|Dest:Fall|
---------------+---------+---------+---------+---------+
clk            |         |         |    1.023|         |
---------------+---------+---------+---------+---------+

Clock to Setup on destination clock clk
-----------------+---------+---------+---------+---------+
                 | Src:Rise| Src:Fall| Src:Rise| Src:Fall|
Source Clock     |Dest:Rise|Dest:Rise|Dest:Fall|Dest:Fall|
-----------------+---------+---------+---------+---------+
XLXI_30/_n0254<1>|         |    5.629|         |         |
clk              |    3.724|         |         |         |
-----------------+---------+---------+---------+---------+

=========================================================================


Total REAL time to Xst completion: 26.00 secs
Total CPU time to Xst completion: 25.87 secs
 
--> 

Total memory usage is 453108 kilobytes

Number of errors   :    0 (   0 filtered)
Number of warnings :  113 (   0 filtered)
Number of infos    :   15 (   0 filtered)

