INFO:sim:172 - Generating IP...
Resolving generics for 'mem4'...
Applying external generics to 'mem4'...
Delivering associated files for 'mem4'...
Delivering EJava files for 'mem4'...
Generating implementation netlist for 'mem4'...
INFO:sim - Pre-processing HDL files for 'mem4'...
Running synthesis for 'mem4'
Running ngcbuild...
Writing VEO instantiation template for 'mem4'...
Writing Verilog behavioral simulation model for 'mem4'...
WARNING:sim - Overwriting existing file
   C:/Users/asus/Desktop/Multiple/ipcore_dir/tmp/_cg/mem4/doc/dist_mem_gen_v7_2_
   vinfo.html with file from view xilinx_documentation
Delivered 2 files into directory
C:/Users/asus/Desktop/Multiple/ipcore_dir/tmp/_cg/mem4
Generating ASY schematic symbol...
INFO:sim:949 - Finished generation of ASY schematic symbol.
Generating SYM schematic symbol for 'mem4'...
Generating metadata file...
Generating ISE project file for 'mem4'...
Generating ISE project...
XCO file found: mem4.xco
XMDF file found: mem4_xmdf.tcl
Adding C:/Users/asus/Desktop/Multiple/ipcore_dir/tmp/_cg/mem4.asy -view all
-origin_type imported
Adding C:/Users/asus/Desktop/Multiple/ipcore_dir/tmp/_cg/mem4.ngc -view all
-origin_type created
Checking file "C:/Users/asus/Desktop/Multiple/ipcore_dir/tmp/_cg/mem4.ngc" for
project device match ...
File "C:/Users/asus/Desktop/Multiple/ipcore_dir/tmp/_cg/mem4.ngc" device
information matches project device.
Adding C:/Users/asus/Desktop/Multiple/ipcore_dir/tmp/_cg/mem4.sym -view all
-origin_type imported
Adding C:/Users/asus/Desktop/Multiple/ipcore_dir/tmp/_cg/mem4.v -view all
-origin_type created
INFO:HDLCompiler:1845 - Analyzing Verilog file
   "C:/Users/asus/Desktop/Multiple/ipcore_dir/tmp/_cg/mem4.v" into library work
INFO:ProjectMgmt - Parsing design hierarchy completed successfully.
Adding C:/Users/asus/Desktop/Multiple/ipcore_dir/tmp/_cg/mem4.veo -view all
-origin_type imported
INFO:TclTasksC:2116 - The automatic calculation of top has been turned-off.
   Please set the new top explicitly by running the "project set top" command.
   To re-calculate the new top automatically, set the "Auto Implementation Top"
   property to true.
Top level has been set to "/mem4"
Generating README file...
Generating FLIST file...
INFO:sim:948 - Finished FLIST file generation.
Launching README viewer...
Moving files to output directory...
Finished moving files to output directory
Wrote CGP file for project 'mem4'.
