INFO:sim:172 - Generating IP...
Resolving generics for 'mem8'...
Applying external generics to 'mem8'...
Delivering associated files for 'mem8'...
Delivering EJava files for 'mem8'...
Generating implementation netlist for 'mem8'...
INFO:sim - Pre-processing HDL files for 'mem8'...
Running synthesis for 'mem8'
Running ngcbuild...
Writing VEO instantiation template for 'mem8'...
Writing Verilog behavioral simulation model for 'mem8'...
WARNING:sim - Overwriting existing file
   E:/ISE/work/single_all/ipcore_dir/tmp/_cg/mem8/doc/dist_mem_gen_v7_2_vinfo.ht
   ml with file from view xilinx_documentation
Delivered 2 files into directory E:/ISE/work/single_all/ipcore_dir/tmp/_cg/mem8
Generating ASY schematic symbol...
INFO:sim:949 - Finished generation of ASY schematic symbol.
Generating SYM schematic symbol for 'mem8'...
Generating metadata file...
Generating ISE project file for 'mem8'...
Generating ISE project...
XCO file found: mem8.xco
XMDF file found: mem8_xmdf.tcl
Adding E:/ISE/work/single_all/ipcore_dir/tmp/_cg/mem8.asy -view all -origin_type
imported
Adding E:/ISE/work/single_all/ipcore_dir/tmp/_cg/mem8.ngc -view all -origin_type
created
Checking file "E:/ISE/work/single_all/ipcore_dir/tmp/_cg/mem8.ngc" for project
device match ...
File "E:/ISE/work/single_all/ipcore_dir/tmp/_cg/mem8.ngc" device information
matches project device.
Adding E:/ISE/work/single_all/ipcore_dir/tmp/_cg/mem8.sym -view all -origin_type
imported
Adding E:/ISE/work/single_all/ipcore_dir/tmp/_cg/mem8.v -view all -origin_type
created
INFO:HDLCompiler:1845 - Analyzing Verilog file
   "E:/ISE/work/single_all/ipcore_dir/tmp/_cg/mem8.v" into library work
INFO:ProjectMgmt - Parsing design hierarchy completed successfully.
Adding E:/ISE/work/single_all/ipcore_dir/tmp/_cg/mem8.veo -view all -origin_type
imported
INFO:TclTasksC:2116 - The automatic calculation of top has been turned-off.
   Please set the new top explicitly by running the "project set top" command.
   To re-calculate the new top automatically, set the "Auto Implementation Top"
   property to true.
Top level has been set to "/mem8"
Generating README file...
Generating FLIST file...
INFO:sim:948 - Finished FLIST file generation.
Launching README viewer...
Moving files to output directory...
Finished moving files to output directory
Wrote CGP file for project 'mem8'.
