Release 14.7 Map P.20131013 (nt64)
Xilinx Mapping Report File for Design 'top_for_single'

Design Information
------------------
Command Line   : map -intstyle ise -p xc7k160t-ffg676-2L -w -logic_opt off -ol
high -t 1 -xt 0 -register_duplication off -r 4 -mt off -ir off -pr off -lc off
-power off -o top_for_single_map.ncd top_for_single.ngd top_for_single.pcf 
Target Device  : xc7k160t
Target Package : ffg676
Target Speed   : -2l
Mapper Version : kintex7 -- $Revision: 1.55 $
Mapped Date    : Thu May 19 15:47:48 2016

Design Summary
--------------
Number of errors   :  32
Number of warnings :   0

Section 1 - Errors
------------------
ERROR:MapLib:979 - LUT3 symbol
   "XLXI_69/m1/U0/xst_options.dist_mem_inst/gen_sp_ram.spram_inst/write_ctrl"
   (output
   signal=XLXI_69/m1/U0/xst_options.dist_mem_inst/gen_sp_ram.spram_inst/write_ct
   rl) has input signal "XLXI_69/m1/we" which will be trimmed. See Section 5 of
   the Map Report File for details about why the input signal will become
   undriven.
ERROR:MapLib:979 - LUT3 symbol
   "XLXI_69/m1/U0/xst_options.dist_mem_inst/gen_sp_ram.spram_inst/write_ctrl1"
   (output
   signal=XLXI_69/m1/U0/xst_options.dist_mem_inst/gen_sp_ram.spram_inst/write_ct
   rl1) has input signal "XLXI_69/m1/we" which will be trimmed. See Section 5 of
   the Map Report File for details about why the input signal will become
   undriven.
ERROR:MapLib:979 - LUT3 symbol
   "XLXI_69/m1/U0/xst_options.dist_mem_inst/gen_sp_ram.spram_inst/write_ctrl2"
   (output
   signal=XLXI_69/m1/U0/xst_options.dist_mem_inst/gen_sp_ram.spram_inst/write_ct
   rl2) has input signal "XLXI_69/m1/we" which will be trimmed. See Section 5 of
   the Map Report File for details about why the input signal will become
   undriven.
ERROR:MapLib:979 - LUT3 symbol
   "XLXI_69/m1/U0/xst_options.dist_mem_inst/gen_sp_ram.spram_inst/write_ctrl3"
   (output
   signal=XLXI_69/m1/U0/xst_options.dist_mem_inst/gen_sp_ram.spram_inst/write_ct
   rl3) has input signal "XLXI_69/m1/we" which will be trimmed. See Section 5 of
   the Map Report File for details about why the input signal will become
   undriven.
ERROR:MapLib:979 - LUT3 symbol
   "XLXI_69/m2/U0/xst_options.dist_mem_inst/gen_sp_ram.spram_inst/write_ctrl"
   (output
   signal=XLXI_69/m2/U0/xst_options.dist_mem_inst/gen_sp_ram.spram_inst/write_ct
   rl) has input signal "XLXI_69/m2/we" which will be trimmed. See Section 5 of
   the Map Report File for details about why the input signal will become
   undriven.
ERROR:MapLib:979 - LUT3 symbol
   "XLXI_69/m2/U0/xst_options.dist_mem_inst/gen_sp_ram.spram_inst/write_ctrl1"
   (output
   signal=XLXI_69/m2/U0/xst_options.dist_mem_inst/gen_sp_ram.spram_inst/write_ct
   rl1) has input signal "XLXI_69/m2/we" which will be trimmed. See Section 5 of
   the Map Report File for details about why the input signal will become
   undriven.
ERROR:MapLib:979 - LUT3 symbol
   "XLXI_69/m2/U0/xst_options.dist_mem_inst/gen_sp_ram.spram_inst/write_ctrl2"
   (output
   signal=XLXI_69/m2/U0/xst_options.dist_mem_inst/gen_sp_ram.spram_inst/write_ct
   rl2) has input signal "XLXI_69/m2/we" which will be trimmed. See Section 5 of
   the Map Report File for details about why the input signal will become
   undriven.
ERROR:MapLib:979 - LUT3 symbol
   "XLXI_69/m2/U0/xst_options.dist_mem_inst/gen_sp_ram.spram_inst/write_ctrl3"
   (output
   signal=XLXI_69/m2/U0/xst_options.dist_mem_inst/gen_sp_ram.spram_inst/write_ct
   rl3) has input signal "XLXI_69/m2/we" which will be trimmed. See Section 5 of
   the Map Report File for details about why the input signal will become
   undriven.
ERROR:MapLib:979 - LUT3 symbol
   "XLXI_69/m3/U0/xst_options.dist_mem_inst/gen_sp_ram.spram_inst/write_ctrl"
   (output
   signal=XLXI_69/m3/U0/xst_options.dist_mem_inst/gen_sp_ram.spram_inst/write_ct
   rl) has input signal "XLXI_69/m3/we" which will be trimmed. See Section 5 of
   the Map Report File for details about why the input signal will become
   undriven.
ERROR:MapLib:979 - LUT3 symbol
   "XLXI_69/m3/U0/xst_options.dist_mem_inst/gen_sp_ram.spram_inst/write_ctrl1"
   (output
   signal=XLXI_69/m3/U0/xst_options.dist_mem_inst/gen_sp_ram.spram_inst/write_ct
   rl1) has input signal "XLXI_69/m3/we" which will be trimmed. See Section 5 of
   the Map Report File for details about why the input signal will become
   undriven.
ERROR:MapLib:979 - LUT3 symbol
   "XLXI_69/m3/U0/xst_options.dist_mem_inst/gen_sp_ram.spram_inst/write_ctrl2"
   (output
   signal=XLXI_69/m3/U0/xst_options.dist_mem_inst/gen_sp_ram.spram_inst/write_ct
   rl2) has input signal "XLXI_69/m3/we" which will be trimmed. See Section 5 of
   the Map Report File for details about why the input signal will become
   undriven.
ERROR:MapLib:979 - LUT3 symbol
   "XLXI_69/m3/U0/xst_options.dist_mem_inst/gen_sp_ram.spram_inst/write_ctrl3"
   (output
   signal=XLXI_69/m3/U0/xst_options.dist_mem_inst/gen_sp_ram.spram_inst/write_ct
   rl3) has input signal "XLXI_69/m3/we" which will be trimmed. See Section 5 of
   the Map Report File for details about why the input signal will become
   undriven.
ERROR:MapLib:979 - LUT3 symbol
   "XLXI_69/m4/U0/xst_options.dist_mem_inst/gen_sp_ram.spram_inst/write_ctrl"
   (output
   signal=XLXI_69/m4/U0/xst_options.dist_mem_inst/gen_sp_ram.spram_inst/write_ct
   rl) has input signal "XLXI_69/m4/we" which will be trimmed. See Section 5 of
   the Map Report File for details about why the input signal will become
   undriven.
ERROR:MapLib:979 - LUT3 symbol
   "XLXI_69/m4/U0/xst_options.dist_mem_inst/gen_sp_ram.spram_inst/write_ctrl1"
   (output
   signal=XLXI_69/m4/U0/xst_options.dist_mem_inst/gen_sp_ram.spram_inst/write_ct
   rl1) has input signal "XLXI_69/m4/we" which will be trimmed. See Section 5 of
   the Map Report File for details about why the input signal will become
   undriven.
ERROR:MapLib:979 - LUT3 symbol
   "XLXI_69/m4/U0/xst_options.dist_mem_inst/gen_sp_ram.spram_inst/write_ctrl2"
   (output
   signal=XLXI_69/m4/U0/xst_options.dist_mem_inst/gen_sp_ram.spram_inst/write_ct
   rl2) has input signal "XLXI_69/m4/we" which will be trimmed. See Section 5 of
   the Map Report File for details about why the input signal will become
   undriven.
ERROR:MapLib:979 - LUT3 symbol
   "XLXI_69/m4/U0/xst_options.dist_mem_inst/gen_sp_ram.spram_inst/write_ctrl3"
   (output
   signal=XLXI_69/m4/U0/xst_options.dist_mem_inst/gen_sp_ram.spram_inst/write_ct
   rl3) has input signal "XLXI_69/m4/we" which will be trimmed. See Section 5 of
   the Map Report File for details about why the input signal will become
   undriven.
ERROR:MapLib:978 - LUT3 symbol
   "XLXI_69/m1/U0/xst_options.dist_mem_inst/gen_sp_ram.spram_inst/write_ctrl"
   (output
   signal=XLXI_69/m1/U0/xst_options.dist_mem_inst/gen_sp_ram.spram_inst/write_ct
   rl) has an equation that uses input pin I0, which no longer has a connected
   signal. Please ensure that all the pins used in the equation for this LUT
   have signals that are not trimmed (see Section 5 of the Map Report File for
   details on which signals were trimmed).
ERROR:MapLib:978 - LUT3 symbol
   "XLXI_69/m1/U0/xst_options.dist_mem_inst/gen_sp_ram.spram_inst/write_ctrl1"
   (output
   signal=XLXI_69/m1/U0/xst_options.dist_mem_inst/gen_sp_ram.spram_inst/write_ct
   rl1) has an equation that uses input pin I2, which no longer has a connected
   signal. Please ensure that all the pins used in the equation for this LUT
   have signals that are not trimmed (see Section 5 of the Map Report File for
   details on which signals were trimmed).
ERROR:MapLib:978 - LUT3 symbol
   "XLXI_69/m1/U0/xst_options.dist_mem_inst/gen_sp_ram.spram_inst/write_ctrl2"
   (output
   signal=XLXI_69/m1/U0/xst_options.dist_mem_inst/gen_sp_ram.spram_inst/write_ct
   rl2) has an equation that uses input pin I2, which no longer has a connected
   signal. Please ensure that all the pins used in the equation for this LUT
   have signals that are not trimmed (see Section 5 of the Map Report File for
   details on which signals were trimmed).
ERROR:MapLib:978 - LUT3 symbol
   "XLXI_69/m1/U0/xst_options.dist_mem_inst/gen_sp_ram.spram_inst/write_ctrl3"
   (output
   signal=XLXI_69/m1/U0/xst_options.dist_mem_inst/gen_sp_ram.spram_inst/write_ct
   rl3) has an equation that uses input pin I2, which no longer has a connected
   signal. Please ensure that all the pins used in the equation for this LUT
   have signals that are not trimmed (see Section 5 of the Map Report File for
   details on which signals were trimmed).
ERROR:MapLib:978 - LUT3 symbol
   "XLXI_69/m2/U0/xst_options.dist_mem_inst/gen_sp_ram.spram_inst/write_ctrl"
   (output
   signal=XLXI_69/m2/U0/xst_options.dist_mem_inst/gen_sp_ram.spram_inst/write_ct
   rl) has an equation that uses input pin I0, which no longer has a connected
   signal. Please ensure that all the pins used in the equation for this LUT
   have signals that are not trimmed (see Section 5 of the Map Report File for
   details on which signals were trimmed).
ERROR:MapLib:978 - LUT3 symbol
   "XLXI_69/m2/U0/xst_options.dist_mem_inst/gen_sp_ram.spram_inst/write_ctrl1"
   (output
   signal=XLXI_69/m2/U0/xst_options.dist_mem_inst/gen_sp_ram.spram_inst/write_ct
   rl1) has an equation that uses input pin I2, which no longer has a connected
   signal. Please ensure that all the pins used in the equation for this LUT
   have signals that are not trimmed (see Section 5 of the Map Report File for
   details on which signals were trimmed).
ERROR:MapLib:978 - LUT3 symbol
   "XLXI_69/m2/U0/xst_options.dist_mem_inst/gen_sp_ram.spram_inst/write_ctrl2"
   (output
   signal=XLXI_69/m2/U0/xst_options.dist_mem_inst/gen_sp_ram.spram_inst/write_ct
   rl2) has an equation that uses input pin I2, which no longer has a connected
   signal. Please ensure that all the pins used in the equation for this LUT
   have signals that are not trimmed (see Section 5 of the Map Report File for
   details on which signals were trimmed).
ERROR:MapLib:978 - LUT3 symbol
   "XLXI_69/m2/U0/xst_options.dist_mem_inst/gen_sp_ram.spram_inst/write_ctrl3"
   (output
   signal=XLXI_69/m2/U0/xst_options.dist_mem_inst/gen_sp_ram.spram_inst/write_ct
   rl3) has an equation that uses input pin I2, which no longer has a connected
   signal. Please ensure that all the pins used in the equation for this LUT
   have signals that are not trimmed (see Section 5 of the Map Report File for
   details on which signals were trimmed).
ERROR:MapLib:978 - LUT3 symbol
   "XLXI_69/m3/U0/xst_options.dist_mem_inst/gen_sp_ram.spram_inst/write_ctrl"
   (output
   signal=XLXI_69/m3/U0/xst_options.dist_mem_inst/gen_sp_ram.spram_inst/write_ct
   rl) has an equation that uses input pin I0, which no longer has a connected
   signal. Please ensure that all the pins used in the equation for this LUT
   have signals that are not trimmed (see Section 5 of the Map Report File for
   details on which signals were trimmed).
ERROR:MapLib:978 - LUT3 symbol
   "XLXI_69/m3/U0/xst_options.dist_mem_inst/gen_sp_ram.spram_inst/write_ctrl1"
   (output
   signal=XLXI_69/m3/U0/xst_options.dist_mem_inst/gen_sp_ram.spram_inst/write_ct
   rl1) has an equation that uses input pin I2, which no longer has a connected
   signal. Please ensure that all the pins used in the equation for this LUT
   have signals that are not trimmed (see Section 5 of the Map Report File for
   details on which signals were trimmed).
ERROR:MapLib:978 - LUT3 symbol
   "XLXI_69/m3/U0/xst_options.dist_mem_inst/gen_sp_ram.spram_inst/write_ctrl2"
   (output
   signal=XLXI_69/m3/U0/xst_options.dist_mem_inst/gen_sp_ram.spram_inst/write_ct
   rl2) has an equation that uses input pin I2, which no longer has a connected
   signal. Please ensure that all the pins used in the equation for this LUT
   have signals that are not trimmed (see Section 5 of the Map Report File for
   details on which signals were trimmed).
ERROR:MapLib:978 - LUT3 symbol
   "XLXI_69/m3/U0/xst_options.dist_mem_inst/gen_sp_ram.spram_inst/write_ctrl3"
   (output
   signal=XLXI_69/m3/U0/xst_options.dist_mem_inst/gen_sp_ram.spram_inst/write_ct
   rl3) has an equation that uses input pin I2, which no longer has a connected
   signal. Please ensure that all the pins used in the equation for this LUT
   have signals that are not trimmed (see Section 5 of the Map Report File for
   details on which signals were trimmed).
ERROR:MapLib:978 - LUT3 symbol
   "XLXI_69/m4/U0/xst_options.dist_mem_inst/gen_sp_ram.spram_inst/write_ctrl"
   (output
   signal=XLXI_69/m4/U0/xst_options.dist_mem_inst/gen_sp_ram.spram_inst/write_ct
   rl) has an equation that uses input pin I0, which no longer has a connected
   signal. Please ensure that all the pins used in the equation for this LUT
   have signals that are not trimmed (see Section 5 of the Map Report File for
   details on which signals were trimmed).
ERROR:MapLib:978 - LUT3 symbol
   "XLXI_69/m4/U0/xst_options.dist_mem_inst/gen_sp_ram.spram_inst/write_ctrl1"
   (output
   signal=XLXI_69/m4/U0/xst_options.dist_mem_inst/gen_sp_ram.spram_inst/write_ct
   rl1) has an equation that uses input pin I2, which no longer has a connected
   signal. Please ensure that all the pins used in the equation for this LUT
   have signals that are not trimmed (see Section 5 of the Map Report File for
   details on which signals were trimmed).
ERROR:MapLib:978 - LUT3 symbol
   "XLXI_69/m4/U0/xst_options.dist_mem_inst/gen_sp_ram.spram_inst/write_ctrl2"
   (output
   signal=XLXI_69/m4/U0/xst_options.dist_mem_inst/gen_sp_ram.spram_inst/write_ct
   rl2) has an equation that uses input pin I2, which no longer has a connected
   signal. Please ensure that all the pins used in the equation for this LUT
   have signals that are not trimmed (see Section 5 of the Map Report File for
   details on which signals were trimmed).
ERROR:MapLib:978 - LUT3 symbol
   "XLXI_69/m4/U0/xst_options.dist_mem_inst/gen_sp_ram.spram_inst/write_ctrl3"
   (output
   signal=XLXI_69/m4/U0/xst_options.dist_mem_inst/gen_sp_ram.spram_inst/write_ct
   rl3) has an equation that uses input pin I2, which no longer has a connected
   signal. Please ensure that all the pins used in the equation for this LUT
   have signals that are not trimmed (see Section 5 of the Map Report File for
   details on which signals were trimmed).

Section 2 - Warnings
--------------------

Section 3 - Informational
-------------------------
INFO:LIT:243 - Logical network XLXI_6/Mram_m261/SPO has no load.
INFO:LIT:395 - The above info message is repeated 69 more times for the
   following (max. 5 shown):
   XLXI_6/Mram_m72/SPO,
   XLXI_6/Mram_m262/SPO,
   XLXI_6/Mram_m71/SPO,
   XLXI_6/Mram_m162/SPO,
   XLXI_6/Mram_m161/SPO
   To see the details of these info messages, please use the -detail switch.

Section 4 - Removed Logic Summary
---------------------------------
 530 block(s) removed
 106 block(s) optimized away
 408 signal(s) removed

Section 5 - Removed Logic
-------------------------

The trimmed logic report below shows the logic removed from your design due to
sourceless or loadless signals, and VCC or ground connections.  If the removal
of a signal or symbol results in the subsequent removal of an additional signal
or symbol, the message explaining that second removal will be indented.  This
indentation will be repeated as a chain of related logic is removed.

To quickly locate the original cause for the removal of a chain of logic, look
above the place where that logic is listed in the trimming report, then locate
the lines that are least indented (begin at the leftmost edge).

Loadless block "XLXI_13/XLXI_25" (XOR) removed.
 The signal "XLXI_13/XLXN_83" is loadless and has been removed.
  Loadless block "XLXI_13/XLXI_40/XLXI_30" (OR) removed.
   The signal "XLXI_13/XLXI_40/XLXN_153" is loadless and has been removed.
    Loadless block "XLXI_13/XLXI_40/XLXI_29" (AND) removed.
     The signal "XLXI_13/XLXI_40/XLXN_140" is loadless and has been removed.
      Loadless block "XLXI_13/XLXI_40/XLXI_24" (OR) removed.
   The signal "XLXI_13/XLXI_40/XLXN_152" is loadless and has been removed.
    Loadless block "XLXI_13/XLXI_40/XLXI_27" (AND) removed.
   The signal "XLXI_13/XLXI_40/XLXN_151" is loadless and has been removed.
    Loadless block "XLXI_13/XLXI_40/XLXI_25" (AND) removed.
   The signal "XLXI_13/XLXI_40/XLXN_150" is loadless and has been removed.
    Loadless block "XLXI_13/XLXI_40/XLXI_26" (AND) removed.
   The signal "XLXI_13/XLXI_40/XLXN_149" is loadless and has been removed.
    Loadless block "XLXI_13/XLXI_40/XLXI_28" (AND) removed.
Loadless block "XLXI_13/XLXI_26" (BUF) removed.
Loadless block "XLXI_13/XLXI_27/XLXI_2" (BUF) removed.
 The signal "XLXI_13/XLXI_27/XLXN_6" is loadless and has been removed.
  Loadless block "XLXI_13/XLXI_27/XLXI_1" (OR) removed.
Loadless block "XLXI_13/XLXI_28/XLXI_2" (BUF) removed.
 The signal "XLXI_13/XLXI_28/XLXN_6" is loadless and has been removed.
  Loadless block "XLXI_13/XLXI_28/XLXI_1" (OR) removed.
Loadless block "XLXI_13/XLXI_29/XLXI_2" (BUF) removed.
 The signal "XLXI_13/XLXI_29/XLXN_6" is loadless and has been removed.
  Loadless block "XLXI_13/XLXI_29/XLXI_1" (OR) removed.
Loadless block "XLXI_13/XLXI_30/XLXI_2" (BUF) removed.
 The signal "XLXI_13/XLXI_30/XLXN_6" is loadless and has been removed.
  Loadless block "XLXI_13/XLXI_30/XLXI_1" (OR) removed.
Loadless block "XLXI_13/XLXI_31/XLXI_2" (BUF) removed.
 The signal "XLXI_13/XLXI_31/XLXN_6" is loadless and has been removed.
  Loadless block "XLXI_13/XLXI_31/XLXI_1" (OR) removed.
Loadless block "XLXI_13/XLXI_32/XLXI_2" (BUF) removed.
 The signal "XLXI_13/XLXI_32/XLXN_6" is loadless and has been removed.
  Loadless block "XLXI_13/XLXI_32/XLXI_1" (OR) removed.
Loadless block "XLXI_13/XLXI_33/XLXI_2" (BUF) removed.
 The signal "XLXI_13/XLXI_33/XLXN_6" is loadless and has been removed.
  Loadless block "XLXI_13/XLXI_33/XLXI_1" (OR) removed.
Loadless block "XLXI_13/XLXI_34/XLXI_2" (BUF) removed.
 The signal "XLXI_13/XLXI_34/XLXN_6" is loadless and has been removed.
  Loadless block "XLXI_13/XLXI_34/XLXI_1" (OR) removed.
Loadless block "XLXI_13/XLXI_36/XLXI_1/XLXI_6" (OR) removed.
 The signal "XLXI_13/XLXI_36/XLXI_1/XLXN_16" is loadless and has been removed.
  Loadless block "XLXI_13/XLXI_36/XLXI_1/XLXI_5" (AND) removed.
 The signal "XLXI_13/XLXI_36/XLXI_1/XLXN_15" is loadless and has been removed.
  Loadless block "XLXI_13/XLXI_36/XLXI_1/XLXI_4" (AND) removed.
 The signal "XLXI_13/XLXI_36/XLXI_1/XLXN_14" is loadless and has been removed.
  Loadless block "XLXI_13/XLXI_36/XLXI_1/XLXI_3" (AND) removed.
Loadless block "XLXI_13/XLXI_36/XLXI_2/XLXI_6" (OR) removed.
 The signal "XLXI_13/XLXI_36/XLXI_2/XLXN_16" is loadless and has been removed.
  Loadless block "XLXI_13/XLXI_36/XLXI_2/XLXI_5" (AND) removed.
 The signal "XLXI_13/XLXI_36/XLXI_2/XLXN_15" is loadless and has been removed.
  Loadless block "XLXI_13/XLXI_36/XLXI_2/XLXI_4" (AND) removed.
 The signal "XLXI_13/XLXI_36/XLXI_2/XLXN_14" is loadless and has been removed.
  Loadless block "XLXI_13/XLXI_36/XLXI_2/XLXI_3" (AND) removed.
Loadless block "XLXI_13/XLXI_36/XLXI_3/XLXI_6" (OR) removed.
 The signal "XLXI_13/XLXI_36/XLXI_3/XLXN_16" is loadless and has been removed.
  Loadless block "XLXI_13/XLXI_36/XLXI_3/XLXI_5" (AND) removed.
 The signal "XLXI_13/XLXI_36/XLXI_3/XLXN_15" is loadless and has been removed.
  Loadless block "XLXI_13/XLXI_36/XLXI_3/XLXI_4" (AND) removed.
 The signal "XLXI_13/XLXI_36/XLXI_3/XLXN_14" is loadless and has been removed.
  Loadless block "XLXI_13/XLXI_36/XLXI_3/XLXI_3" (AND) removed.
Loadless block "XLXI_13/XLXI_36/XLXI_4/XLXI_6" (OR) removed.
 The signal "XLXI_13/XLXI_36/XLXI_4/XLXN_16" is loadless and has been removed.
  Loadless block "XLXI_13/XLXI_36/XLXI_4/XLXI_5" (AND) removed.
 The signal "XLXI_13/XLXI_36/XLXI_4/XLXN_15" is loadless and has been removed.
  Loadless block "XLXI_13/XLXI_36/XLXI_4/XLXI_4" (AND) removed.
 The signal "XLXI_13/XLXI_36/XLXI_4/XLXN_14" is loadless and has been removed.
  Loadless block "XLXI_13/XLXI_36/XLXI_4/XLXI_3" (AND) removed.
Loadless block "XLXI_13/XLXI_37/XLXI_1/XLXI_6" (OR) removed.
 The signal "XLXI_13/XLXI_37/XLXI_1/XLXN_16" is loadless and has been removed.
  Loadless block "XLXI_13/XLXI_37/XLXI_1/XLXI_5" (AND) removed.
 The signal "XLXI_13/XLXI_37/XLXI_1/XLXN_15" is loadless and has been removed.
  Loadless block "XLXI_13/XLXI_37/XLXI_1/XLXI_4" (AND) removed.
 The signal "XLXI_13/XLXI_37/XLXI_1/XLXN_14" is loadless and has been removed.
  Loadless block "XLXI_13/XLXI_37/XLXI_1/XLXI_3" (AND) removed.
Loadless block "XLXI_13/XLXI_37/XLXI_2/XLXI_6" (OR) removed.
 The signal "XLXI_13/XLXI_37/XLXI_2/XLXN_16" is loadless and has been removed.
  Loadless block "XLXI_13/XLXI_37/XLXI_2/XLXI_5" (AND) removed.
 The signal "XLXI_13/XLXI_37/XLXI_2/XLXN_15" is loadless and has been removed.
  Loadless block "XLXI_13/XLXI_37/XLXI_2/XLXI_4" (AND) removed.
 The signal "XLXI_13/XLXI_37/XLXI_2/XLXN_14" is loadless and has been removed.
  Loadless block "XLXI_13/XLXI_37/XLXI_2/XLXI_3" (AND) removed.
Loadless block "XLXI_13/XLXI_37/XLXI_3/XLXI_6" (OR) removed.
 The signal "XLXI_13/XLXI_37/XLXI_3/XLXN_16" is loadless and has been removed.
  Loadless block "XLXI_13/XLXI_37/XLXI_3/XLXI_5" (AND) removed.
 The signal "XLXI_13/XLXI_37/XLXI_3/XLXN_15" is loadless and has been removed.
  Loadless block "XLXI_13/XLXI_37/XLXI_3/XLXI_4" (AND) removed.
 The signal "XLXI_13/XLXI_37/XLXI_3/XLXN_14" is loadless and has been removed.
  Loadless block "XLXI_13/XLXI_37/XLXI_3/XLXI_3" (AND) removed.
Loadless block "XLXI_13/XLXI_37/XLXI_4/XLXI_6" (OR) removed.
 The signal "XLXI_13/XLXI_37/XLXI_4/XLXN_16" is loadless and has been removed.
  Loadless block "XLXI_13/XLXI_37/XLXI_4/XLXI_5" (AND) removed.
 The signal "XLXI_13/XLXI_37/XLXI_4/XLXN_15" is loadless and has been removed.
  Loadless block "XLXI_13/XLXI_37/XLXI_4/XLXI_4" (AND) removed.
 The signal "XLXI_13/XLXI_37/XLXI_4/XLXN_14" is loadless and has been removed.
  Loadless block "XLXI_13/XLXI_37/XLXI_4/XLXI_3" (AND) removed.
Loadless block "XLXI_13/XLXI_38/XLXI_1/XLXI_6" (OR) removed.
 The signal "XLXI_13/XLXI_38/XLXI_1/XLXN_16" is loadless and has been removed.
  Loadless block "XLXI_13/XLXI_38/XLXI_1/XLXI_5" (AND) removed.
 The signal "XLXI_13/XLXI_38/XLXI_1/XLXN_15" is loadless and has been removed.
  Loadless block "XLXI_13/XLXI_38/XLXI_1/XLXI_4" (AND) removed.
 The signal "XLXI_13/XLXI_38/XLXI_1/XLXN_14" is loadless and has been removed.
  Loadless block "XLXI_13/XLXI_38/XLXI_1/XLXI_3" (AND) removed.
Loadless block "XLXI_13/XLXI_38/XLXI_2/XLXI_6" (OR) removed.
 The signal "XLXI_13/XLXI_38/XLXI_2/XLXN_16" is loadless and has been removed.
  Loadless block "XLXI_13/XLXI_38/XLXI_2/XLXI_5" (AND) removed.
 The signal "XLXI_13/XLXI_38/XLXI_2/XLXN_15" is loadless and has been removed.
  Loadless block "XLXI_13/XLXI_38/XLXI_2/XLXI_4" (AND) removed.
 The signal "XLXI_13/XLXI_38/XLXI_2/XLXN_14" is loadless and has been removed.
  Loadless block "XLXI_13/XLXI_38/XLXI_2/XLXI_3" (AND) removed.
Loadless block "XLXI_13/XLXI_38/XLXI_3/XLXI_6" (OR) removed.
 The signal "XLXI_13/XLXI_38/XLXI_3/XLXN_16" is loadless and has been removed.
  Loadless block "XLXI_13/XLXI_38/XLXI_3/XLXI_5" (AND) removed.
 The signal "XLXI_13/XLXI_38/XLXI_3/XLXN_15" is loadless and has been removed.
  Loadless block "XLXI_13/XLXI_38/XLXI_3/XLXI_4" (AND) removed.
 The signal "XLXI_13/XLXI_38/XLXI_3/XLXN_14" is loadless and has been removed.
  Loadless block "XLXI_13/XLXI_38/XLXI_3/XLXI_3" (AND) removed.
Loadless block "XLXI_13/XLXI_38/XLXI_4/XLXI_6" (OR) removed.
 The signal "XLXI_13/XLXI_38/XLXI_4/XLXN_16" is loadless and has been removed.
  Loadless block "XLXI_13/XLXI_38/XLXI_4/XLXI_5" (AND) removed.
 The signal "XLXI_13/XLXI_38/XLXI_4/XLXN_15" is loadless and has been removed.
  Loadless block "XLXI_13/XLXI_38/XLXI_4/XLXI_4" (AND) removed.
 The signal "XLXI_13/XLXI_38/XLXI_4/XLXN_14" is loadless and has been removed.
  Loadless block "XLXI_13/XLXI_38/XLXI_4/XLXI_3" (AND) removed.
Loadless block "XLXI_13/XLXI_39/XLXI_1/XLXI_6" (OR) removed.
 The signal "XLXI_13/XLXI_39/XLXI_1/XLXN_16" is loadless and has been removed.
  Loadless block "XLXI_13/XLXI_39/XLXI_1/XLXI_5" (AND) removed.
 The signal "XLXI_13/XLXI_39/XLXI_1/XLXN_15" is loadless and has been removed.
  Loadless block "XLXI_13/XLXI_39/XLXI_1/XLXI_4" (AND) removed.
 The signal "XLXI_13/XLXI_39/XLXI_1/XLXN_14" is loadless and has been removed.
  Loadless block "XLXI_13/XLXI_39/XLXI_1/XLXI_3" (AND) removed.
Loadless block "XLXI_13/XLXI_39/XLXI_2/XLXI_6" (OR) removed.
 The signal "XLXI_13/XLXI_39/XLXI_2/XLXN_16" is loadless and has been removed.
  Loadless block "XLXI_13/XLXI_39/XLXI_2/XLXI_5" (AND) removed.
 The signal "XLXI_13/XLXI_39/XLXI_2/XLXN_15" is loadless and has been removed.
  Loadless block "XLXI_13/XLXI_39/XLXI_2/XLXI_4" (AND) removed.
 The signal "XLXI_13/XLXI_39/XLXI_2/XLXN_14" is loadless and has been removed.
  Loadless block "XLXI_13/XLXI_39/XLXI_2/XLXI_3" (AND) removed.
Loadless block "XLXI_13/XLXI_39/XLXI_3/XLXI_6" (OR) removed.
 The signal "XLXI_13/XLXI_39/XLXI_3/XLXN_16" is loadless and has been removed.
  Loadless block "XLXI_13/XLXI_39/XLXI_3/XLXI_5" (AND) removed.
 The signal "XLXI_13/XLXI_39/XLXI_3/XLXN_15" is loadless and has been removed.
  Loadless block "XLXI_13/XLXI_39/XLXI_3/XLXI_4" (AND) removed.
 The signal "XLXI_13/XLXI_39/XLXI_3/XLXN_14" is loadless and has been removed.
  Loadless block "XLXI_13/XLXI_39/XLXI_3/XLXI_3" (AND) removed.
Loadless block "XLXI_13/XLXI_39/XLXI_4/XLXI_6" (OR) removed.
 The signal "XLXI_13/XLXI_39/XLXI_4/XLXN_16" is loadless and has been removed.
  Loadless block "XLXI_13/XLXI_39/XLXI_4/XLXI_5" (AND) removed.
 The signal "XLXI_13/XLXI_39/XLXI_4/XLXN_15" is loadless and has been removed.
  Loadless block "XLXI_13/XLXI_39/XLXI_4/XLXI_4" (AND) removed.
 The signal "XLXI_13/XLXI_39/XLXI_4/XLXN_14" is loadless and has been removed.
  Loadless block "XLXI_13/XLXI_39/XLXI_4/XLXI_3" (AND) removed.
Loadless block "XLXI_13/XLXI_40/XLXI_1/XLXI_6" (OR) removed.
 The signal "XLXI_13/XLXI_40/XLXI_1/XLXN_16" is loadless and has been removed.
  Loadless block "XLXI_13/XLXI_40/XLXI_1/XLXI_5" (AND) removed.
 The signal "XLXI_13/XLXI_40/XLXI_1/XLXN_15" is loadless and has been removed.
  Loadless block "XLXI_13/XLXI_40/XLXI_1/XLXI_4" (AND) removed.
 The signal "XLXI_13/XLXI_40/XLXI_1/XLXN_14" is loadless and has been removed.
  Loadless block "XLXI_13/XLXI_40/XLXI_1/XLXI_3" (AND) removed.
Loadless block "XLXI_13/XLXI_40/XLXI_2/XLXI_6" (OR) removed.
 The signal "XLXI_13/XLXI_40/XLXI_2/XLXN_16" is loadless and has been removed.
  Loadless block "XLXI_13/XLXI_40/XLXI_2/XLXI_5" (AND) removed.
 The signal "XLXI_13/XLXI_40/XLXI_2/XLXN_15" is loadless and has been removed.
  Loadless block "XLXI_13/XLXI_40/XLXI_2/XLXI_4" (AND) removed.
 The signal "XLXI_13/XLXI_40/XLXI_2/XLXN_14" is loadless and has been removed.
  Loadless block "XLXI_13/XLXI_40/XLXI_2/XLXI_3" (AND) removed.
Loadless block "XLXI_13/XLXI_40/XLXI_3/XLXI_6" (OR) removed.
 The signal "XLXI_13/XLXI_40/XLXI_3/XLXN_16" is loadless and has been removed.
  Loadless block "XLXI_13/XLXI_40/XLXI_3/XLXI_5" (AND) removed.
 The signal "XLXI_13/XLXI_40/XLXI_3/XLXN_15" is loadless and has been removed.
  Loadless block "XLXI_13/XLXI_40/XLXI_3/XLXI_4" (AND) removed.
 The signal "XLXI_13/XLXI_40/XLXI_3/XLXN_14" is loadless and has been removed.
  Loadless block "XLXI_13/XLXI_40/XLXI_3/XLXI_3" (AND) removed.
Loadless block "XLXI_13/XLXI_40/XLXI_4/XLXI_6" (OR) removed.
 The signal "XLXI_13/XLXI_40/XLXI_4/XLXN_16" is loadless and has been removed.
  Loadless block "XLXI_13/XLXI_40/XLXI_4/XLXI_5" (AND) removed.
 The signal "XLXI_13/XLXI_40/XLXI_4/XLXN_15" is loadless and has been removed.
  Loadless block "XLXI_13/XLXI_40/XLXI_4/XLXI_4" (AND) removed.
 The signal "XLXI_13/XLXI_40/XLXI_4/XLXN_14" is loadless and has been removed.
  Loadless block "XLXI_13/XLXI_40/XLXI_4/XLXI_3" (AND) removed.
Loadless block "XLXI_13/XLXI_41/XLXI_1/XLXI_6" (OR) removed.
 The signal "XLXI_13/XLXI_41/XLXI_1/XLXN_16" is loadless and has been removed.
  Loadless block "XLXI_13/XLXI_41/XLXI_1/XLXI_5" (AND) removed.
 The signal "XLXI_13/XLXI_41/XLXI_1/XLXN_15" is loadless and has been removed.
  Loadless block "XLXI_13/XLXI_41/XLXI_1/XLXI_4" (AND) removed.
 The signal "XLXI_13/XLXI_41/XLXI_1/XLXN_14" is loadless and has been removed.
  Loadless block "XLXI_13/XLXI_41/XLXI_1/XLXI_3" (AND) removed.
Loadless block "XLXI_13/XLXI_41/XLXI_2/XLXI_6" (OR) removed.
 The signal "XLXI_13/XLXI_41/XLXI_2/XLXN_16" is loadless and has been removed.
  Loadless block "XLXI_13/XLXI_41/XLXI_2/XLXI_5" (AND) removed.
 The signal "XLXI_13/XLXI_41/XLXI_2/XLXN_15" is loadless and has been removed.
  Loadless block "XLXI_13/XLXI_41/XLXI_2/XLXI_4" (AND) removed.
 The signal "XLXI_13/XLXI_41/XLXI_2/XLXN_14" is loadless and has been removed.
  Loadless block "XLXI_13/XLXI_41/XLXI_2/XLXI_3" (AND) removed.
Loadless block "XLXI_13/XLXI_41/XLXI_3/XLXI_6" (OR) removed.
 The signal "XLXI_13/XLXI_41/XLXI_3/XLXN_16" is loadless and has been removed.
  Loadless block "XLXI_13/XLXI_41/XLXI_3/XLXI_5" (AND) removed.
 The signal "XLXI_13/XLXI_41/XLXI_3/XLXN_15" is loadless and has been removed.
  Loadless block "XLXI_13/XLXI_41/XLXI_3/XLXI_4" (AND) removed.
 The signal "XLXI_13/XLXI_41/XLXI_3/XLXN_14" is loadless and has been removed.
  Loadless block "XLXI_13/XLXI_41/XLXI_3/XLXI_3" (AND) removed.
Loadless block "XLXI_13/XLXI_41/XLXI_4/XLXI_6" (OR) removed.
 The signal "XLXI_13/XLXI_41/XLXI_4/XLXN_16" is loadless and has been removed.
  Loadless block "XLXI_13/XLXI_41/XLXI_4/XLXI_5" (AND) removed.
 The signal "XLXI_13/XLXI_41/XLXI_4/XLXN_15" is loadless and has been removed.
  Loadless block "XLXI_13/XLXI_41/XLXI_4/XLXI_4" (AND) removed.
 The signal "XLXI_13/XLXI_41/XLXI_4/XLXN_14" is loadless and has been removed.
  Loadless block "XLXI_13/XLXI_41/XLXI_4/XLXI_3" (AND) removed.
Loadless block "XLXI_13/XLXI_42/XLXI_1/XLXI_6" (OR) removed.
 The signal "XLXI_13/XLXI_42/XLXI_1/XLXN_16" is loadless and has been removed.
  Loadless block "XLXI_13/XLXI_42/XLXI_1/XLXI_5" (AND) removed.
 The signal "XLXI_13/XLXI_42/XLXI_1/XLXN_15" is loadless and has been removed.
  Loadless block "XLXI_13/XLXI_42/XLXI_1/XLXI_4" (AND) removed.
 The signal "XLXI_13/XLXI_42/XLXI_1/XLXN_14" is loadless and has been removed.
  Loadless block "XLXI_13/XLXI_42/XLXI_1/XLXI_3" (AND) removed.
Loadless block "XLXI_13/XLXI_42/XLXI_2/XLXI_6" (OR) removed.
 The signal "XLXI_13/XLXI_42/XLXI_2/XLXN_16" is loadless and has been removed.
  Loadless block "XLXI_13/XLXI_42/XLXI_2/XLXI_5" (AND) removed.
 The signal "XLXI_13/XLXI_42/XLXI_2/XLXN_15" is loadless and has been removed.
  Loadless block "XLXI_13/XLXI_42/XLXI_2/XLXI_4" (AND) removed.
 The signal "XLXI_13/XLXI_42/XLXI_2/XLXN_14" is loadless and has been removed.
  Loadless block "XLXI_13/XLXI_42/XLXI_2/XLXI_3" (AND) removed.
Loadless block "XLXI_13/XLXI_42/XLXI_3/XLXI_6" (OR) removed.
 The signal "XLXI_13/XLXI_42/XLXI_3/XLXN_16" is loadless and has been removed.
  Loadless block "XLXI_13/XLXI_42/XLXI_3/XLXI_5" (AND) removed.
 The signal "XLXI_13/XLXI_42/XLXI_3/XLXN_15" is loadless and has been removed.
  Loadless block "XLXI_13/XLXI_42/XLXI_3/XLXI_4" (AND) removed.
 The signal "XLXI_13/XLXI_42/XLXI_3/XLXN_14" is loadless and has been removed.
  Loadless block "XLXI_13/XLXI_42/XLXI_3/XLXI_3" (AND) removed.
Loadless block "XLXI_13/XLXI_42/XLXI_4/XLXI_6" (OR) removed.
 The signal "XLXI_13/XLXI_42/XLXI_4/XLXN_16" is loadless and has been removed.
  Loadless block "XLXI_13/XLXI_42/XLXI_4/XLXI_5" (AND) removed.
 The signal "XLXI_13/XLXI_42/XLXI_4/XLXN_15" is loadless and has been removed.
  Loadless block "XLXI_13/XLXI_42/XLXI_4/XLXI_4" (AND) removed.
 The signal "XLXI_13/XLXI_42/XLXI_4/XLXN_14" is loadless and has been removed.
  Loadless block "XLXI_13/XLXI_42/XLXI_4/XLXI_3" (AND) removed.
Loadless block "XLXI_13/XLXI_43/XLXI_1/XLXI_6" (OR) removed.
 The signal "XLXI_13/XLXI_43/XLXI_1/XLXN_16" is loadless and has been removed.
  Loadless block "XLXI_13/XLXI_43/XLXI_1/XLXI_5" (AND) removed.
 The signal "XLXI_13/XLXI_43/XLXI_1/XLXN_15" is loadless and has been removed.
  Loadless block "XLXI_13/XLXI_43/XLXI_1/XLXI_4" (AND) removed.
 The signal "XLXI_13/XLXI_43/XLXI_1/XLXN_14" is loadless and has been removed.
  Loadless block "XLXI_13/XLXI_43/XLXI_1/XLXI_3" (AND) removed.
Loadless block "XLXI_13/XLXI_43/XLXI_2/XLXI_6" (OR) removed.
 The signal "XLXI_13/XLXI_43/XLXI_2/XLXN_16" is loadless and has been removed.
  Loadless block "XLXI_13/XLXI_43/XLXI_2/XLXI_5" (AND) removed.
 The signal "XLXI_13/XLXI_43/XLXI_2/XLXN_15" is loadless and has been removed.
  Loadless block "XLXI_13/XLXI_43/XLXI_2/XLXI_4" (AND) removed.
 The signal "XLXI_13/XLXI_43/XLXI_2/XLXN_14" is loadless and has been removed.
  Loadless block "XLXI_13/XLXI_43/XLXI_2/XLXI_3" (AND) removed.
Loadless block "XLXI_13/XLXI_43/XLXI_3/XLXI_6" (OR) removed.
 The signal "XLXI_13/XLXI_43/XLXI_3/XLXN_16" is loadless and has been removed.
  Loadless block "XLXI_13/XLXI_43/XLXI_3/XLXI_5" (AND) removed.
 The signal "XLXI_13/XLXI_43/XLXI_3/XLXN_15" is loadless and has been removed.
  Loadless block "XLXI_13/XLXI_43/XLXI_3/XLXI_4" (AND) removed.
 The signal "XLXI_13/XLXI_43/XLXI_3/XLXN_14" is loadless and has been removed.
  Loadless block "XLXI_13/XLXI_43/XLXI_3/XLXI_3" (AND) removed.
Loadless block "XLXI_13/XLXI_43/XLXI_4/XLXI_6" (OR) removed.
 The signal "XLXI_13/XLXI_43/XLXI_4/XLXN_16" is loadless and has been removed.
  Loadless block "XLXI_13/XLXI_43/XLXI_4/XLXI_5" (AND) removed.
 The signal "XLXI_13/XLXI_43/XLXI_4/XLXN_15" is loadless and has been removed.
  Loadless block "XLXI_13/XLXI_43/XLXI_4/XLXI_4" (AND) removed.
 The signal "XLXI_13/XLXI_43/XLXI_4/XLXN_14" is loadless and has been removed.
  Loadless block "XLXI_13/XLXI_43/XLXI_4/XLXI_3" (AND) removed.
Loadless block "XLXI_19/XLXI_25" (XOR) removed.
 The signal "XLXI_19/XLXN_83" is loadless and has been removed.
  Loadless block "XLXI_19/XLXI_40/XLXI_30" (OR) removed.
   The signal "XLXI_19/XLXI_40/XLXN_153" is loadless and has been removed.
    Loadless block "XLXI_19/XLXI_40/XLXI_29" (AND) removed.
     The signal "XLXI_19/XLXI_40/XLXN_140" is loadless and has been removed.
      Loadless block "XLXI_19/XLXI_40/XLXI_24" (OR) removed.
   The signal "XLXI_19/XLXI_40/XLXN_152" is loadless and has been removed.
    Loadless block "XLXI_19/XLXI_40/XLXI_27" (AND) removed.
   The signal "XLXI_19/XLXI_40/XLXN_151" is loadless and has been removed.
    Loadless block "XLXI_19/XLXI_40/XLXI_25" (AND) removed.
   The signal "XLXI_19/XLXI_40/XLXN_150" is loadless and has been removed.
    Loadless block "XLXI_19/XLXI_40/XLXI_26" (AND) removed.
   The signal "XLXI_19/XLXI_40/XLXN_149" is loadless and has been removed.
    Loadless block "XLXI_19/XLXI_40/XLXI_28" (AND) removed.
Loadless block "XLXI_19/XLXI_26" (BUF) removed.
Loadless block "XLXI_19/XLXI_27/XLXI_2" (BUF) removed.
 The signal "XLXI_19/XLXI_27/XLXN_6" is loadless and has been removed.
  Loadless block "XLXI_19/XLXI_27/XLXI_1" (OR) removed.
Loadless block "XLXI_19/XLXI_28/XLXI_2" (BUF) removed.
 The signal "XLXI_19/XLXI_28/XLXN_6" is loadless and has been removed.
  Loadless block "XLXI_19/XLXI_28/XLXI_1" (OR) removed.
Loadless block "XLXI_19/XLXI_29/XLXI_2" (BUF) removed.
 The signal "XLXI_19/XLXI_29/XLXN_6" is loadless and has been removed.
  Loadless block "XLXI_19/XLXI_29/XLXI_1" (OR) removed.
   The signal "XLXN_46<0>" is loadless and has been removed.
    Loadless block "XLXI_19/XLXI_36/XLXI_4/XLXI_2" (XOR) removed.
     The signal "XLXI_19/XLXI_36/XLXI_4/XLXN_1" is loadless and has been removed.
      Loadless block "XLXI_19/XLXI_36/XLXI_4/XLXI_1" (XOR) removed.
   The signal "XLXN_46<1>" is loadless and has been removed.
    Loadless block "XLXI_19/XLXI_36/XLXI_1/XLXI_2" (XOR) removed.
     The signal "XLXI_19/XLXI_36/XLXN_48" is loadless and has been removed.
      Loadless block "XLXI_19/XLXI_36/XLXI_12" (OR) removed.
       The signal "XLXI_19/XLXI_36/XLXN_46" is loadless and has been removed.
        Loadless block "XLXI_19/XLXI_36/XLXI_11" (AND) removed.
     The signal "XLXI_19/XLXI_36/XLXI_1/XLXN_1" is loadless and has been removed.
      Loadless block "XLXI_19/XLXI_36/XLXI_1/XLXI_1" (XOR) removed.
Loadless block "XLXI_19/XLXI_30/XLXI_2" (BUF) removed.
 The signal "XLXI_19/XLXI_30/XLXN_6" is loadless and has been removed.
  Loadless block "XLXI_19/XLXI_30/XLXI_1" (OR) removed.
Loadless block "XLXI_19/XLXI_31/XLXI_2" (BUF) removed.
 The signal "XLXI_19/XLXI_31/XLXN_6" is loadless and has been removed.
  Loadless block "XLXI_19/XLXI_31/XLXI_1" (OR) removed.
Loadless block "XLXI_19/XLXI_32/XLXI_2" (BUF) removed.
 The signal "XLXI_19/XLXI_32/XLXN_6" is loadless and has been removed.
  Loadless block "XLXI_19/XLXI_32/XLXI_1" (OR) removed.
Loadless block "XLXI_19/XLXI_33/XLXI_2" (BUF) removed.
 The signal "XLXI_19/XLXI_33/XLXN_6" is loadless and has been removed.
  Loadless block "XLXI_19/XLXI_33/XLXI_1" (OR) removed.
Loadless block "XLXI_19/XLXI_34/XLXI_2" (BUF) removed.
 The signal "XLXI_19/XLXI_34/XLXN_6" is loadless and has been removed.
  Loadless block "XLXI_19/XLXI_34/XLXI_1" (OR) removed.
Loadless block "XLXI_19/XLXI_36/XLXI_1/XLXI_6" (OR) removed.
 The signal "XLXI_19/XLXI_36/XLXI_1/XLXN_16" is loadless and has been removed.
  Loadless block "XLXI_19/XLXI_36/XLXI_1/XLXI_5" (AND) removed.
 The signal "XLXI_19/XLXI_36/XLXI_1/XLXN_15" is loadless and has been removed.
  Loadless block "XLXI_19/XLXI_36/XLXI_1/XLXI_4" (AND) removed.
 The signal "XLXI_19/XLXI_36/XLXI_1/XLXN_14" is loadless and has been removed.
  Loadless block "XLXI_19/XLXI_36/XLXI_1/XLXI_3" (AND) removed.
Loadless block "XLXI_19/XLXI_36/XLXI_2/XLXI_6" (OR) removed.
 The signal "XLXI_19/XLXI_36/XLXI_2/XLXN_16" is loadless and has been removed.
  Loadless block "XLXI_19/XLXI_36/XLXI_2/XLXI_5" (AND) removed.
 The signal "XLXI_19/XLXI_36/XLXI_2/XLXN_15" is loadless and has been removed.
  Loadless block "XLXI_19/XLXI_36/XLXI_2/XLXI_4" (AND) removed.
 The signal "XLXI_19/XLXI_36/XLXI_2/XLXN_14" is loadless and has been removed.
  Loadless block "XLXI_19/XLXI_36/XLXI_2/XLXI_3" (AND) removed.
Loadless block "XLXI_19/XLXI_36/XLXI_3/XLXI_6" (OR) removed.
 The signal "XLXI_19/XLXI_36/XLXI_3/XLXN_16" is loadless and has been removed.
  Loadless block "XLXI_19/XLXI_36/XLXI_3/XLXI_5" (AND) removed.
 The signal "XLXI_19/XLXI_36/XLXI_3/XLXN_15" is loadless and has been removed.
  Loadless block "XLXI_19/XLXI_36/XLXI_3/XLXI_4" (AND) removed.
 The signal "XLXI_19/XLXI_36/XLXI_3/XLXN_14" is loadless and has been removed.
  Loadless block "XLXI_19/XLXI_36/XLXI_3/XLXI_3" (AND) removed.
Loadless block "XLXI_19/XLXI_36/XLXI_4/XLXI_6" (OR) removed.
 The signal "XLXI_19/XLXI_36/XLXI_4/XLXN_16" is loadless and has been removed.
  Loadless block "XLXI_19/XLXI_36/XLXI_4/XLXI_5" (AND) removed.
 The signal "XLXI_19/XLXI_36/XLXI_4/XLXN_15" is loadless and has been removed.
  Loadless block "XLXI_19/XLXI_36/XLXI_4/XLXI_4" (AND) removed.
 The signal "XLXI_19/XLXI_36/XLXI_4/XLXN_14" is loadless and has been removed.
  Loadless block "XLXI_19/XLXI_36/XLXI_4/XLXI_3" (AND) removed.
Loadless block "XLXI_19/XLXI_37/XLXI_1/XLXI_6" (OR) removed.
 The signal "XLXI_19/XLXI_37/XLXI_1/XLXN_16" is loadless and has been removed.
  Loadless block "XLXI_19/XLXI_37/XLXI_1/XLXI_5" (AND) removed.
 The signal "XLXI_19/XLXI_37/XLXI_1/XLXN_15" is loadless and has been removed.
  Loadless block "XLXI_19/XLXI_37/XLXI_1/XLXI_4" (AND) removed.
 The signal "XLXI_19/XLXI_37/XLXI_1/XLXN_14" is loadless and has been removed.
  Loadless block "XLXI_19/XLXI_37/XLXI_1/XLXI_3" (AND) removed.
Loadless block "XLXI_19/XLXI_37/XLXI_2/XLXI_6" (OR) removed.
 The signal "XLXI_19/XLXI_37/XLXI_2/XLXN_16" is loadless and has been removed.
  Loadless block "XLXI_19/XLXI_37/XLXI_2/XLXI_5" (AND) removed.
 The signal "XLXI_19/XLXI_37/XLXI_2/XLXN_15" is loadless and has been removed.
  Loadless block "XLXI_19/XLXI_37/XLXI_2/XLXI_4" (AND) removed.
 The signal "XLXI_19/XLXI_37/XLXI_2/XLXN_14" is loadless and has been removed.
  Loadless block "XLXI_19/XLXI_37/XLXI_2/XLXI_3" (AND) removed.
Loadless block "XLXI_19/XLXI_37/XLXI_3/XLXI_6" (OR) removed.
 The signal "XLXI_19/XLXI_37/XLXI_3/XLXN_16" is loadless and has been removed.
  Loadless block "XLXI_19/XLXI_37/XLXI_3/XLXI_5" (AND) removed.
 The signal "XLXI_19/XLXI_37/XLXI_3/XLXN_15" is loadless and has been removed.
  Loadless block "XLXI_19/XLXI_37/XLXI_3/XLXI_4" (AND) removed.
 The signal "XLXI_19/XLXI_37/XLXI_3/XLXN_14" is loadless and has been removed.
  Loadless block "XLXI_19/XLXI_37/XLXI_3/XLXI_3" (AND) removed.
Loadless block "XLXI_19/XLXI_37/XLXI_4/XLXI_6" (OR) removed.
 The signal "XLXI_19/XLXI_37/XLXI_4/XLXN_16" is loadless and has been removed.
  Loadless block "XLXI_19/XLXI_37/XLXI_4/XLXI_5" (AND) removed.
 The signal "XLXI_19/XLXI_37/XLXI_4/XLXN_15" is loadless and has been removed.
  Loadless block "XLXI_19/XLXI_37/XLXI_4/XLXI_4" (AND) removed.
 The signal "XLXI_19/XLXI_37/XLXI_4/XLXN_14" is loadless and has been removed.
  Loadless block "XLXI_19/XLXI_37/XLXI_4/XLXI_3" (AND) removed.
Loadless block "XLXI_19/XLXI_38/XLXI_1/XLXI_6" (OR) removed.
 The signal "XLXI_19/XLXI_38/XLXI_1/XLXN_16" is loadless and has been removed.
  Loadless block "XLXI_19/XLXI_38/XLXI_1/XLXI_5" (AND) removed.
 The signal "XLXI_19/XLXI_38/XLXI_1/XLXN_15" is loadless and has been removed.
  Loadless block "XLXI_19/XLXI_38/XLXI_1/XLXI_4" (AND) removed.
 The signal "XLXI_19/XLXI_38/XLXI_1/XLXN_14" is loadless and has been removed.
  Loadless block "XLXI_19/XLXI_38/XLXI_1/XLXI_3" (AND) removed.
Loadless block "XLXI_19/XLXI_38/XLXI_2/XLXI_6" (OR) removed.
 The signal "XLXI_19/XLXI_38/XLXI_2/XLXN_16" is loadless and has been removed.
  Loadless block "XLXI_19/XLXI_38/XLXI_2/XLXI_5" (AND) removed.
 The signal "XLXI_19/XLXI_38/XLXI_2/XLXN_15" is loadless and has been removed.
  Loadless block "XLXI_19/XLXI_38/XLXI_2/XLXI_4" (AND) removed.
 The signal "XLXI_19/XLXI_38/XLXI_2/XLXN_14" is loadless and has been removed.
  Loadless block "XLXI_19/XLXI_38/XLXI_2/XLXI_3" (AND) removed.
Loadless block "XLXI_19/XLXI_38/XLXI_3/XLXI_6" (OR) removed.
 The signal "XLXI_19/XLXI_38/XLXI_3/XLXN_16" is loadless and has been removed.
  Loadless block "XLXI_19/XLXI_38/XLXI_3/XLXI_5" (AND) removed.
 The signal "XLXI_19/XLXI_38/XLXI_3/XLXN_15" is loadless and has been removed.
  Loadless block "XLXI_19/XLXI_38/XLXI_3/XLXI_4" (AND) removed.
 The signal "XLXI_19/XLXI_38/XLXI_3/XLXN_14" is loadless and has been removed.
  Loadless block "XLXI_19/XLXI_38/XLXI_3/XLXI_3" (AND) removed.
Loadless block "XLXI_19/XLXI_38/XLXI_4/XLXI_6" (OR) removed.
 The signal "XLXI_19/XLXI_38/XLXI_4/XLXN_16" is loadless and has been removed.
  Loadless block "XLXI_19/XLXI_38/XLXI_4/XLXI_5" (AND) removed.
 The signal "XLXI_19/XLXI_38/XLXI_4/XLXN_15" is loadless and has been removed.
  Loadless block "XLXI_19/XLXI_38/XLXI_4/XLXI_4" (AND) removed.
 The signal "XLXI_19/XLXI_38/XLXI_4/XLXN_14" is loadless and has been removed.
  Loadless block "XLXI_19/XLXI_38/XLXI_4/XLXI_3" (AND) removed.
Loadless block "XLXI_19/XLXI_39/XLXI_1/XLXI_6" (OR) removed.
 The signal "XLXI_19/XLXI_39/XLXI_1/XLXN_16" is loadless and has been removed.
  Loadless block "XLXI_19/XLXI_39/XLXI_1/XLXI_5" (AND) removed.
 The signal "XLXI_19/XLXI_39/XLXI_1/XLXN_15" is loadless and has been removed.
  Loadless block "XLXI_19/XLXI_39/XLXI_1/XLXI_4" (AND) removed.
 The signal "XLXI_19/XLXI_39/XLXI_1/XLXN_14" is loadless and has been removed.
  Loadless block "XLXI_19/XLXI_39/XLXI_1/XLXI_3" (AND) removed.
Loadless block "XLXI_19/XLXI_39/XLXI_2/XLXI_6" (OR) removed.
 The signal "XLXI_19/XLXI_39/XLXI_2/XLXN_16" is loadless and has been removed.
  Loadless block "XLXI_19/XLXI_39/XLXI_2/XLXI_5" (AND) removed.
 The signal "XLXI_19/XLXI_39/XLXI_2/XLXN_15" is loadless and has been removed.
  Loadless block "XLXI_19/XLXI_39/XLXI_2/XLXI_4" (AND) removed.
 The signal "XLXI_19/XLXI_39/XLXI_2/XLXN_14" is loadless and has been removed.
  Loadless block "XLXI_19/XLXI_39/XLXI_2/XLXI_3" (AND) removed.
Loadless block "XLXI_19/XLXI_39/XLXI_3/XLXI_6" (OR) removed.
 The signal "XLXI_19/XLXI_39/XLXI_3/XLXN_16" is loadless and has been removed.
  Loadless block "XLXI_19/XLXI_39/XLXI_3/XLXI_5" (AND) removed.
 The signal "XLXI_19/XLXI_39/XLXI_3/XLXN_15" is loadless and has been removed.
  Loadless block "XLXI_19/XLXI_39/XLXI_3/XLXI_4" (AND) removed.
 The signal "XLXI_19/XLXI_39/XLXI_3/XLXN_14" is loadless and has been removed.
  Loadless block "XLXI_19/XLXI_39/XLXI_3/XLXI_3" (AND) removed.
Loadless block "XLXI_19/XLXI_39/XLXI_4/XLXI_6" (OR) removed.
 The signal "XLXI_19/XLXI_39/XLXI_4/XLXN_16" is loadless and has been removed.
  Loadless block "XLXI_19/XLXI_39/XLXI_4/XLXI_5" (AND) removed.
 The signal "XLXI_19/XLXI_39/XLXI_4/XLXN_15" is loadless and has been removed.
  Loadless block "XLXI_19/XLXI_39/XLXI_4/XLXI_4" (AND) removed.
 The signal "XLXI_19/XLXI_39/XLXI_4/XLXN_14" is loadless and has been removed.
  Loadless block "XLXI_19/XLXI_39/XLXI_4/XLXI_3" (AND) removed.
Loadless block "XLXI_19/XLXI_40/XLXI_1/XLXI_6" (OR) removed.
 The signal "XLXI_19/XLXI_40/XLXI_1/XLXN_16" is loadless and has been removed.
  Loadless block "XLXI_19/XLXI_40/XLXI_1/XLXI_5" (AND) removed.
 The signal "XLXI_19/XLXI_40/XLXI_1/XLXN_15" is loadless and has been removed.
  Loadless block "XLXI_19/XLXI_40/XLXI_1/XLXI_4" (AND) removed.
 The signal "XLXI_19/XLXI_40/XLXI_1/XLXN_14" is loadless and has been removed.
  Loadless block "XLXI_19/XLXI_40/XLXI_1/XLXI_3" (AND) removed.
Loadless block "XLXI_19/XLXI_40/XLXI_2/XLXI_6" (OR) removed.
 The signal "XLXI_19/XLXI_40/XLXI_2/XLXN_16" is loadless and has been removed.
  Loadless block "XLXI_19/XLXI_40/XLXI_2/XLXI_5" (AND) removed.
 The signal "XLXI_19/XLXI_40/XLXI_2/XLXN_15" is loadless and has been removed.
  Loadless block "XLXI_19/XLXI_40/XLXI_2/XLXI_4" (AND) removed.
 The signal "XLXI_19/XLXI_40/XLXI_2/XLXN_14" is loadless and has been removed.
  Loadless block "XLXI_19/XLXI_40/XLXI_2/XLXI_3" (AND) removed.
Loadless block "XLXI_19/XLXI_40/XLXI_3/XLXI_6" (OR) removed.
 The signal "XLXI_19/XLXI_40/XLXI_3/XLXN_16" is loadless and has been removed.
  Loadless block "XLXI_19/XLXI_40/XLXI_3/XLXI_5" (AND) removed.
 The signal "XLXI_19/XLXI_40/XLXI_3/XLXN_15" is loadless and has been removed.
  Loadless block "XLXI_19/XLXI_40/XLXI_3/XLXI_4" (AND) removed.
 The signal "XLXI_19/XLXI_40/XLXI_3/XLXN_14" is loadless and has been removed.
  Loadless block "XLXI_19/XLXI_40/XLXI_3/XLXI_3" (AND) removed.
Loadless block "XLXI_19/XLXI_40/XLXI_4/XLXI_6" (OR) removed.
 The signal "XLXI_19/XLXI_40/XLXI_4/XLXN_16" is loadless and has been removed.
  Loadless block "XLXI_19/XLXI_40/XLXI_4/XLXI_5" (AND) removed.
 The signal "XLXI_19/XLXI_40/XLXI_4/XLXN_15" is loadless and has been removed.
  Loadless block "XLXI_19/XLXI_40/XLXI_4/XLXI_4" (AND) removed.
 The signal "XLXI_19/XLXI_40/XLXI_4/XLXN_14" is loadless and has been removed.
  Loadless block "XLXI_19/XLXI_40/XLXI_4/XLXI_3" (AND) removed.
Loadless block "XLXI_19/XLXI_41/XLXI_1/XLXI_6" (OR) removed.
 The signal "XLXI_19/XLXI_41/XLXI_1/XLXN_16" is loadless and has been removed.
  Loadless block "XLXI_19/XLXI_41/XLXI_1/XLXI_5" (AND) removed.
 The signal "XLXI_19/XLXI_41/XLXI_1/XLXN_15" is loadless and has been removed.
  Loadless block "XLXI_19/XLXI_41/XLXI_1/XLXI_4" (AND) removed.
 The signal "XLXI_19/XLXI_41/XLXI_1/XLXN_14" is loadless and has been removed.
  Loadless block "XLXI_19/XLXI_41/XLXI_1/XLXI_3" (AND) removed.
Loadless block "XLXI_19/XLXI_41/XLXI_2/XLXI_6" (OR) removed.
 The signal "XLXI_19/XLXI_41/XLXI_2/XLXN_16" is loadless and has been removed.
  Loadless block "XLXI_19/XLXI_41/XLXI_2/XLXI_5" (AND) removed.
 The signal "XLXI_19/XLXI_41/XLXI_2/XLXN_15" is loadless and has been removed.
  Loadless block "XLXI_19/XLXI_41/XLXI_2/XLXI_4" (AND) removed.
 The signal "XLXI_19/XLXI_41/XLXI_2/XLXN_14" is loadless and has been removed.
  Loadless block "XLXI_19/XLXI_41/XLXI_2/XLXI_3" (AND) removed.
Loadless block "XLXI_19/XLXI_41/XLXI_3/XLXI_6" (OR) removed.
 The signal "XLXI_19/XLXI_41/XLXI_3/XLXN_16" is loadless and has been removed.
  Loadless block "XLXI_19/XLXI_41/XLXI_3/XLXI_5" (AND) removed.
 The signal "XLXI_19/XLXI_41/XLXI_3/XLXN_15" is loadless and has been removed.
  Loadless block "XLXI_19/XLXI_41/XLXI_3/XLXI_4" (AND) removed.
 The signal "XLXI_19/XLXI_41/XLXI_3/XLXN_14" is loadless and has been removed.
  Loadless block "XLXI_19/XLXI_41/XLXI_3/XLXI_3" (AND) removed.
Loadless block "XLXI_19/XLXI_41/XLXI_4/XLXI_6" (OR) removed.
 The signal "XLXI_19/XLXI_41/XLXI_4/XLXN_16" is loadless and has been removed.
  Loadless block "XLXI_19/XLXI_41/XLXI_4/XLXI_5" (AND) removed.
 The signal "XLXI_19/XLXI_41/XLXI_4/XLXN_15" is loadless and has been removed.
  Loadless block "XLXI_19/XLXI_41/XLXI_4/XLXI_4" (AND) removed.
 The signal "XLXI_19/XLXI_41/XLXI_4/XLXN_14" is loadless and has been removed.
  Loadless block "XLXI_19/XLXI_41/XLXI_4/XLXI_3" (AND) removed.
Loadless block "XLXI_19/XLXI_42/XLXI_1/XLXI_6" (OR) removed.
 The signal "XLXI_19/XLXI_42/XLXI_1/XLXN_16" is loadless and has been removed.
  Loadless block "XLXI_19/XLXI_42/XLXI_1/XLXI_5" (AND) removed.
 The signal "XLXI_19/XLXI_42/XLXI_1/XLXN_15" is loadless and has been removed.
  Loadless block "XLXI_19/XLXI_42/XLXI_1/XLXI_4" (AND) removed.
 The signal "XLXI_19/XLXI_42/XLXI_1/XLXN_14" is loadless and has been removed.
  Loadless block "XLXI_19/XLXI_42/XLXI_1/XLXI_3" (AND) removed.
Loadless block "XLXI_19/XLXI_42/XLXI_2/XLXI_6" (OR) removed.
 The signal "XLXI_19/XLXI_42/XLXI_2/XLXN_16" is loadless and has been removed.
  Loadless block "XLXI_19/XLXI_42/XLXI_2/XLXI_5" (AND) removed.
 The signal "XLXI_19/XLXI_42/XLXI_2/XLXN_15" is loadless and has been removed.
  Loadless block "XLXI_19/XLXI_42/XLXI_2/XLXI_4" (AND) removed.
 The signal "XLXI_19/XLXI_42/XLXI_2/XLXN_14" is loadless and has been removed.
  Loadless block "XLXI_19/XLXI_42/XLXI_2/XLXI_3" (AND) removed.
Loadless block "XLXI_19/XLXI_42/XLXI_3/XLXI_6" (OR) removed.
 The signal "XLXI_19/XLXI_42/XLXI_3/XLXN_16" is loadless and has been removed.
  Loadless block "XLXI_19/XLXI_42/XLXI_3/XLXI_5" (AND) removed.
 The signal "XLXI_19/XLXI_42/XLXI_3/XLXN_15" is loadless and has been removed.
  Loadless block "XLXI_19/XLXI_42/XLXI_3/XLXI_4" (AND) removed.
 The signal "XLXI_19/XLXI_42/XLXI_3/XLXN_14" is loadless and has been removed.
  Loadless block "XLXI_19/XLXI_42/XLXI_3/XLXI_3" (AND) removed.
Loadless block "XLXI_19/XLXI_42/XLXI_4/XLXI_6" (OR) removed.
 The signal "XLXI_19/XLXI_42/XLXI_4/XLXN_16" is loadless and has been removed.
  Loadless block "XLXI_19/XLXI_42/XLXI_4/XLXI_5" (AND) removed.
 The signal "XLXI_19/XLXI_42/XLXI_4/XLXN_15" is loadless and has been removed.
  Loadless block "XLXI_19/XLXI_42/XLXI_4/XLXI_4" (AND) removed.
 The signal "XLXI_19/XLXI_42/XLXI_4/XLXN_14" is loadless and has been removed.
  Loadless block "XLXI_19/XLXI_42/XLXI_4/XLXI_3" (AND) removed.
Loadless block "XLXI_19/XLXI_43/XLXI_1/XLXI_6" (OR) removed.
 The signal "XLXI_19/XLXI_43/XLXI_1/XLXN_16" is loadless and has been removed.
  Loadless block "XLXI_19/XLXI_43/XLXI_1/XLXI_5" (AND) removed.
 The signal "XLXI_19/XLXI_43/XLXI_1/XLXN_15" is loadless and has been removed.
  Loadless block "XLXI_19/XLXI_43/XLXI_1/XLXI_4" (AND) removed.
 The signal "XLXI_19/XLXI_43/XLXI_1/XLXN_14" is loadless and has been removed.
  Loadless block "XLXI_19/XLXI_43/XLXI_1/XLXI_3" (AND) removed.
Loadless block "XLXI_19/XLXI_43/XLXI_2/XLXI_6" (OR) removed.
 The signal "XLXI_19/XLXI_43/XLXI_2/XLXN_16" is loadless and has been removed.
  Loadless block "XLXI_19/XLXI_43/XLXI_2/XLXI_5" (AND) removed.
 The signal "XLXI_19/XLXI_43/XLXI_2/XLXN_15" is loadless and has been removed.
  Loadless block "XLXI_19/XLXI_43/XLXI_2/XLXI_4" (AND) removed.
 The signal "XLXI_19/XLXI_43/XLXI_2/XLXN_14" is loadless and has been removed.
  Loadless block "XLXI_19/XLXI_43/XLXI_2/XLXI_3" (AND) removed.
Loadless block "XLXI_19/XLXI_43/XLXI_3/XLXI_6" (OR) removed.
 The signal "XLXI_19/XLXI_43/XLXI_3/XLXN_16" is loadless and has been removed.
  Loadless block "XLXI_19/XLXI_43/XLXI_3/XLXI_5" (AND) removed.
 The signal "XLXI_19/XLXI_43/XLXI_3/XLXN_15" is loadless and has been removed.
  Loadless block "XLXI_19/XLXI_43/XLXI_3/XLXI_4" (AND) removed.
 The signal "XLXI_19/XLXI_43/XLXI_3/XLXN_14" is loadless and has been removed.
  Loadless block "XLXI_19/XLXI_43/XLXI_3/XLXI_3" (AND) removed.
Loadless block "XLXI_19/XLXI_43/XLXI_4/XLXI_6" (OR) removed.
 The signal "XLXI_19/XLXI_43/XLXI_4/XLXN_16" is loadless and has been removed.
  Loadless block "XLXI_19/XLXI_43/XLXI_4/XLXI_5" (AND) removed.
 The signal "XLXI_19/XLXI_43/XLXI_4/XLXN_15" is loadless and has been removed.
  Loadless block "XLXI_19/XLXI_43/XLXI_4/XLXI_4" (AND) removed.
 The signal "XLXI_19/XLXI_43/XLXI_4/XLXN_14" is loadless and has been removed.
  Loadless block "XLXI_19/XLXI_43/XLXI_4/XLXI_3" (AND) removed.
Loadless block "XLXI_74/m1/XLXI_25" (XOR) removed.
 The signal "XLXI_74/m1/XLXN_83" is loadless and has been removed.
  Loadless block "XLXI_74/m1/XLXI_40/XLXI_30" (OR) removed.
   The signal "XLXI_74/m1/XLXI_40/XLXN_153" is loadless and has been removed.
    Loadless block "XLXI_74/m1/XLXI_40/XLXI_29" (AND) removed.
     The signal "XLXI_74/m1/XLXI_40/XLXN_140" is loadless and has been removed.
      Loadless block "XLXI_74/m1/XLXI_40/XLXI_24" (OR) removed.
   The signal "XLXI_74/m1/XLXI_40/XLXN_152" is loadless and has been removed.
    Loadless block "XLXI_74/m1/XLXI_40/XLXI_27" (AND) removed.
   The signal "XLXI_74/m1/XLXI_40/XLXN_151" is loadless and has been removed.
    Loadless block "XLXI_74/m1/XLXI_40/XLXI_25" (AND) removed.
   The signal "XLXI_74/m1/XLXI_40/XLXN_150" is loadless and has been removed.
    Loadless block "XLXI_74/m1/XLXI_40/XLXI_26" (AND) removed.
   The signal "XLXI_74/m1/XLXI_40/XLXN_149" is loadless and has been removed.
    Loadless block "XLXI_74/m1/XLXI_40/XLXI_28" (AND) removed.
Loadless block "XLXI_74/m1/XLXI_26" (BUF) removed.
Loadless block "XLXI_74/m1/XLXI_27/XLXI_2" (BUF) removed.
 The signal "XLXI_74/m1/XLXI_27/XLXN_6" is loadless and has been removed.
  Loadless block "XLXI_74/m1/XLXI_27/XLXI_1" (OR) removed.
Loadless block "XLXI_74/m1/XLXI_28/XLXI_2" (BUF) removed.
 The signal "XLXI_74/m1/XLXI_28/XLXN_6" is loadless and has been removed.
  Loadless block "XLXI_74/m1/XLXI_28/XLXI_1" (OR) removed.
Loadless block "XLXI_74/m1/XLXI_29/XLXI_2" (BUF) removed.
 The signal "XLXI_74/m1/XLXI_29/XLXN_6" is loadless and has been removed.
  Loadless block "XLXI_74/m1/XLXI_29/XLXI_1" (OR) removed.
Loadless block "XLXI_74/m1/XLXI_30/XLXI_2" (BUF) removed.
 The signal "XLXI_74/m1/XLXI_30/XLXN_6" is loadless and has been removed.
  Loadless block "XLXI_74/m1/XLXI_30/XLXI_1" (OR) removed.
Loadless block "XLXI_74/m1/XLXI_31/XLXI_2" (BUF) removed.
 The signal "XLXI_74/m1/XLXI_31/XLXN_6" is loadless and has been removed.
  Loadless block "XLXI_74/m1/XLXI_31/XLXI_1" (OR) removed.
Loadless block "XLXI_74/m1/XLXI_32/XLXI_2" (BUF) removed.
 The signal "XLXI_74/m1/XLXI_32/XLXN_6" is loadless and has been removed.
  Loadless block "XLXI_74/m1/XLXI_32/XLXI_1" (OR) removed.
Loadless block "XLXI_74/m1/XLXI_33/XLXI_2" (BUF) removed.
 The signal "XLXI_74/m1/XLXI_33/XLXN_6" is loadless and has been removed.
  Loadless block "XLXI_74/m1/XLXI_33/XLXI_1" (OR) removed.
Loadless block "XLXI_74/m1/XLXI_34/XLXI_2" (BUF) removed.
 The signal "XLXI_74/m1/XLXI_34/XLXN_6" is loadless and has been removed.
  Loadless block "XLXI_74/m1/XLXI_34/XLXI_1" (OR) removed.
Loadless block "XLXI_74/m1/XLXI_36/XLXI_1/XLXI_6" (OR) removed.
 The signal "XLXI_74/m1/XLXI_36/XLXI_1/XLXN_16" is loadless and has been removed.
  Loadless block "XLXI_74/m1/XLXI_36/XLXI_1/XLXI_5" (AND) removed.
 The signal "XLXI_74/m1/XLXI_36/XLXI_1/XLXN_15" is loadless and has been removed.
  Loadless block "XLXI_74/m1/XLXI_36/XLXI_1/XLXI_4" (AND) removed.
 The signal "XLXI_74/m1/XLXI_36/XLXI_1/XLXN_14" is loadless and has been removed.
  Loadless block "XLXI_74/m1/XLXI_36/XLXI_1/XLXI_3" (AND) removed.
Loadless block "XLXI_74/m1/XLXI_36/XLXI_2/XLXI_6" (OR) removed.
 The signal "XLXI_74/m1/XLXI_36/XLXI_2/XLXN_16" is loadless and has been removed.
  Loadless block "XLXI_74/m1/XLXI_36/XLXI_2/XLXI_5" (AND) removed.
 The signal "XLXI_74/m1/XLXI_36/XLXI_2/XLXN_15" is loadless and has been removed.
  Loadless block "XLXI_74/m1/XLXI_36/XLXI_2/XLXI_4" (AND) removed.
 The signal "XLXI_74/m1/XLXI_36/XLXI_2/XLXN_14" is loadless and has been removed.
  Loadless block "XLXI_74/m1/XLXI_36/XLXI_2/XLXI_3" (AND) removed.
Loadless block "XLXI_74/m1/XLXI_36/XLXI_3/XLXI_6" (OR) removed.
 The signal "XLXI_74/m1/XLXI_36/XLXI_3/XLXN_16" is loadless and has been removed.
  Loadless block "XLXI_74/m1/XLXI_36/XLXI_3/XLXI_5" (AND) removed.
 The signal "XLXI_74/m1/XLXI_36/XLXI_3/XLXN_15" is loadless and has been removed.
  Loadless block "XLXI_74/m1/XLXI_36/XLXI_3/XLXI_4" (AND) removed.
 The signal "XLXI_74/m1/XLXI_36/XLXI_3/XLXN_14" is loadless and has been removed.
  Loadless block "XLXI_74/m1/XLXI_36/XLXI_3/XLXI_3" (AND) removed.
Loadless block "XLXI_74/m1/XLXI_36/XLXI_4/XLXI_6" (OR) removed.
 The signal "XLXI_74/m1/XLXI_36/XLXI_4/XLXN_16" is loadless and has been removed.
  Loadless block "XLXI_74/m1/XLXI_36/XLXI_4/XLXI_5" (AND) removed.
 The signal "XLXI_74/m1/XLXI_36/XLXI_4/XLXN_15" is loadless and has been removed.
  Loadless block "XLXI_74/m1/XLXI_36/XLXI_4/XLXI_4" (AND) removed.
 The signal "XLXI_74/m1/XLXI_36/XLXI_4/XLXN_14" is loadless and has been removed.
  Loadless block "XLXI_74/m1/XLXI_36/XLXI_4/XLXI_3" (AND) removed.
Loadless block "XLXI_74/m1/XLXI_37/XLXI_1/XLXI_6" (OR) removed.
 The signal "XLXI_74/m1/XLXI_37/XLXI_1/XLXN_16" is loadless and has been removed.
  Loadless block "XLXI_74/m1/XLXI_37/XLXI_1/XLXI_5" (AND) removed.
 The signal "XLXI_74/m1/XLXI_37/XLXI_1/XLXN_15" is loadless and has been removed.
  Loadless block "XLXI_74/m1/XLXI_37/XLXI_1/XLXI_4" (AND) removed.
 The signal "XLXI_74/m1/XLXI_37/XLXI_1/XLXN_14" is loadless and has been removed.
  Loadless block "XLXI_74/m1/XLXI_37/XLXI_1/XLXI_3" (AND) removed.
Loadless block "XLXI_74/m1/XLXI_37/XLXI_2/XLXI_6" (OR) removed.
 The signal "XLXI_74/m1/XLXI_37/XLXI_2/XLXN_16" is loadless and has been removed.
  Loadless block "XLXI_74/m1/XLXI_37/XLXI_2/XLXI_5" (AND) removed.
 The signal "XLXI_74/m1/XLXI_37/XLXI_2/XLXN_15" is loadless and has been removed.
  Loadless block "XLXI_74/m1/XLXI_37/XLXI_2/XLXI_4" (AND) removed.
 The signal "XLXI_74/m1/XLXI_37/XLXI_2/XLXN_14" is loadless and has been removed.
  Loadless block "XLXI_74/m1/XLXI_37/XLXI_2/XLXI_3" (AND) removed.
Loadless block "XLXI_74/m1/XLXI_37/XLXI_3/XLXI_6" (OR) removed.
 The signal "XLXI_74/m1/XLXI_37/XLXI_3/XLXN_16" is loadless and has been removed.
  Loadless block "XLXI_74/m1/XLXI_37/XLXI_3/XLXI_5" (AND) removed.
 The signal "XLXI_74/m1/XLXI_37/XLXI_3/XLXN_15" is loadless and has been removed.
  Loadless block "XLXI_74/m1/XLXI_37/XLXI_3/XLXI_4" (AND) removed.
 The signal "XLXI_74/m1/XLXI_37/XLXI_3/XLXN_14" is loadless and has been removed.
  Loadless block "XLXI_74/m1/XLXI_37/XLXI_3/XLXI_3" (AND) removed.
Loadless block "XLXI_74/m1/XLXI_37/XLXI_4/XLXI_6" (OR) removed.
 The signal "XLXI_74/m1/XLXI_37/XLXI_4/XLXN_16" is loadless and has been removed.
  Loadless block "XLXI_74/m1/XLXI_37/XLXI_4/XLXI_5" (AND) removed.
 The signal "XLXI_74/m1/XLXI_37/XLXI_4/XLXN_15" is loadless and has been removed.
  Loadless block "XLXI_74/m1/XLXI_37/XLXI_4/XLXI_4" (AND) removed.
 The signal "XLXI_74/m1/XLXI_37/XLXI_4/XLXN_14" is loadless and has been removed.
  Loadless block "XLXI_74/m1/XLXI_37/XLXI_4/XLXI_3" (AND) removed.
Loadless block "XLXI_74/m1/XLXI_38/XLXI_1/XLXI_6" (OR) removed.
 The signal "XLXI_74/m1/XLXI_38/XLXI_1/XLXN_16" is loadless and has been removed.
  Loadless block "XLXI_74/m1/XLXI_38/XLXI_1/XLXI_5" (AND) removed.
 The signal "XLXI_74/m1/XLXI_38/XLXI_1/XLXN_15" is loadless and has been removed.
  Loadless block "XLXI_74/m1/XLXI_38/XLXI_1/XLXI_4" (AND) removed.
 The signal "XLXI_74/m1/XLXI_38/XLXI_1/XLXN_14" is loadless and has been removed.
  Loadless block "XLXI_74/m1/XLXI_38/XLXI_1/XLXI_3" (AND) removed.
Loadless block "XLXI_74/m1/XLXI_38/XLXI_2/XLXI_6" (OR) removed.
 The signal "XLXI_74/m1/XLXI_38/XLXI_2/XLXN_16" is loadless and has been removed.
  Loadless block "XLXI_74/m1/XLXI_38/XLXI_2/XLXI_5" (AND) removed.
 The signal "XLXI_74/m1/XLXI_38/XLXI_2/XLXN_15" is loadless and has been removed.
  Loadless block "XLXI_74/m1/XLXI_38/XLXI_2/XLXI_4" (AND) removed.
 The signal "XLXI_74/m1/XLXI_38/XLXI_2/XLXN_14" is loadless and has been removed.
  Loadless block "XLXI_74/m1/XLXI_38/XLXI_2/XLXI_3" (AND) removed.
Loadless block "XLXI_74/m1/XLXI_38/XLXI_3/XLXI_6" (OR) removed.
 The signal "XLXI_74/m1/XLXI_38/XLXI_3/XLXN_16" is loadless and has been removed.
  Loadless block "XLXI_74/m1/XLXI_38/XLXI_3/XLXI_5" (AND) removed.
 The signal "XLXI_74/m1/XLXI_38/XLXI_3/XLXN_15" is loadless and has been removed.
  Loadless block "XLXI_74/m1/XLXI_38/XLXI_3/XLXI_4" (AND) removed.
 The signal "XLXI_74/m1/XLXI_38/XLXI_3/XLXN_14" is loadless and has been removed.
  Loadless block "XLXI_74/m1/XLXI_38/XLXI_3/XLXI_3" (AND) removed.
Loadless block "XLXI_74/m1/XLXI_38/XLXI_4/XLXI_6" (OR) removed.
 The signal "XLXI_74/m1/XLXI_38/XLXI_4/XLXN_16" is loadless and has been removed.
  Loadless block "XLXI_74/m1/XLXI_38/XLXI_4/XLXI_5" (AND) removed.
 The signal "XLXI_74/m1/XLXI_38/XLXI_4/XLXN_15" is loadless and has been removed.
  Loadless block "XLXI_74/m1/XLXI_38/XLXI_4/XLXI_4" (AND) removed.
 The signal "XLXI_74/m1/XLXI_38/XLXI_4/XLXN_14" is loadless and has been removed.
  Loadless block "XLXI_74/m1/XLXI_38/XLXI_4/XLXI_3" (AND) removed.
Loadless block "XLXI_74/m1/XLXI_39/XLXI_1/XLXI_6" (OR) removed.
 The signal "XLXI_74/m1/XLXI_39/XLXI_1/XLXN_16" is loadless and has been removed.
  Loadless block "XLXI_74/m1/XLXI_39/XLXI_1/XLXI_5" (AND) removed.
 The signal "XLXI_74/m1/XLXI_39/XLXI_1/XLXN_15" is loadless and has been removed.
  Loadless block "XLXI_74/m1/XLXI_39/XLXI_1/XLXI_4" (AND) removed.
 The signal "XLXI_74/m1/XLXI_39/XLXI_1/XLXN_14" is loadless and has been removed.
  Loadless block "XLXI_74/m1/XLXI_39/XLXI_1/XLXI_3" (AND) removed.
Loadless block "XLXI_74/m1/XLXI_39/XLXI_2/XLXI_6" (OR) removed.
 The signal "XLXI_74/m1/XLXI_39/XLXI_2/XLXN_16" is loadless and has been removed.
  Loadless block "XLXI_74/m1/XLXI_39/XLXI_2/XLXI_5" (AND) removed.
 The signal "XLXI_74/m1/XLXI_39/XLXI_2/XLXN_15" is loadless and has been removed.
  Loadless block "XLXI_74/m1/XLXI_39/XLXI_2/XLXI_4" (AND) removed.
 The signal "XLXI_74/m1/XLXI_39/XLXI_2/XLXN_14" is loadless and has been removed.
  Loadless block "XLXI_74/m1/XLXI_39/XLXI_2/XLXI_3" (AND) removed.
Loadless block "XLXI_74/m1/XLXI_39/XLXI_3/XLXI_6" (OR) removed.
 The signal "XLXI_74/m1/XLXI_39/XLXI_3/XLXN_16" is loadless and has been removed.
  Loadless block "XLXI_74/m1/XLXI_39/XLXI_3/XLXI_5" (AND) removed.
 The signal "XLXI_74/m1/XLXI_39/XLXI_3/XLXN_15" is loadless and has been removed.
  Loadless block "XLXI_74/m1/XLXI_39/XLXI_3/XLXI_4" (AND) removed.
 The signal "XLXI_74/m1/XLXI_39/XLXI_3/XLXN_14" is loadless and has been removed.
  Loadless block "XLXI_74/m1/XLXI_39/XLXI_3/XLXI_3" (AND) removed.
Loadless block "XLXI_74/m1/XLXI_39/XLXI_4/XLXI_6" (OR) removed.
 The signal "XLXI_74/m1/XLXI_39/XLXI_4/XLXN_16" is loadless and has been removed.
  Loadless block "XLXI_74/m1/XLXI_39/XLXI_4/XLXI_5" (AND) removed.
 The signal "XLXI_74/m1/XLXI_39/XLXI_4/XLXN_15" is loadless and has been removed.
  Loadless block "XLXI_74/m1/XLXI_39/XLXI_4/XLXI_4" (AND) removed.
 The signal "XLXI_74/m1/XLXI_39/XLXI_4/XLXN_14" is loadless and has been removed.
  Loadless block "XLXI_74/m1/XLXI_39/XLXI_4/XLXI_3" (AND) removed.
Loadless block "XLXI_74/m1/XLXI_40/XLXI_1/XLXI_6" (OR) removed.
 The signal "XLXI_74/m1/XLXI_40/XLXI_1/XLXN_16" is loadless and has been removed.
  Loadless block "XLXI_74/m1/XLXI_40/XLXI_1/XLXI_5" (AND) removed.
 The signal "XLXI_74/m1/XLXI_40/XLXI_1/XLXN_15" is loadless and has been removed.
  Loadless block "XLXI_74/m1/XLXI_40/XLXI_1/XLXI_4" (AND) removed.
 The signal "XLXI_74/m1/XLXI_40/XLXI_1/XLXN_14" is loadless and has been removed.
  Loadless block "XLXI_74/m1/XLXI_40/XLXI_1/XLXI_3" (AND) removed.
Loadless block "XLXI_74/m1/XLXI_40/XLXI_2/XLXI_6" (OR) removed.
 The signal "XLXI_74/m1/XLXI_40/XLXI_2/XLXN_16" is loadless and has been removed.
  Loadless block "XLXI_74/m1/XLXI_40/XLXI_2/XLXI_5" (AND) removed.
 The signal "XLXI_74/m1/XLXI_40/XLXI_2/XLXN_15" is loadless and has been removed.
  Loadless block "XLXI_74/m1/XLXI_40/XLXI_2/XLXI_4" (AND) removed.
 The signal "XLXI_74/m1/XLXI_40/XLXI_2/XLXN_14" is loadless and has been removed.
  Loadless block "XLXI_74/m1/XLXI_40/XLXI_2/XLXI_3" (AND) removed.
Loadless block "XLXI_74/m1/XLXI_40/XLXI_3/XLXI_6" (OR) removed.
 The signal "XLXI_74/m1/XLXI_40/XLXI_3/XLXN_16" is loadless and has been removed.
  Loadless block "XLXI_74/m1/XLXI_40/XLXI_3/XLXI_5" (AND) removed.
 The signal "XLXI_74/m1/XLXI_40/XLXI_3/XLXN_15" is loadless and has been removed.
  Loadless block "XLXI_74/m1/XLXI_40/XLXI_3/XLXI_4" (AND) removed.
 The signal "XLXI_74/m1/XLXI_40/XLXI_3/XLXN_14" is loadless and has been removed.
  Loadless block "XLXI_74/m1/XLXI_40/XLXI_3/XLXI_3" (AND) removed.
Loadless block "XLXI_74/m1/XLXI_40/XLXI_4/XLXI_6" (OR) removed.
 The signal "XLXI_74/m1/XLXI_40/XLXI_4/XLXN_16" is loadless and has been removed.
  Loadless block "XLXI_74/m1/XLXI_40/XLXI_4/XLXI_5" (AND) removed.
 The signal "XLXI_74/m1/XLXI_40/XLXI_4/XLXN_15" is loadless and has been removed.
  Loadless block "XLXI_74/m1/XLXI_40/XLXI_4/XLXI_4" (AND) removed.
 The signal "XLXI_74/m1/XLXI_40/XLXI_4/XLXN_14" is loadless and has been removed.
  Loadless block "XLXI_74/m1/XLXI_40/XLXI_4/XLXI_3" (AND) removed.
Loadless block "XLXI_74/m1/XLXI_41/XLXI_1/XLXI_6" (OR) removed.
 The signal "XLXI_74/m1/XLXI_41/XLXI_1/XLXN_16" is loadless and has been removed.
  Loadless block "XLXI_74/m1/XLXI_41/XLXI_1/XLXI_5" (AND) removed.
 The signal "XLXI_74/m1/XLXI_41/XLXI_1/XLXN_15" is loadless and has been removed.
  Loadless block "XLXI_74/m1/XLXI_41/XLXI_1/XLXI_4" (AND) removed.
 The signal "XLXI_74/m1/XLXI_41/XLXI_1/XLXN_14" is loadless and has been removed.
  Loadless block "XLXI_74/m1/XLXI_41/XLXI_1/XLXI_3" (AND) removed.
Loadless block "XLXI_74/m1/XLXI_41/XLXI_2/XLXI_6" (OR) removed.
 The signal "XLXI_74/m1/XLXI_41/XLXI_2/XLXN_16" is loadless and has been removed.
  Loadless block "XLXI_74/m1/XLXI_41/XLXI_2/XLXI_5" (AND) removed.
 The signal "XLXI_74/m1/XLXI_41/XLXI_2/XLXN_15" is loadless and has been removed.
  Loadless block "XLXI_74/m1/XLXI_41/XLXI_2/XLXI_4" (AND) removed.
 The signal "XLXI_74/m1/XLXI_41/XLXI_2/XLXN_14" is loadless and has been removed.
  Loadless block "XLXI_74/m1/XLXI_41/XLXI_2/XLXI_3" (AND) removed.
Loadless block "XLXI_74/m1/XLXI_41/XLXI_3/XLXI_6" (OR) removed.
 The signal "XLXI_74/m1/XLXI_41/XLXI_3/XLXN_16" is loadless and has been removed.
  Loadless block "XLXI_74/m1/XLXI_41/XLXI_3/XLXI_5" (AND) removed.
 The signal "XLXI_74/m1/XLXI_41/XLXI_3/XLXN_15" is loadless and has been removed.
  Loadless block "XLXI_74/m1/XLXI_41/XLXI_3/XLXI_4" (AND) removed.
 The signal "XLXI_74/m1/XLXI_41/XLXI_3/XLXN_14" is loadless and has been removed.
  Loadless block "XLXI_74/m1/XLXI_41/XLXI_3/XLXI_3" (AND) removed.
Loadless block "XLXI_74/m1/XLXI_41/XLXI_4/XLXI_6" (OR) removed.
 The signal "XLXI_74/m1/XLXI_41/XLXI_4/XLXN_16" is loadless and has been removed.
  Loadless block "XLXI_74/m1/XLXI_41/XLXI_4/XLXI_5" (AND) removed.
 The signal "XLXI_74/m1/XLXI_41/XLXI_4/XLXN_15" is loadless and has been removed.
  Loadless block "XLXI_74/m1/XLXI_41/XLXI_4/XLXI_4" (AND) removed.
 The signal "XLXI_74/m1/XLXI_41/XLXI_4/XLXN_14" is loadless and has been removed.
  Loadless block "XLXI_74/m1/XLXI_41/XLXI_4/XLXI_3" (AND) removed.
Loadless block "XLXI_74/m1/XLXI_42/XLXI_1/XLXI_6" (OR) removed.
 The signal "XLXI_74/m1/XLXI_42/XLXI_1/XLXN_16" is loadless and has been removed.
  Loadless block "XLXI_74/m1/XLXI_42/XLXI_1/XLXI_5" (AND) removed.
 The signal "XLXI_74/m1/XLXI_42/XLXI_1/XLXN_15" is loadless and has been removed.
  Loadless block "XLXI_74/m1/XLXI_42/XLXI_1/XLXI_4" (AND) removed.
 The signal "XLXI_74/m1/XLXI_42/XLXI_1/XLXN_14" is loadless and has been removed.
  Loadless block "XLXI_74/m1/XLXI_42/XLXI_1/XLXI_3" (AND) removed.
Loadless block "XLXI_74/m1/XLXI_42/XLXI_2/XLXI_6" (OR) removed.
 The signal "XLXI_74/m1/XLXI_42/XLXI_2/XLXN_16" is loadless and has been removed.
  Loadless block "XLXI_74/m1/XLXI_42/XLXI_2/XLXI_5" (AND) removed.
 The signal "XLXI_74/m1/XLXI_42/XLXI_2/XLXN_15" is loadless and has been removed.
  Loadless block "XLXI_74/m1/XLXI_42/XLXI_2/XLXI_4" (AND) removed.
 The signal "XLXI_74/m1/XLXI_42/XLXI_2/XLXN_14" is loadless and has been removed.
  Loadless block "XLXI_74/m1/XLXI_42/XLXI_2/XLXI_3" (AND) removed.
Loadless block "XLXI_74/m1/XLXI_42/XLXI_3/XLXI_6" (OR) removed.
 The signal "XLXI_74/m1/XLXI_42/XLXI_3/XLXN_16" is loadless and has been removed.
  Loadless block "XLXI_74/m1/XLXI_42/XLXI_3/XLXI_5" (AND) removed.
 The signal "XLXI_74/m1/XLXI_42/XLXI_3/XLXN_15" is loadless and has been removed.
  Loadless block "XLXI_74/m1/XLXI_42/XLXI_3/XLXI_4" (AND) removed.
 The signal "XLXI_74/m1/XLXI_42/XLXI_3/XLXN_14" is loadless and has been removed.
  Loadless block "XLXI_74/m1/XLXI_42/XLXI_3/XLXI_3" (AND) removed.
Loadless block "XLXI_74/m1/XLXI_42/XLXI_4/XLXI_6" (OR) removed.
 The signal "XLXI_74/m1/XLXI_42/XLXI_4/XLXN_16" is loadless and has been removed.
  Loadless block "XLXI_74/m1/XLXI_42/XLXI_4/XLXI_5" (AND) removed.
 The signal "XLXI_74/m1/XLXI_42/XLXI_4/XLXN_15" is loadless and has been removed.
  Loadless block "XLXI_74/m1/XLXI_42/XLXI_4/XLXI_4" (AND) removed.
 The signal "XLXI_74/m1/XLXI_42/XLXI_4/XLXN_14" is loadless and has been removed.
  Loadless block "XLXI_74/m1/XLXI_42/XLXI_4/XLXI_3" (AND) removed.
Loadless block "XLXI_74/m1/XLXI_43/XLXI_1/XLXI_6" (OR) removed.
 The signal "XLXI_74/m1/XLXI_43/XLXI_1/XLXN_16" is loadless and has been removed.
  Loadless block "XLXI_74/m1/XLXI_43/XLXI_1/XLXI_5" (AND) removed.
 The signal "XLXI_74/m1/XLXI_43/XLXI_1/XLXN_15" is loadless and has been removed.
  Loadless block "XLXI_74/m1/XLXI_43/XLXI_1/XLXI_4" (AND) removed.
 The signal "XLXI_74/m1/XLXI_43/XLXI_1/XLXN_14" is loadless and has been removed.
  Loadless block "XLXI_74/m1/XLXI_43/XLXI_1/XLXI_3" (AND) removed.
Loadless block "XLXI_74/m1/XLXI_43/XLXI_2/XLXI_6" (OR) removed.
 The signal "XLXI_74/m1/XLXI_43/XLXI_2/XLXN_16" is loadless and has been removed.
  Loadless block "XLXI_74/m1/XLXI_43/XLXI_2/XLXI_5" (AND) removed.
 The signal "XLXI_74/m1/XLXI_43/XLXI_2/XLXN_15" is loadless and has been removed.
  Loadless block "XLXI_74/m1/XLXI_43/XLXI_2/XLXI_4" (AND) removed.
 The signal "XLXI_74/m1/XLXI_43/XLXI_2/XLXN_14" is loadless and has been removed.
  Loadless block "XLXI_74/m1/XLXI_43/XLXI_2/XLXI_3" (AND) removed.
Loadless block "XLXI_74/m1/XLXI_43/XLXI_3/XLXI_6" (OR) removed.
 The signal "XLXI_74/m1/XLXI_43/XLXI_3/XLXN_16" is loadless and has been removed.
  Loadless block "XLXI_74/m1/XLXI_43/XLXI_3/XLXI_5" (AND) removed.
 The signal "XLXI_74/m1/XLXI_43/XLXI_3/XLXN_15" is loadless and has been removed.
  Loadless block "XLXI_74/m1/XLXI_43/XLXI_3/XLXI_4" (AND) removed.
 The signal "XLXI_74/m1/XLXI_43/XLXI_3/XLXN_14" is loadless and has been removed.
  Loadless block "XLXI_74/m1/XLXI_43/XLXI_3/XLXI_3" (AND) removed.
Loadless block "XLXI_74/m1/XLXI_43/XLXI_4/XLXI_6" (OR) removed.
 The signal "XLXI_74/m1/XLXI_43/XLXI_4/XLXN_16" is loadless and has been removed.
  Loadless block "XLXI_74/m1/XLXI_43/XLXI_4/XLXI_5" (AND) removed.
 The signal "XLXI_74/m1/XLXI_43/XLXI_4/XLXN_15" is loadless and has been removed.
  Loadless block "XLXI_74/m1/XLXI_43/XLXI_4/XLXI_4" (AND) removed.
 The signal "XLXI_74/m1/XLXI_43/XLXI_4/XLXN_14" is loadless and has been removed.
  Loadless block "XLXI_74/m1/XLXI_43/XLXI_4/XLXI_3" (AND) removed.
The signal
"XLXI_62/m5/U0/xst_options.dist_mem_inst/gen_sp_ram.spram_inst/qspo_int<7>" is
sourceless and has been removed.
The signal
"XLXI_62/m5/U0/xst_options.dist_mem_inst/gen_sp_ram.spram_inst/qspo_int<6>" is
sourceless and has been removed.
The signal
"XLXI_62/m5/U0/xst_options.dist_mem_inst/gen_sp_ram.spram_inst/qspo_int<5>" is
sourceless and has been removed.
The signal
"XLXI_62/m5/U0/xst_options.dist_mem_inst/gen_sp_ram.spram_inst/qspo_int<4>" is
sourceless and has been removed.
The signal
"XLXI_62/m5/U0/xst_options.dist_mem_inst/gen_sp_ram.spram_inst/qspo_int<3>" is
sourceless and has been removed.
The signal
"XLXI_62/m5/U0/xst_options.dist_mem_inst/gen_sp_ram.spram_inst/qspo_int<2>" is
sourceless and has been removed.
The signal
"XLXI_62/m5/U0/xst_options.dist_mem_inst/gen_sp_ram.spram_inst/qspo_int<1>" is
sourceless and has been removed.
The signal
"XLXI_62/m5/U0/xst_options.dist_mem_inst/gen_sp_ram.spram_inst/qspo_int<0>" is
sourceless and has been removed.
The signal
"XLXI_62/m6/U0/xst_options.dist_mem_inst/gen_sp_ram.spram_inst/qspo_int<7>" is
sourceless and has been removed.
The signal
"XLXI_62/m6/U0/xst_options.dist_mem_inst/gen_sp_ram.spram_inst/qspo_int<6>" is
sourceless and has been removed.
The signal
"XLXI_62/m6/U0/xst_options.dist_mem_inst/gen_sp_ram.spram_inst/qspo_int<5>" is
sourceless and has been removed.
The signal
"XLXI_62/m6/U0/xst_options.dist_mem_inst/gen_sp_ram.spram_inst/qspo_int<4>" is
sourceless and has been removed.
The signal
"XLXI_62/m6/U0/xst_options.dist_mem_inst/gen_sp_ram.spram_inst/qspo_int<3>" is
sourceless and has been removed.
The signal
"XLXI_62/m6/U0/xst_options.dist_mem_inst/gen_sp_ram.spram_inst/qspo_int<2>" is
sourceless and has been removed.
The signal
"XLXI_62/m6/U0/xst_options.dist_mem_inst/gen_sp_ram.spram_inst/qspo_int<1>" is
sourceless and has been removed.
The signal
"XLXI_62/m6/U0/xst_options.dist_mem_inst/gen_sp_ram.spram_inst/qspo_int<0>" is
sourceless and has been removed.
The signal
"XLXI_62/m7/U0/xst_options.dist_mem_inst/gen_sp_ram.spram_inst/qspo_int<7>" is
sourceless and has been removed.
The signal
"XLXI_62/m7/U0/xst_options.dist_mem_inst/gen_sp_ram.spram_inst/qspo_int<6>" is
sourceless and has been removed.
The signal
"XLXI_62/m7/U0/xst_options.dist_mem_inst/gen_sp_ram.spram_inst/qspo_int<5>" is
sourceless and has been removed.
The signal
"XLXI_62/m7/U0/xst_options.dist_mem_inst/gen_sp_ram.spram_inst/qspo_int<4>" is
sourceless and has been removed.
The signal
"XLXI_62/m7/U0/xst_options.dist_mem_inst/gen_sp_ram.spram_inst/qspo_int<3>" is
sourceless and has been removed.
The signal
"XLXI_62/m7/U0/xst_options.dist_mem_inst/gen_sp_ram.spram_inst/qspo_int<2>" is
sourceless and has been removed.
The signal
"XLXI_62/m7/U0/xst_options.dist_mem_inst/gen_sp_ram.spram_inst/qspo_int<1>" is
sourceless and has been removed.
The signal
"XLXI_62/m7/U0/xst_options.dist_mem_inst/gen_sp_ram.spram_inst/qspo_int<0>" is
sourceless and has been removed.
The signal
"XLXI_62/m8/U0/xst_options.dist_mem_inst/gen_sp_ram.spram_inst/qspo_int<7>" is
sourceless and has been removed.
The signal
"XLXI_62/m8/U0/xst_options.dist_mem_inst/gen_sp_ram.spram_inst/qspo_int<6>" is
sourceless and has been removed.
The signal
"XLXI_62/m8/U0/xst_options.dist_mem_inst/gen_sp_ram.spram_inst/qspo_int<5>" is
sourceless and has been removed.
The signal
"XLXI_62/m8/U0/xst_options.dist_mem_inst/gen_sp_ram.spram_inst/qspo_int<4>" is
sourceless and has been removed.
The signal
"XLXI_62/m8/U0/xst_options.dist_mem_inst/gen_sp_ram.spram_inst/qspo_int<3>" is
sourceless and has been removed.
The signal
"XLXI_62/m8/U0/xst_options.dist_mem_inst/gen_sp_ram.spram_inst/qspo_int<2>" is
sourceless and has been removed.
The signal
"XLXI_62/m8/U0/xst_options.dist_mem_inst/gen_sp_ram.spram_inst/qspo_int<1>" is
sourceless and has been removed.
The signal
"XLXI_62/m8/U0/xst_options.dist_mem_inst/gen_sp_ram.spram_inst/qspo_int<0>" is
sourceless and has been removed.
The signal "XLXI_69/m1/we" is sourceless and has been removed.
The signal
"XLXI_69/m1/U0/xst_options.dist_mem_inst/gen_sp_ram.spram_inst/qspo_int<7>" is
sourceless and has been removed.
The signal
"XLXI_69/m1/U0/xst_options.dist_mem_inst/gen_sp_ram.spram_inst/qspo_int<6>" is
sourceless and has been removed.
The signal
"XLXI_69/m1/U0/xst_options.dist_mem_inst/gen_sp_ram.spram_inst/qspo_int<5>" is
sourceless and has been removed.
The signal
"XLXI_69/m1/U0/xst_options.dist_mem_inst/gen_sp_ram.spram_inst/qspo_int<4>" is
sourceless and has been removed.
The signal
"XLXI_69/m1/U0/xst_options.dist_mem_inst/gen_sp_ram.spram_inst/qspo_int<3>" is
sourceless and has been removed.
The signal
"XLXI_69/m1/U0/xst_options.dist_mem_inst/gen_sp_ram.spram_inst/qspo_int<2>" is
sourceless and has been removed.
The signal
"XLXI_69/m1/U0/xst_options.dist_mem_inst/gen_sp_ram.spram_inst/qspo_int<1>" is
sourceless and has been removed.
The signal
"XLXI_69/m1/U0/xst_options.dist_mem_inst/gen_sp_ram.spram_inst/qspo_int<0>" is
sourceless and has been removed.
The signal "XLXI_69/m2/we" is sourceless and has been removed.
The signal
"XLXI_69/m2/U0/xst_options.dist_mem_inst/gen_sp_ram.spram_inst/qspo_int<7>" is
sourceless and has been removed.
The signal
"XLXI_69/m2/U0/xst_options.dist_mem_inst/gen_sp_ram.spram_inst/qspo_int<6>" is
sourceless and has been removed.
The signal
"XLXI_69/m2/U0/xst_options.dist_mem_inst/gen_sp_ram.spram_inst/qspo_int<5>" is
sourceless and has been removed.
The signal
"XLXI_69/m2/U0/xst_options.dist_mem_inst/gen_sp_ram.spram_inst/qspo_int<4>" is
sourceless and has been removed.
The signal
"XLXI_69/m2/U0/xst_options.dist_mem_inst/gen_sp_ram.spram_inst/qspo_int<3>" is
sourceless and has been removed.
The signal
"XLXI_69/m2/U0/xst_options.dist_mem_inst/gen_sp_ram.spram_inst/qspo_int<2>" is
sourceless and has been removed.
The signal
"XLXI_69/m2/U0/xst_options.dist_mem_inst/gen_sp_ram.spram_inst/qspo_int<1>" is
sourceless and has been removed.
The signal
"XLXI_69/m2/U0/xst_options.dist_mem_inst/gen_sp_ram.spram_inst/qspo_int<0>" is
sourceless and has been removed.
The signal "XLXI_69/m3/we" is sourceless and has been removed.
The signal
"XLXI_69/m3/U0/xst_options.dist_mem_inst/gen_sp_ram.spram_inst/qspo_int<7>" is
sourceless and has been removed.
The signal
"XLXI_69/m3/U0/xst_options.dist_mem_inst/gen_sp_ram.spram_inst/qspo_int<6>" is
sourceless and has been removed.
The signal
"XLXI_69/m3/U0/xst_options.dist_mem_inst/gen_sp_ram.spram_inst/qspo_int<5>" is
sourceless and has been removed.
The signal
"XLXI_69/m3/U0/xst_options.dist_mem_inst/gen_sp_ram.spram_inst/qspo_int<4>" is
sourceless and has been removed.
The signal
"XLXI_69/m3/U0/xst_options.dist_mem_inst/gen_sp_ram.spram_inst/qspo_int<3>" is
sourceless and has been removed.
The signal
"XLXI_69/m3/U0/xst_options.dist_mem_inst/gen_sp_ram.spram_inst/qspo_int<2>" is
sourceless and has been removed.
The signal
"XLXI_69/m3/U0/xst_options.dist_mem_inst/gen_sp_ram.spram_inst/qspo_int<1>" is
sourceless and has been removed.
The signal
"XLXI_69/m3/U0/xst_options.dist_mem_inst/gen_sp_ram.spram_inst/qspo_int<0>" is
sourceless and has been removed.
The signal "XLXI_69/m4/we" is sourceless and has been removed.
The signal
"XLXI_69/m4/U0/xst_options.dist_mem_inst/gen_sp_ram.spram_inst/qspo_int<7>" is
sourceless and has been removed.
The signal
"XLXI_69/m4/U0/xst_options.dist_mem_inst/gen_sp_ram.spram_inst/qspo_int<6>" is
sourceless and has been removed.
The signal
"XLXI_69/m4/U0/xst_options.dist_mem_inst/gen_sp_ram.spram_inst/qspo_int<5>" is
sourceless and has been removed.
The signal
"XLXI_69/m4/U0/xst_options.dist_mem_inst/gen_sp_ram.spram_inst/qspo_int<4>" is
sourceless and has been removed.
The signal
"XLXI_69/m4/U0/xst_options.dist_mem_inst/gen_sp_ram.spram_inst/qspo_int<3>" is
sourceless and has been removed.
The signal
"XLXI_69/m4/U0/xst_options.dist_mem_inst/gen_sp_ram.spram_inst/qspo_int<2>" is
sourceless and has been removed.
The signal
"XLXI_69/m4/U0/xst_options.dist_mem_inst/gen_sp_ram.spram_inst/qspo_int<1>" is
sourceless and has been removed.
The signal
"XLXI_69/m4/U0/xst_options.dist_mem_inst/gen_sp_ram.spram_inst/qspo_int<0>" is
sourceless and has been removed.

The trimmed logic reported below is either:
   1. part of a cycle
   2. part of disabled logic
   3. a side-effect of other trimmed logic

The signal "XLXI_19/XLXI_36/XLXN_142" is unused and has been removed.
 Unused block "XLXI_19/XLXI_36/XLXI_18" (OR) removed.
Unused block
"XLXI_62/m5/U0/xst_options.dist_mem_inst/gen_sp_ram.spram_inst/qspo_int_0" (FF)
removed.
Unused block
"XLXI_62/m5/U0/xst_options.dist_mem_inst/gen_sp_ram.spram_inst/qspo_int_1" (FF)
removed.
Unused block
"XLXI_62/m5/U0/xst_options.dist_mem_inst/gen_sp_ram.spram_inst/qspo_int_2" (FF)
removed.
Unused block
"XLXI_62/m5/U0/xst_options.dist_mem_inst/gen_sp_ram.spram_inst/qspo_int_3" (FF)
removed.
Unused block
"XLXI_62/m5/U0/xst_options.dist_mem_inst/gen_sp_ram.spram_inst/qspo_int_4" (FF)
removed.
Unused block
"XLXI_62/m5/U0/xst_options.dist_mem_inst/gen_sp_ram.spram_inst/qspo_int_5" (FF)
removed.
Unused block
"XLXI_62/m5/U0/xst_options.dist_mem_inst/gen_sp_ram.spram_inst/qspo_int_6" (FF)
removed.
Unused block
"XLXI_62/m5/U0/xst_options.dist_mem_inst/gen_sp_ram.spram_inst/qspo_int_7" (FF)
removed.
Unused block
"XLXI_62/m6/U0/xst_options.dist_mem_inst/gen_sp_ram.spram_inst/qspo_int_0" (FF)
removed.
Unused block
"XLXI_62/m6/U0/xst_options.dist_mem_inst/gen_sp_ram.spram_inst/qspo_int_1" (FF)
removed.
Unused block
"XLXI_62/m6/U0/xst_options.dist_mem_inst/gen_sp_ram.spram_inst/qspo_int_2" (FF)
removed.
Unused block
"XLXI_62/m6/U0/xst_options.dist_mem_inst/gen_sp_ram.spram_inst/qspo_int_3" (FF)
removed.
Unused block
"XLXI_62/m6/U0/xst_options.dist_mem_inst/gen_sp_ram.spram_inst/qspo_int_4" (FF)
removed.
Unused block
"XLXI_62/m6/U0/xst_options.dist_mem_inst/gen_sp_ram.spram_inst/qspo_int_5" (FF)
removed.
Unused block
"XLXI_62/m6/U0/xst_options.dist_mem_inst/gen_sp_ram.spram_inst/qspo_int_6" (FF)
removed.
Unused block
"XLXI_62/m6/U0/xst_options.dist_mem_inst/gen_sp_ram.spram_inst/qspo_int_7" (FF)
removed.
Unused block
"XLXI_62/m7/U0/xst_options.dist_mem_inst/gen_sp_ram.spram_inst/qspo_int_0" (FF)
removed.
Unused block
"XLXI_62/m7/U0/xst_options.dist_mem_inst/gen_sp_ram.spram_inst/qspo_int_1" (FF)
removed.
Unused block
"XLXI_62/m7/U0/xst_options.dist_mem_inst/gen_sp_ram.spram_inst/qspo_int_2" (FF)
removed.
Unused block
"XLXI_62/m7/U0/xst_options.dist_mem_inst/gen_sp_ram.spram_inst/qspo_int_3" (FF)
removed.
Unused block
"XLXI_62/m7/U0/xst_options.dist_mem_inst/gen_sp_ram.spram_inst/qspo_int_4" (FF)
removed.
Unused block
"XLXI_62/m7/U0/xst_options.dist_mem_inst/gen_sp_ram.spram_inst/qspo_int_5" (FF)
removed.
Unused block
"XLXI_62/m7/U0/xst_options.dist_mem_inst/gen_sp_ram.spram_inst/qspo_int_6" (FF)
removed.
Unused block
"XLXI_62/m7/U0/xst_options.dist_mem_inst/gen_sp_ram.spram_inst/qspo_int_7" (FF)
removed.
Unused block
"XLXI_62/m8/U0/xst_options.dist_mem_inst/gen_sp_ram.spram_inst/qspo_int_0" (FF)
removed.
Unused block
"XLXI_62/m8/U0/xst_options.dist_mem_inst/gen_sp_ram.spram_inst/qspo_int_1" (FF)
removed.
Unused block
"XLXI_62/m8/U0/xst_options.dist_mem_inst/gen_sp_ram.spram_inst/qspo_int_2" (FF)
removed.
Unused block
"XLXI_62/m8/U0/xst_options.dist_mem_inst/gen_sp_ram.spram_inst/qspo_int_3" (FF)
removed.
Unused block
"XLXI_62/m8/U0/xst_options.dist_mem_inst/gen_sp_ram.spram_inst/qspo_int_4" (FF)
removed.
Unused block
"XLXI_62/m8/U0/xst_options.dist_mem_inst/gen_sp_ram.spram_inst/qspo_int_5" (FF)
removed.
Unused block
"XLXI_62/m8/U0/xst_options.dist_mem_inst/gen_sp_ram.spram_inst/qspo_int_6" (FF)
removed.
Unused block
"XLXI_62/m8/U0/xst_options.dist_mem_inst/gen_sp_ram.spram_inst/qspo_int_7" (FF)
removed.
Unused block
"XLXI_69/m1/U0/xst_options.dist_mem_inst/gen_sp_ram.spram_inst/qspo_int_0" (FF)
removed.
Unused block
"XLXI_69/m1/U0/xst_options.dist_mem_inst/gen_sp_ram.spram_inst/qspo_int_1" (FF)
removed.
Unused block
"XLXI_69/m1/U0/xst_options.dist_mem_inst/gen_sp_ram.spram_inst/qspo_int_2" (FF)
removed.
Unused block
"XLXI_69/m1/U0/xst_options.dist_mem_inst/gen_sp_ram.spram_inst/qspo_int_3" (FF)
removed.
Unused block
"XLXI_69/m1/U0/xst_options.dist_mem_inst/gen_sp_ram.spram_inst/qspo_int_4" (FF)
removed.
Unused block
"XLXI_69/m1/U0/xst_options.dist_mem_inst/gen_sp_ram.spram_inst/qspo_int_5" (FF)
removed.
Unused block
"XLXI_69/m1/U0/xst_options.dist_mem_inst/gen_sp_ram.spram_inst/qspo_int_6" (FF)
removed.
Unused block
"XLXI_69/m1/U0/xst_options.dist_mem_inst/gen_sp_ram.spram_inst/qspo_int_7" (FF)
removed.
Unused block
"XLXI_69/m2/U0/xst_options.dist_mem_inst/gen_sp_ram.spram_inst/qspo_int_0" (FF)
removed.
Unused block
"XLXI_69/m2/U0/xst_options.dist_mem_inst/gen_sp_ram.spram_inst/qspo_int_1" (FF)
removed.
Unused block
"XLXI_69/m2/U0/xst_options.dist_mem_inst/gen_sp_ram.spram_inst/qspo_int_2" (FF)
removed.
Unused block
"XLXI_69/m2/U0/xst_options.dist_mem_inst/gen_sp_ram.spram_inst/qspo_int_3" (FF)
removed.
Unused block
"XLXI_69/m2/U0/xst_options.dist_mem_inst/gen_sp_ram.spram_inst/qspo_int_4" (FF)
removed.
Unused block
"XLXI_69/m2/U0/xst_options.dist_mem_inst/gen_sp_ram.spram_inst/qspo_int_5" (FF)
removed.
Unused block
"XLXI_69/m2/U0/xst_options.dist_mem_inst/gen_sp_ram.spram_inst/qspo_int_6" (FF)
removed.
Unused block
"XLXI_69/m2/U0/xst_options.dist_mem_inst/gen_sp_ram.spram_inst/qspo_int_7" (FF)
removed.
Unused block
"XLXI_69/m3/U0/xst_options.dist_mem_inst/gen_sp_ram.spram_inst/qspo_int_0" (FF)
removed.
Unused block
"XLXI_69/m3/U0/xst_options.dist_mem_inst/gen_sp_ram.spram_inst/qspo_int_1" (FF)
removed.
Unused block
"XLXI_69/m3/U0/xst_options.dist_mem_inst/gen_sp_ram.spram_inst/qspo_int_2" (FF)
removed.
Unused block
"XLXI_69/m3/U0/xst_options.dist_mem_inst/gen_sp_ram.spram_inst/qspo_int_3" (FF)
removed.
Unused block
"XLXI_69/m3/U0/xst_options.dist_mem_inst/gen_sp_ram.spram_inst/qspo_int_4" (FF)
removed.
Unused block
"XLXI_69/m3/U0/xst_options.dist_mem_inst/gen_sp_ram.spram_inst/qspo_int_5" (FF)
removed.
Unused block
"XLXI_69/m3/U0/xst_options.dist_mem_inst/gen_sp_ram.spram_inst/qspo_int_6" (FF)
removed.
Unused block
"XLXI_69/m3/U0/xst_options.dist_mem_inst/gen_sp_ram.spram_inst/qspo_int_7" (FF)
removed.
Unused block
"XLXI_69/m4/U0/xst_options.dist_mem_inst/gen_sp_ram.spram_inst/qspo_int_0" (FF)
removed.
Unused block
"XLXI_69/m4/U0/xst_options.dist_mem_inst/gen_sp_ram.spram_inst/qspo_int_1" (FF)
removed.
Unused block
"XLXI_69/m4/U0/xst_options.dist_mem_inst/gen_sp_ram.spram_inst/qspo_int_2" (FF)
removed.
Unused block
"XLXI_69/m4/U0/xst_options.dist_mem_inst/gen_sp_ram.spram_inst/qspo_int_3" (FF)
removed.
Unused block
"XLXI_69/m4/U0/xst_options.dist_mem_inst/gen_sp_ram.spram_inst/qspo_int_4" (FF)
removed.
Unused block
"XLXI_69/m4/U0/xst_options.dist_mem_inst/gen_sp_ram.spram_inst/qspo_int_5" (FF)
removed.
Unused block
"XLXI_69/m4/U0/xst_options.dist_mem_inst/gen_sp_ram.spram_inst/qspo_int_6" (FF)
removed.
Unused block
"XLXI_69/m4/U0/xst_options.dist_mem_inst/gen_sp_ram.spram_inst/qspo_int_7" (FF)
removed.

Optimized Block(s):
TYPE 		BLOCK
XOR2 		XLXI_13/XLXI_17/XLXI_1
XOR2 		XLXI_13/XLXI_17/XLXI_2
XOR2 		XLXI_13/XLXI_36/XLXI_1/XLXI_1
XOR2 		XLXI_13/XLXI_36/XLXI_1/XLXI_2
AND2 		XLXI_13/XLXI_36/XLXI_11
OR2 		XLXI_13/XLXI_36/XLXI_12
AND2 		XLXI_13/XLXI_36/XLXI_13
OR2 		XLXI_13/XLXI_36/XLXI_14
AND2 		XLXI_13/XLXI_36/XLXI_15
AND3 		XLXI_13/XLXI_36/XLXI_16
OR3 		XLXI_13/XLXI_36/XLXI_17
OR2 		XLXI_13/XLXI_36/XLXI_18
AND2 		XLXI_13/XLXI_36/XLXI_20
AND3 		XLXI_13/XLXI_36/XLXI_21
AND4 		XLXI_13/XLXI_36/XLXI_22
AND2 		XLXI_13/XLXI_36/XLXI_25
AND3 		XLXI_13/XLXI_36/XLXI_27
AND4 		XLXI_13/XLXI_36/XLXI_28
AND5 		XLXI_13/XLXI_36/XLXI_29
XOR2 		XLXI_13/XLXI_36/XLXI_4/XLXI_1
XOR2 		XLXI_13/XLXI_36/XLXI_4/XLXI_2
AND2 		XLXI_13/XLXI_36/XLXI_5
OR2 		XLXI_13/XLXI_36/XLXI_6
AND2 		XLXI_13/XLXI_37/XLXI_13
AND2 		XLXI_13/XLXI_37/XLXI_15
AND2 		XLXI_13/XLXI_37/XLXI_19
AND2 		XLXI_13/XLXI_37/XLXI_20
AND3 		XLXI_13/XLXI_37/XLXI_21
AND2 		XLXI_13/XLXI_37/XLXI_25
AND2 		XLXI_13/XLXI_37/XLXI_26
AND3 		XLXI_13/XLXI_37/XLXI_27
AND4 		XLXI_13/XLXI_37/XLXI_28
AND2 		XLXI_13/XLXI_37/XLXI_5
AND2 		XLXI_13/XLXI_38/XLXI_13
AND2 		XLXI_13/XLXI_38/XLXI_15
AND2 		XLXI_13/XLXI_38/XLXI_19
AND2 		XLXI_13/XLXI_38/XLXI_20
AND3 		XLXI_13/XLXI_38/XLXI_21
AND2 		XLXI_13/XLXI_38/XLXI_25
AND2 		XLXI_13/XLXI_38/XLXI_26
AND3 		XLXI_13/XLXI_38/XLXI_27
AND4 		XLXI_13/XLXI_38/XLXI_28
AND2 		XLXI_13/XLXI_38/XLXI_5
AND2 		XLXI_13/XLXI_39/XLXI_13
AND2 		XLXI_13/XLXI_39/XLXI_15
AND2 		XLXI_13/XLXI_39/XLXI_19
AND2 		XLXI_13/XLXI_39/XLXI_20
AND3 		XLXI_13/XLXI_39/XLXI_21
AND2 		XLXI_13/XLXI_39/XLXI_25
AND2 		XLXI_13/XLXI_39/XLXI_26
AND3 		XLXI_13/XLXI_39/XLXI_27
AND4 		XLXI_13/XLXI_39/XLXI_28
AND2 		XLXI_13/XLXI_39/XLXI_5
AND2 		XLXI_13/XLXI_40/XLXI_13
AND2 		XLXI_13/XLXI_40/XLXI_15
AND2 		XLXI_13/XLXI_40/XLXI_19
AND2 		XLXI_13/XLXI_40/XLXI_20
AND3 		XLXI_13/XLXI_40/XLXI_21
AND2 		XLXI_13/XLXI_40/XLXI_5
AND2 		XLXI_13/XLXI_41/XLXI_13
AND2 		XLXI_13/XLXI_41/XLXI_15
AND2 		XLXI_13/XLXI_41/XLXI_19
AND2 		XLXI_13/XLXI_41/XLXI_20
AND3 		XLXI_13/XLXI_41/XLXI_21
AND2 		XLXI_13/XLXI_41/XLXI_25
AND2 		XLXI_13/XLXI_41/XLXI_26
AND3 		XLXI_13/XLXI_41/XLXI_27
AND4 		XLXI_13/XLXI_41/XLXI_28
AND2 		XLXI_13/XLXI_41/XLXI_5
AND2 		XLXI_13/XLXI_42/XLXI_13
AND2 		XLXI_13/XLXI_42/XLXI_15
AND2 		XLXI_13/XLXI_42/XLXI_19
AND2 		XLXI_13/XLXI_42/XLXI_20
AND3 		XLXI_13/XLXI_42/XLXI_21
AND2 		XLXI_13/XLXI_42/XLXI_25
AND2 		XLXI_13/XLXI_42/XLXI_26
AND3 		XLXI_13/XLXI_42/XLXI_27
AND4 		XLXI_13/XLXI_42/XLXI_28
AND2 		XLXI_13/XLXI_42/XLXI_5
AND2 		XLXI_13/XLXI_43/XLXI_13
AND2 		XLXI_13/XLXI_43/XLXI_15
AND2 		XLXI_13/XLXI_43/XLXI_19
AND2 		XLXI_13/XLXI_43/XLXI_20
AND3 		XLXI_13/XLXI_43/XLXI_21
AND2 		XLXI_13/XLXI_43/XLXI_25
AND2 		XLXI_13/XLXI_43/XLXI_26
AND3 		XLXI_13/XLXI_43/XLXI_27
AND4 		XLXI_13/XLXI_43/XLXI_28
AND2 		XLXI_13/XLXI_43/XLXI_5
XOR2 		XLXI_19/XLXI_17/XLXI_1
XOR2 		XLXI_19/XLXI_17/XLXI_2
AND2 		XLXI_19/XLXI_36/XLXI_13
OR2 		XLXI_19/XLXI_36/XLXI_14
AND2 		XLXI_19/XLXI_36/XLXI_15
AND3 		XLXI_19/XLXI_36/XLXI_16
OR3 		XLXI_19/XLXI_36/XLXI_17
AND2 		XLXI_19/XLXI_36/XLXI_20
AND3 		XLXI_19/XLXI_36/XLXI_21
AND4 		XLXI_19/XLXI_36/XLXI_22
AND3 		XLXI_19/XLXI_36/XLXI_27
AND4 		XLXI_19/XLXI_36/XLXI_28
AND5 		XLXI_19/XLXI_36/XLXI_29
AND2 		XLXI_19/XLXI_36/XLXI_5
OR2 		XLXI_19/XLXI_36/XLXI_6
GND 		XLXI_20
VCC 		XLXI_68
