iMPACT Version: 14.7

iMPACT log file Started on Wed Apr 13 20:37:44 2016

Welcome to iMPACT
iMPACT Version: 14.7
Project: 'D:\ISE14_2015\EXP5\\auto_project.ipf' already exists.
Original project has been renamed to 'D:\ISE14_2015\EXP5\\auto_project_1.ipf'.
Project: D:\ISE14_2015\EXP5\\auto_project.ipf created.
// *** BATCH CMD : setMode -bs
GUI --- Auto connect to cable...
// *** BATCH CMD : setCable -port auto
AutoDetecting cable. Please wait.
*** WARNING ***: When port is set to auto detect mode, cable speed is set todefault 6 MHz regardless of explicit arguments supplied for setting the baudrates
PROGRESS_START - Starting Operation.
Connecting to cable (Usb Port - USB21).
Checking cable driver.
 Driver file xusb_xlp.sys found.
 Driver version: src=1029, dest=1029.
 Driver windrvr6.sys version = 10.2.1.0. WinDriver v10.21 Jungo (c) 1997 - 2010 Build Date: Aug 31 2010 X86 32bit SYS14:35:41, version = 1021.
 Cable PID = 0008.
 Max current requested during enumeration is 74 mA.
Type = 0x0004.
 Cable Type = 3, Revision = 0.
 Setting cable speed to 6 MHz.
Cable connection established.
Firmware version = 1303.
File version of C:/Xilinx/14.7/ISE_DS/ISE/data/xusb_xlp.hex = 1303.
Firmware hex file version = 1303.
PLD file version = 0012h.
 PLD version = 0012h.
PROGRESS_END - End Operation.
Elapsed time =      0 sec.
Type = 0x0004.
 ESN device is not available for this cable.
Attempting to identify devices in the boundary-scan chain configuration...
INFO:iMPACT - Current time: 2016/4/13 20:37:47
// *** BATCH CMD : Identify -inferir 
PROGRESS_START - Starting Operation.
Identifying chain contents...'0': : Manufacturer's ID = Xilinx xc7k160t, Version : 0
INFO:iMPACT:1777 - 
   Reading C:/Xilinx/14.7/ISE_DS/ISE/kintex7/data/xc7k160t.bsd...
INFO:iMPACT - Using CseAdapterBSDevice
INFO:iMPACT:501 - '1': Added Device xc7k160t successfully.
----------------------------------------------------------------------
done.
PROGRESS_END - End Operation.
Elapsed time =      0 sec.
// *** BATCH CMD : identifyMPM 
// *** BATCH CMD : assignFile -p 1 -file"C:/Users/CST/Desktop/alu_new/alu/alu.bit"
'1': Loading file 'C:/Users/CST/Desktop/alu_new/alu/alu.bit' ...
done.
INFO:iMPACT - Using CseAdapterBSDevice
INFO:iMPACT:2257 - Startup Clock has been changed to 'JtagClk' in the bitstream   stored in memory,
   but the original bitstream file remains unchanged.
UserID read from the bitstream file = 0xFFFFFFFF.
Data width read from the bitstream file = 1.
INFO:iMPACT:501 - '1': Added Device xc7k160t successfully.
----------------------------------------------------------------------
INFO:iMPACT - Current time: 2016/4/13 20:38:03
// *** BATCH CMD : Program -p 1 
Maximum TCK operating frequency for this device chain: 66000000.
Validating chain...
Boundary-scan chain validated successfully.
1: Device Temperature: Current Reading:   35.61 C, Min. Reading:   34.13 C, Max.Reading:   36.10 C
1: VCCINT Supply: Current Reading:   0.996 V, Min. Reading:   0.993 V, Max.Reading:   0.999 V
1: VCCAUX Supply: Current Reading:   1.778 V, Min. Reading:   1.775 V, Max.Reading:   1.778 V
PROGRESS_START - Starting Operation.
INFO:iMPACT - Creating XC7K160T device.
PROGRESS_START - Starting Operation.
'1': Programming device...
 Match_cycle = NoWait.
Match cycle: NoWait
 LCK_cycle = NoWait.
LCK cycle: NoWait
done.
INFO:Cse - Status register values:
INFO:Cse - 0011 1111 1001 1110 0000 1000 0000 0010 
INFO:Cse - '1': Completed downloading bit file to device.
INFO:Cse - '1': Programming completed successfully.
PROGRESS_END - End Operation.
Elapsed time =     15 sec.
 Match_cycle = NoWait.
Match cycle: NoWait
 LCK_cycle = NoWait.
LCK cycle: NoWait
INFO:iMPACT - '1': Checking done pin....done.
'1': Programmed successfully.
