Running: C:\Xilinx\14.7\ISE_DS\ISE\bin\nt\unwrapped\fuse.exe -intstyle ise -incremental -lib unisims_ver -lib unimacro_ver -lib xilinxcorelib_ver -lib secureip -o C:/Users/CST/Desktop/alu_new/alu_new/alu/comple32_test_isim_beh.exe -prj C:/Users/CST/Desktop/alu_new/alu_new/alu/comple32_test_beh.prj work.comple32_test work.glbl 
ISim P.20131013 (signature 0x8ef4fb42)
Number of CPUs detected in this system: 2
Turning on mult-threading, number of parallel sub-compilation jobs: 4 
Determining compilation order of HDL files
Analyzing Verilog file "C:/Users/CST/Desktop/alu_new/alu_new/alu/orig32.v" into library work
Analyzing Verilog file "C:/Users/CST/Desktop/alu_new/alu_new/alu/comple32.v" into library work
Analyzing Verilog file "C:/Users/CST/Desktop/alu_new/alu_new/alu/comple32_test.v" into library work
Analyzing Verilog file "C:/Xilinx/14.7/ISE_DS/ISE//verilog/src/glbl.v" into library work
Starting static elaboration
Completed static elaboration
Fuse Memory Usage: 105224 KB
Fuse CPU Usage: 264 ms
Compiling module orig33
Compiling module comple32
Compiling module comple32_test
Compiling module glbl
Time Resolution for simulation is 1ps.
Waiting for 1 sub-compilation(s) to finish...
Compiled 4 Verilog Units
Built simulation executable C:/Users/CST/Desktop/alu_new/alu_new/alu/comple32_test_isim_beh.exe
Fuse Memory Usage: 109816 KB
Fuse CPU Usage: 342 ms
